{"/Users/justin/Documents/Projects/bearcatjs/lib/beans/support/beanDefinition.js":{"path":"/Users/justin/Documents/Projects/bearcatjs/lib/beans/support/beanDefinition.js","s":{"1":1,"2":1,"3":1,"4":1,"5":533,"6":533,"7":533,"8":533,"9":533,"10":533,"11":533,"12":533,"13":533,"14":533,"15":533,"16":533,"17":533,"18":533,"19":533,"20":533,"21":533,"22":533,"23":1,"24":488,"25":1,"26":535,"27":531,"28":4,"29":1,"30":468,"31":1,"32":8,"33":1,"34":6,"35":1,"36":5,"37":1,"38":173,"39":1,"40":538,"41":1,"42":537,"43":1,"44":4,"45":3,"46":1,"47":1,"48":1,"49":536,"50":533,"51":3,"52":1,"53":4,"54":3,"55":1,"56":1,"57":1,"58":536,"59":533,"60":3,"61":1,"62":1,"63":1,"64":537,"65":1,"66":536,"67":1,"68":470,"69":1,"70":535,"71":535,"72":1,"73":518,"74":366,"75":152,"76":1,"77":1,"78":536,"79":536,"80":1,"81":160,"82":1,"83":536,"84":536,"85":1,"86":150,"87":2,"88":148,"89":2,"90":1,"91":535,"92":535,"93":1,"94":20,"95":20,"96":1,"97":451,"98":80,"99":371,"100":7,"101":1,"102":20,"103":1,"104":163,"105":1,"106":539,"107":513,"108":26,"109":1,"110":20,"111":1,"112":161,"113":1,"114":539,"115":523,"116":16,"117":1,"118":4,"119":1,"120":3,"121":1,"122":540,"123":539,"124":1,"125":1,"126":6,"127":5,"128":1,"129":1,"130":1,"131":536,"132":530,"133":6,"134":1,"135":14,"136":1,"137":13,"138":1,"139":1,"140":536,"141":534,"142":2,"143":1,"144":375,"145":1,"146":535,"147":528,"148":1,"149":133,"150":27,"151":106,"152":4,"153":1,"154":535,"155":8,"156":1,"157":861,"158":1,"159":15,"160":1,"161":164,"162":1,"163":163,"164":1,"165":1,"166":1,"167":43,"168":43,"169":43,"170":43,"171":69,"172":59,"173":43,"174":1},"b":{"1":[531,4],"2":[468,8],"3":[1,5],"4":[1,537],"5":[3,1],"6":[1,0],"7":[533,3],"8":[3,1],"9":[1,0],"10":[533,3],"11":[1,536],"12":[535,0],"13":[366,152],"14":[1,151],"15":[536,0],"16":[536,0],"17":[2,148],"18":[2,146],"19":[535,0],"20":[20,0],"21":[80,371],"22":[7,364],"23":[513,26],"24":[539,539,539],"25":[523,16],"26":[539,539,539],"27":[539,1],"28":[540,540,536],"29":[5,1],"30":[1,0],"31":[530,6],"32":[1,13],"33":[1,12],"34":[534,2],"35":[528,7],"36":[27,106],"37":[133,106],"38":[4,102],"39":[8,527],"40":[164,3],"41":[59,10]},"f":{"1":533,"2":488,"3":535,"4":468,"5":8,"6":6,"7":173,"8":538,"9":4,"10":536,"11":4,"12":536,"13":1,"14":537,"15":470,"16":535,"17":518,"18":536,"19":160,"20":536,"21":150,"22":535,"23":20,"24":451,"25":20,"26":163,"27":539,"28":20,"29":161,"30":539,"31":4,"32":3,"33":540,"34":6,"35":536,"36":14,"37":536,"38":375,"39":535,"40":133,"41":535,"42":861,"43":15,"44":164,"45":163,"46":1,"47":43},"fnMap":{"1":{"name":"(anonymous_1)","line":23,"loc":{"start":{"line":23,"column":21},"end":{"line":23,"column":32}}},"2":{"name":"(anonymous_2)","line":50,"loc":{"start":{"line":50,"column":41},"end":{"line":50,"column":52}}},"3":{"name":"(anonymous_3)","line":60,"loc":{"start":{"line":60,"column":41},"end":{"line":60,"column":62}}},"4":{"name":"(anonymous_4)","line":75,"loc":{"start":{"line":75,"column":41},"end":{"line":75,"column":52}}},"5":{"name":"(anonymous_5)","line":85,"loc":{"start":{"line":85,"column":41},"end":{"line":85,"column":52}}},"6":{"name":"(anonymous_6)","line":95,"loc":{"start":{"line":95,"column":41},"end":{"line":95,"column":62}}},"7":{"name":"(anonymous_7)","line":108,"loc":{"start":{"line":108,"column":39},"end":{"line":108,"column":50}}},"8":{"name":"(anonymous_8)","line":118,"loc":{"start":{"line":118,"column":39},"end":{"line":118,"column":58}}},"9":{"name":"(anonymous_9)","line":131,"loc":{"start":{"line":131,"column":46},"end":{"line":131,"column":57}}},"10":{"name":"(anonymous_10)","line":147,"loc":{"start":{"line":147,"column":46},"end":{"line":147,"column":72}}},"11":{"name":"(anonymous_11)","line":160,"loc":{"start":{"line":160,"column":48},"end":{"line":160,"column":59}}},"12":{"name":"(anonymous_12)","line":176,"loc":{"start":{"line":176,"column":48},"end":{"line":176,"column":76}}},"13":{"name":"(anonymous_13)","line":189,"loc":{"start":{"line":189,"column":36},"end":{"line":189,"column":47}}},"14":{"name":"(anonymous_14)","line":199,"loc":{"start":{"line":199,"column":36},"end":{"line":199,"column":52}}},"15":{"name":"(anonymous_15)","line":212,"loc":{"start":{"line":212,"column":38},"end":{"line":212,"column":49}}},"16":{"name":"(anonymous_16)","line":222,"loc":{"start":{"line":222,"column":39},"end":{"line":222,"column":58}}},"17":{"name":"(anonymous_17)","line":234,"loc":{"start":{"line":234,"column":38},"end":{"line":234,"column":49}}},"18":{"name":"(anonymous_18)","line":250,"loc":{"start":{"line":250,"column":39},"end":{"line":250,"column":58}}},"19":{"name":"(anonymous_19)","line":262,"loc":{"start":{"line":262,"column":37},"end":{"line":262,"column":48}}},"20":{"name":"(anonymous_20)","line":272,"loc":{"start":{"line":272,"column":36},"end":{"line":272,"column":52}}},"21":{"name":"(anonymous_21)","line":284,"loc":{"start":{"line":284,"column":39},"end":{"line":284,"column":50}}},"22":{"name":"(anonymous_22)","line":300,"loc":{"start":{"line":300,"column":40},"end":{"line":300,"column":60}}},"23":{"name":"(anonymous_23)","line":312,"loc":{"start":{"line":312,"column":37},"end":{"line":312,"column":54}}},"24":{"name":"(anonymous_24)","line":325,"loc":{"start":{"line":325,"column":36},"end":{"line":325,"column":47}}},"25":{"name":"(anonymous_25)","line":341,"loc":{"start":{"line":341,"column":36},"end":{"line":341,"column":47}}},"26":{"name":"(anonymous_26)","line":351,"loc":{"start":{"line":351,"column":38},"end":{"line":351,"column":49}}},"27":{"name":"(anonymous_27)","line":361,"loc":{"start":{"line":361,"column":38},"end":{"line":361,"column":56}}},"28":{"name":"(anonymous_28)","line":374,"loc":{"start":{"line":374,"column":35},"end":{"line":374,"column":46}}},"29":{"name":"(anonymous_29)","line":384,"loc":{"start":{"line":384,"column":37},"end":{"line":384,"column":48}}},"30":{"name":"(anonymous_30)","line":394,"loc":{"start":{"line":394,"column":37},"end":{"line":394,"column":54}}},"31":{"name":"(anonymous_31)","line":407,"loc":{"start":{"line":407,"column":42},"end":{"line":407,"column":53}}},"32":{"name":"(anonymous_32)","line":417,"loc":{"start":{"line":417,"column":44},"end":{"line":417,"column":55}}},"33":{"name":"(anonymous_33)","line":427,"loc":{"start":{"line":427,"column":44},"end":{"line":427,"column":68}}},"34":{"name":"(anonymous_34)","line":440,"loc":{"start":{"line":440,"column":45},"end":{"line":440,"column":56}}},"35":{"name":"(anonymous_35)","line":456,"loc":{"start":{"line":456,"column":45},"end":{"line":456,"column":70}}},"36":{"name":"(anonymous_36)","line":469,"loc":{"start":{"line":469,"column":48},"end":{"line":469,"column":59}}},"37":{"name":"(anonymous_37)","line":485,"loc":{"start":{"line":485,"column":48},"end":{"line":485,"column":76}}},"38":{"name":"(anonymous_38)","line":498,"loc":{"start":{"line":498,"column":35},"end":{"line":498,"column":46}}},"39":{"name":"(anonymous_39)","line":508,"loc":{"start":{"line":508,"column":35},"end":{"line":508,"column":50}}},"40":{"name":"(anonymous_40)","line":520,"loc":{"start":{"line":520,"column":36},"end":{"line":520,"column":47}}},"41":{"name":"(anonymous_41)","line":536,"loc":{"start":{"line":536,"column":36},"end":{"line":536,"column":52}}},"42":{"name":"(anonymous_42)","line":548,"loc":{"start":{"line":548,"column":39},"end":{"line":548,"column":50}}},"43":{"name":"(anonymous_43)","line":558,"loc":{"start":{"line":558,"column":39},"end":{"line":558,"column":50}}},"44":{"name":"(anonymous_44)","line":568,"loc":{"start":{"line":568,"column":42},"end":{"line":568,"column":53}}},"45":{"name":"(anonymous_45)","line":578,"loc":{"start":{"line":578,"column":41},"end":{"line":578,"column":52}}},"46":{"name":"(anonymous_46)","line":588,"loc":{"start":{"line":588,"column":37},"end":{"line":588,"column":48}}},"47":{"name":"(anonymous_47)","line":600,"loc":{"start":{"line":600,"column":44},"end":{"line":600,"column":86}}}},"statementMap":{"1":{"start":{"line":14,"column":0},"end":{"line":14,"column":46}},"2":{"start":{"line":15,"column":0},"end":{"line":15,"column":47}},"3":{"start":{"line":16,"column":0},"end":{"line":16,"column":40}},"4":{"start":{"line":23,"column":0},"end":{"line":42,"column":1}},"5":{"start":{"line":24,"column":1},"end":{"line":24,"column":18}},"6":{"start":{"line":25,"column":1},"end":{"line":25,"column":19}},"7":{"start":{"line":26,"column":1},"end":{"line":26,"column":18}},"8":{"start":{"line":27,"column":1},"end":{"line":27,"column":19}},"9":{"start":{"line":28,"column":1},"end":{"line":28,"column":19}},"10":{"start":{"line":29,"column":1},"end":{"line":29,"column":21}},"11":{"start":{"line":30,"column":1},"end":{"line":30,"column":23}},"12":{"start":{"line":31,"column":1},"end":{"line":31,"column":23}},"13":{"start":{"line":32,"column":1},"end":{"line":32,"column":24}},"14":{"start":{"line":33,"column":1},"end":{"line":33,"column":24}},"15":{"start":{"line":34,"column":1},"end":{"line":34,"column":24}},"16":{"start":{"line":35,"column":1},"end":{"line":35,"column":22}},"17":{"start":{"line":36,"column":1},"end":{"line":36,"column":25}},"18":{"start":{"line":37,"column":1},"end":{"line":37,"column":29}},"19":{"start":{"line":38,"column":1},"end":{"line":38,"column":31}},"20":{"start":{"line":39,"column":1},"end":{"line":39,"column":28}},"21":{"start":{"line":40,"column":1},"end":{"line":40,"column":31}},"22":{"start":{"line":41,"column":1},"end":{"line":41,"column":37}},"23":{"start":{"line":50,"column":0},"end":{"line":52,"column":1}},"24":{"start":{"line":51,"column":1},"end":{"line":51,"column":24}},"25":{"start":{"line":60,"column":0},"end":{"line":65,"column":1}},"26":{"start":{"line":61,"column":1},"end":{"line":63,"column":2}},"27":{"start":{"line":62,"column":2},"end":{"line":62,"column":9}},"28":{"start":{"line":64,"column":1},"end":{"line":64,"column":30}},"29":{"start":{"line":75,"column":0},"end":{"line":77,"column":1}},"30":{"start":{"line":76,"column":1},"end":{"line":76,"column":54}},"31":{"start":{"line":85,"column":0},"end":{"line":87,"column":1}},"32":{"start":{"line":86,"column":1},"end":{"line":86,"column":24}},"33":{"start":{"line":95,"column":0},"end":{"line":100,"column":1}},"34":{"start":{"line":96,"column":1},"end":{"line":98,"column":2}},"35":{"start":{"line":97,"column":2},"end":{"line":97,"column":9}},"36":{"start":{"line":99,"column":1},"end":{"line":99,"column":30}},"37":{"start":{"line":108,"column":0},"end":{"line":110,"column":1}},"38":{"start":{"line":109,"column":1},"end":{"line":109,"column":22}},"39":{"start":{"line":118,"column":0},"end":{"line":123,"column":1}},"40":{"start":{"line":119,"column":1},"end":{"line":121,"column":2}},"41":{"start":{"line":120,"column":2},"end":{"line":120,"column":9}},"42":{"start":{"line":122,"column":1},"end":{"line":122,"column":33}},"43":{"start":{"line":131,"column":0},"end":{"line":139,"column":1}},"44":{"start":{"line":132,"column":1},"end":{"line":138,"column":2}},"45":{"start":{"line":133,"column":2},"end":{"line":133,"column":30}},"46":{"start":{"line":135,"column":2},"end":{"line":137,"column":3}},"47":{"start":{"line":136,"column":3},"end":{"line":136,"column":42}},"48":{"start":{"line":147,"column":0},"end":{"line":152,"column":1}},"49":{"start":{"line":148,"column":1},"end":{"line":150,"column":2}},"50":{"start":{"line":149,"column":2},"end":{"line":149,"column":9}},"51":{"start":{"line":151,"column":1},"end":{"line":151,"column":40}},"52":{"start":{"line":160,"column":0},"end":{"line":168,"column":1}},"53":{"start":{"line":161,"column":1},"end":{"line":167,"column":2}},"54":{"start":{"line":162,"column":2},"end":{"line":162,"column":32}},"55":{"start":{"line":164,"column":2},"end":{"line":166,"column":3}},"56":{"start":{"line":165,"column":3},"end":{"line":165,"column":44}},"57":{"start":{"line":176,"column":0},"end":{"line":181,"column":1}},"58":{"start":{"line":177,"column":1},"end":{"line":179,"column":2}},"59":{"start":{"line":178,"column":2},"end":{"line":178,"column":9}},"60":{"start":{"line":180,"column":1},"end":{"line":180,"column":44}},"61":{"start":{"line":189,"column":0},"end":{"line":191,"column":1}},"62":{"start":{"line":190,"column":1},"end":{"line":190,"column":19}},"63":{"start":{"line":199,"column":0},"end":{"line":204,"column":1}},"64":{"start":{"line":200,"column":1},"end":{"line":202,"column":2}},"65":{"start":{"line":201,"column":2},"end":{"line":201,"column":9}},"66":{"start":{"line":203,"column":1},"end":{"line":203,"column":20}},"67":{"start":{"line":212,"column":0},"end":{"line":214,"column":1}},"68":{"start":{"line":213,"column":1},"end":{"line":213,"column":22}},"69":{"start":{"line":222,"column":0},"end":{"line":226,"column":1}},"70":{"start":{"line":223,"column":1},"end":{"line":225,"column":2}},"71":{"start":{"line":224,"column":2},"end":{"line":224,"column":27}},"72":{"start":{"line":234,"column":0},"end":{"line":242,"column":1}},"73":{"start":{"line":235,"column":1},"end":{"line":241,"column":2}},"74":{"start":{"line":236,"column":2},"end":{"line":236,"column":23}},"75":{"start":{"line":238,"column":2},"end":{"line":240,"column":3}},"76":{"start":{"line":239,"column":3},"end":{"line":239,"column":35}},"77":{"start":{"line":250,"column":0},"end":{"line":254,"column":1}},"78":{"start":{"line":251,"column":1},"end":{"line":253,"column":2}},"79":{"start":{"line":252,"column":2},"end":{"line":252,"column":27}},"80":{"start":{"line":262,"column":0},"end":{"line":264,"column":1}},"81":{"start":{"line":263,"column":1},"end":{"line":263,"column":19}},"82":{"start":{"line":272,"column":0},"end":{"line":276,"column":1}},"83":{"start":{"line":273,"column":1},"end":{"line":275,"column":2}},"84":{"start":{"line":274,"column":2},"end":{"line":274,"column":21}},"85":{"start":{"line":284,"column":0},"end":{"line":292,"column":1}},"86":{"start":{"line":285,"column":1},"end":{"line":291,"column":2}},"87":{"start":{"line":286,"column":2},"end":{"line":286,"column":24}},"88":{"start":{"line":288,"column":2},"end":{"line":290,"column":3}},"89":{"start":{"line":289,"column":3},"end":{"line":289,"column":36}},"90":{"start":{"line":300,"column":0},"end":{"line":304,"column":1}},"91":{"start":{"line":301,"column":1},"end":{"line":303,"column":2}},"92":{"start":{"line":302,"column":2},"end":{"line":302,"column":29}},"93":{"start":{"line":312,"column":0},"end":{"line":316,"column":1}},"94":{"start":{"line":313,"column":1},"end":{"line":315,"column":2}},"95":{"start":{"line":314,"column":2},"end":{"line":314,"column":23}},"96":{"start":{"line":325,"column":0},"end":{"line":333,"column":1}},"97":{"start":{"line":326,"column":1},"end":{"line":332,"column":2}},"98":{"start":{"line":327,"column":2},"end":{"line":327,"column":21}},"99":{"start":{"line":329,"column":2},"end":{"line":331,"column":3}},"100":{"start":{"line":330,"column":3},"end":{"line":330,"column":33}},"101":{"start":{"line":341,"column":0},"end":{"line":343,"column":1}},"102":{"start":{"line":342,"column":1},"end":{"line":342,"column":21}},"103":{"start":{"line":351,"column":0},"end":{"line":353,"column":1}},"104":{"start":{"line":352,"column":1},"end":{"line":352,"column":21}},"105":{"start":{"line":361,"column":0},"end":{"line":366,"column":1}},"106":{"start":{"line":362,"column":1},"end":{"line":364,"column":2}},"107":{"start":{"line":363,"column":2},"end":{"line":363,"column":9}},"108":{"start":{"line":365,"column":1},"end":{"line":365,"column":66}},"109":{"start":{"line":374,"column":0},"end":{"line":376,"column":1}},"110":{"start":{"line":375,"column":1},"end":{"line":375,"column":20}},"111":{"start":{"line":384,"column":0},"end":{"line":386,"column":1}},"112":{"start":{"line":385,"column":1},"end":{"line":385,"column":20}},"113":{"start":{"line":394,"column":0},"end":{"line":399,"column":1}},"114":{"start":{"line":395,"column":1},"end":{"line":397,"column":2}},"115":{"start":{"line":396,"column":2},"end":{"line":396,"column":9}},"116":{"start":{"line":398,"column":1},"end":{"line":398,"column":64}},"117":{"start":{"line":407,"column":0},"end":{"line":409,"column":1}},"118":{"start":{"line":408,"column":1},"end":{"line":408,"column":27}},"119":{"start":{"line":417,"column":0},"end":{"line":419,"column":1}},"120":{"start":{"line":418,"column":1},"end":{"line":418,"column":27}},"121":{"start":{"line":427,"column":0},"end":{"line":432,"column":1}},"122":{"start":{"line":428,"column":1},"end":{"line":430,"column":2}},"123":{"start":{"line":429,"column":2},"end":{"line":429,"column":9}},"124":{"start":{"line":431,"column":1},"end":{"line":431,"column":79}},"125":{"start":{"line":440,"column":0},"end":{"line":448,"column":1}},"126":{"start":{"line":441,"column":1},"end":{"line":447,"column":2}},"127":{"start":{"line":442,"column":2},"end":{"line":442,"column":29}},"128":{"start":{"line":444,"column":2},"end":{"line":446,"column":3}},"129":{"start":{"line":445,"column":3},"end":{"line":445,"column":41}},"130":{"start":{"line":456,"column":0},"end":{"line":461,"column":1}},"131":{"start":{"line":457,"column":1},"end":{"line":459,"column":2}},"132":{"start":{"line":458,"column":2},"end":{"line":458,"column":9}},"133":{"start":{"line":460,"column":1},"end":{"line":460,"column":38}},"134":{"start":{"line":469,"column":0},"end":{"line":477,"column":1}},"135":{"start":{"line":470,"column":1},"end":{"line":476,"column":2}},"136":{"start":{"line":471,"column":2},"end":{"line":471,"column":32}},"137":{"start":{"line":473,"column":2},"end":{"line":475,"column":3}},"138":{"start":{"line":474,"column":3},"end":{"line":474,"column":44}},"139":{"start":{"line":485,"column":0},"end":{"line":490,"column":1}},"140":{"start":{"line":486,"column":1},"end":{"line":488,"column":2}},"141":{"start":{"line":487,"column":2},"end":{"line":487,"column":9}},"142":{"start":{"line":489,"column":1},"end":{"line":489,"column":44}},"143":{"start":{"line":498,"column":0},"end":{"line":500,"column":1}},"144":{"start":{"line":499,"column":1},"end":{"line":499,"column":18}},"145":{"start":{"line":508,"column":0},"end":{"line":512,"column":1}},"146":{"start":{"line":509,"column":1},"end":{"line":511,"column":2}},"147":{"start":{"line":510,"column":2},"end":{"line":510,"column":19}},"148":{"start":{"line":520,"column":0},"end":{"line":528,"column":1}},"149":{"start":{"line":521,"column":1},"end":{"line":527,"column":2}},"150":{"start":{"line":522,"column":2},"end":{"line":522,"column":20}},"151":{"start":{"line":524,"column":2},"end":{"line":526,"column":3}},"152":{"start":{"line":525,"column":3},"end":{"line":525,"column":32}},"153":{"start":{"line":536,"column":0},"end":{"line":540,"column":1}},"154":{"start":{"line":537,"column":1},"end":{"line":539,"column":2}},"155":{"start":{"line":538,"column":2},"end":{"line":538,"column":21}},"156":{"start":{"line":548,"column":0},"end":{"line":550,"column":1}},"157":{"start":{"line":549,"column":1},"end":{"line":549,"column":48}},"158":{"start":{"line":558,"column":0},"end":{"line":560,"column":1}},"159":{"start":{"line":559,"column":1},"end":{"line":559,"column":48}},"160":{"start":{"line":568,"column":0},"end":{"line":570,"column":1}},"161":{"start":{"line":569,"column":1},"end":{"line":569,"column":89}},"162":{"start":{"line":578,"column":0},"end":{"line":580,"column":1}},"163":{"start":{"line":579,"column":1},"end":{"line":579,"column":45}},"164":{"start":{"line":588,"column":0},"end":{"line":590,"column":1}},"165":{"start":{"line":589,"column":1},"end":{"line":589,"column":41}},"166":{"start":{"line":600,"column":0},"end":{"line":613,"column":1}},"167":{"start":{"line":601,"column":1},"end":{"line":601,"column":36}},"168":{"start":{"line":603,"column":1},"end":{"line":603,"column":58}},"169":{"start":{"line":604,"column":1},"end":{"line":604,"column":62}},"170":{"start":{"line":606,"column":1},"end":{"line":610,"column":2}},"171":{"start":{"line":607,"column":2},"end":{"line":609,"column":3}},"172":{"start":{"line":608,"column":3},"end":{"line":608,"column":43}},"173":{"start":{"line":612,"column":1},"end":{"line":612,"column":67}},"174":{"start":{"line":615,"column":0},"end":{"line":615,"column":32}}},"branchMap":{"1":{"line":61,"type":"if","locations":[{"start":{"line":61,"column":1},"end":{"line":61,"column":1}},{"start":{"line":61,"column":1},"end":{"line":61,"column":1}}]},"2":{"line":76,"type":"binary-expr","locations":[{"start":{"line":76,"column":8},"end":{"line":76,"column":28}},{"start":{"line":76,"column":32},"end":{"line":76,"column":53}}]},"3":{"line":96,"type":"if","locations":[{"start":{"line":96,"column":1},"end":{"line":96,"column":1}},{"start":{"line":96,"column":1},"end":{"line":96,"column":1}}]},"4":{"line":119,"type":"if","locations":[{"start":{"line":119,"column":1},"end":{"line":119,"column":1}},{"start":{"line":119,"column":1},"end":{"line":119,"column":1}}]},"5":{"line":132,"type":"if","locations":[{"start":{"line":132,"column":1},"end":{"line":132,"column":1}},{"start":{"line":132,"column":1},"end":{"line":132,"column":1}}]},"6":{"line":135,"type":"if","locations":[{"start":{"line":135,"column":2},"end":{"line":135,"column":2}},{"start":{"line":135,"column":2},"end":{"line":135,"column":2}}]},"7":{"line":148,"type":"if","locations":[{"start":{"line":148,"column":1},"end":{"line":148,"column":1}},{"start":{"line":148,"column":1},"end":{"line":148,"column":1}}]},"8":{"line":161,"type":"if","locations":[{"start":{"line":161,"column":1},"end":{"line":161,"column":1}},{"start":{"line":161,"column":1},"end":{"line":161,"column":1}}]},"9":{"line":164,"type":"if","locations":[{"start":{"line":164,"column":2},"end":{"line":164,"column":2}},{"start":{"line":164,"column":2},"end":{"line":164,"column":2}}]},"10":{"line":177,"type":"if","locations":[{"start":{"line":177,"column":1},"end":{"line":177,"column":1}},{"start":{"line":177,"column":1},"end":{"line":177,"column":1}}]},"11":{"line":200,"type":"if","locations":[{"start":{"line":200,"column":1},"end":{"line":200,"column":1}},{"start":{"line":200,"column":1},"end":{"line":200,"column":1}}]},"12":{"line":223,"type":"if","locations":[{"start":{"line":223,"column":1},"end":{"line":223,"column":1}},{"start":{"line":223,"column":1},"end":{"line":223,"column":1}}]},"13":{"line":235,"type":"if","locations":[{"start":{"line":235,"column":1},"end":{"line":235,"column":1}},{"start":{"line":235,"column":1},"end":{"line":235,"column":1}}]},"14":{"line":238,"type":"if","locations":[{"start":{"line":238,"column":2},"end":{"line":238,"column":2}},{"start":{"line":238,"column":2},"end":{"line":238,"column":2}}]},"15":{"line":251,"type":"if","locations":[{"start":{"line":251,"column":1},"end":{"line":251,"column":1}},{"start":{"line":251,"column":1},"end":{"line":251,"column":1}}]},"16":{"line":273,"type":"if","locations":[{"start":{"line":273,"column":1},"end":{"line":273,"column":1}},{"start":{"line":273,"column":1},"end":{"line":273,"column":1}}]},"17":{"line":285,"type":"if","locations":[{"start":{"line":285,"column":1},"end":{"line":285,"column":1}},{"start":{"line":285,"column":1},"end":{"line":285,"column":1}}]},"18":{"line":288,"type":"if","locations":[{"start":{"line":288,"column":2},"end":{"line":288,"column":2}},{"start":{"line":288,"column":2},"end":{"line":288,"column":2}}]},"19":{"line":301,"type":"if","locations":[{"start":{"line":301,"column":1},"end":{"line":301,"column":1}},{"start":{"line":301,"column":1},"end":{"line":301,"column":1}}]},"20":{"line":313,"type":"if","locations":[{"start":{"line":313,"column":1},"end":{"line":313,"column":1}},{"start":{"line":313,"column":1},"end":{"line":313,"column":1}}]},"21":{"line":326,"type":"if","locations":[{"start":{"line":326,"column":1},"end":{"line":326,"column":1}},{"start":{"line":326,"column":1},"end":{"line":326,"column":1}}]},"22":{"line":329,"type":"if","locations":[{"start":{"line":329,"column":2},"end":{"line":329,"column":2}},{"start":{"line":329,"column":2},"end":{"line":329,"column":2}}]},"23":{"line":362,"type":"if","locations":[{"start":{"line":362,"column":1},"end":{"line":362,"column":1}},{"start":{"line":362,"column":1},"end":{"line":362,"column":1}}]},"24":{"line":362,"type":"binary-expr","locations":[{"start":{"line":362,"column":5},"end":{"line":362,"column":13}},{"start":{"line":362,"column":17},"end":{"line":362,"column":43}},{"start":{"line":362,"column":47},"end":{"line":362,"column":62}}]},"25":{"line":395,"type":"if","locations":[{"start":{"line":395,"column":1},"end":{"line":395,"column":1}},{"start":{"line":395,"column":1},"end":{"line":395,"column":1}}]},"26":{"line":395,"type":"binary-expr","locations":[{"start":{"line":395,"column":5},"end":{"line":395,"column":12}},{"start":{"line":395,"column":16},"end":{"line":395,"column":41}},{"start":{"line":395,"column":45},"end":{"line":395,"column":59}}]},"27":{"line":428,"type":"if","locations":[{"start":{"line":428,"column":1},"end":{"line":428,"column":1}},{"start":{"line":428,"column":1},"end":{"line":428,"column":1}}]},"28":{"line":428,"type":"binary-expr","locations":[{"start":{"line":428,"column":5},"end":{"line":428,"column":19}},{"start":{"line":428,"column":23},"end":{"line":428,"column":55}},{"start":{"line":428,"column":59},"end":{"line":428,"column":80}}]},"29":{"line":441,"type":"if","locations":[{"start":{"line":441,"column":1},"end":{"line":441,"column":1}},{"start":{"line":441,"column":1},"end":{"line":441,"column":1}}]},"30":{"line":444,"type":"if","locations":[{"start":{"line":444,"column":2},"end":{"line":444,"column":2}},{"start":{"line":444,"column":2},"end":{"line":444,"column":2}}]},"31":{"line":457,"type":"if","locations":[{"start":{"line":457,"column":1},"end":{"line":457,"column":1}},{"start":{"line":457,"column":1},"end":{"line":457,"column":1}}]},"32":{"line":470,"type":"if","locations":[{"start":{"line":470,"column":1},"end":{"line":470,"column":1}},{"start":{"line":470,"column":1},"end":{"line":470,"column":1}}]},"33":{"line":473,"type":"if","locations":[{"start":{"line":473,"column":2},"end":{"line":473,"column":2}},{"start":{"line":473,"column":2},"end":{"line":473,"column":2}}]},"34":{"line":486,"type":"if","locations":[{"start":{"line":486,"column":1},"end":{"line":486,"column":1}},{"start":{"line":486,"column":1},"end":{"line":486,"column":1}}]},"35":{"line":509,"type":"if","locations":[{"start":{"line":509,"column":1},"end":{"line":509,"column":1}},{"start":{"line":509,"column":1},"end":{"line":509,"column":1}}]},"36":{"line":521,"type":"if","locations":[{"start":{"line":521,"column":1},"end":{"line":521,"column":1}},{"start":{"line":521,"column":1},"end":{"line":521,"column":1}}]},"37":{"line":521,"type":"binary-expr","locations":[{"start":{"line":521,"column":5},"end":{"line":521,"column":15}},{"start":{"line":521,"column":19},"end":{"line":521,"column":34}}]},"38":{"line":524,"type":"if","locations":[{"start":{"line":524,"column":2},"end":{"line":524,"column":2}},{"start":{"line":524,"column":2},"end":{"line":524,"column":2}}]},"39":{"line":537,"type":"if","locations":[{"start":{"line":537,"column":1},"end":{"line":537,"column":1}},{"start":{"line":537,"column":1},"end":{"line":537,"column":1}}]},"40":{"line":569,"type":"binary-expr","locations":[{"start":{"line":569,"column":8},"end":{"line":569,"column":45}},{"start":{"line":569,"column":49},"end":{"line":569,"column":88}}]},"41":{"line":607,"type":"if","locations":[{"start":{"line":607,"column":2},"end":{"line":607,"column":2}},{"start":{"line":607,"column":2},"end":{"line":607,"column":2}}]}}},"/Users/justin/Documents/Projects/bearcatjs/lib/util/constant.js":{"path":"/Users/justin/Documents/Projects/bearcatjs/lib/util/constant.js","s":{"1":1},"b":{},"f":{"1":1},"fnMap":{"1":{"name":"(anonymous_1)","line":38,"loc":{"start":{"line":38,"column":18},"end":{"line":38,"column":29}}}},"statementMap":{"1":{"start":{"line":14,"column":0},"end":{"line":100,"column":1}}},"branchMap":{}},"/Users/justin/Documents/Projects/bearcatjs/lib/util/beanUtil.js":{"path":"/Users/justin/Documents/Projects/bearcatjs/lib/util/beanUtil.js","s":{"1":1,"2":1,"3":1,"4":1,"5":1617,"6":1617,"7":2,"8":1615,"9":72,"10":72,"11":72,"12":70,"13":72,"14":8,"15":72,"16":20,"17":72,"18":41,"19":72,"20":72,"21":1615,"22":1,"23":88,"24":88,"25":2,"26":86,"27":80,"28":80,"29":80,"30":1,"31":79,"32":86,"33":1,"34":44,"35":44,"36":1,"37":43,"38":69,"39":43,"40":1,"41":61,"42":61,"43":541,"44":541,"45":150,"46":2,"47":150,"48":61,"49":61,"50":1},"b":{"1":[2,1615],"2":[70,2],"3":[8,64],"4":[20,52],"5":[41,31],"6":[2,86],"7":[1,79],"8":[1,43],"9":[150,391],"10":[541,517,151],"11":[2,148]},"f":{"1":1617,"2":88,"3":44,"4":61},"fnMap":{"1":{"name":"(anonymous_1)","line":26,"loc":{"start":{"line":26,"column":29},"end":{"line":26,"column":44}}},"2":{"name":"(anonymous_2)","line":68,"loc":{"start":{"line":68,"column":31},"end":{"line":68,"column":46}}},"3":{"name":"(anonymous_3)","line":93,"loc":{"start":{"line":93,"column":33},"end":{"line":93,"column":47}}},"4":{"name":"(anonymous_4)","line":114,"loc":{"start":{"line":114,"column":32},"end":{"line":114,"column":71}}}},"statementMap":{"1":{"start":{"line":14,"column":0},"end":{"line":14,"column":58}},"2":{"start":{"line":15,"column":0},"end":{"line":15,"column":31}},"3":{"start":{"line":17,"column":0},"end":{"line":17,"column":19}},"4":{"start":{"line":26,"column":0},"end":{"line":59,"column":1}},"5":{"start":{"line":27,"column":1},"end":{"line":27,"column":12}},"6":{"start":{"line":29,"column":1},"end":{"line":31,"column":2}},"7":{"start":{"line":30,"column":2},"end":{"line":30,"column":11}},"8":{"start":{"line":33,"column":1},"end":{"line":56,"column":2}},"9":{"start":{"line":34,"column":2},"end":{"line":34,"column":18}},"10":{"start":{"line":36,"column":2},"end":{"line":36,"column":35}},"11":{"start":{"line":37,"column":2},"end":{"line":39,"column":3}},"12":{"start":{"line":38,"column":3},"end":{"line":38,"column":28}},"13":{"start":{"line":41,"column":2},"end":{"line":43,"column":3}},"14":{"start":{"line":42,"column":3},"end":{"line":42,"column":28}},"15":{"start":{"line":45,"column":2},"end":{"line":47,"column":3}},"16":{"start":{"line":46,"column":3},"end":{"line":46,"column":30}},"17":{"start":{"line":49,"column":2},"end":{"line":51,"column":3}},"18":{"start":{"line":50,"column":3},"end":{"line":50,"column":26}},"19":{"start":{"line":53,"column":2},"end":{"line":53,"column":21}},"20":{"start":{"line":55,"column":2},"end":{"line":55,"column":19}},"21":{"start":{"line":58,"column":1},"end":{"line":58,"column":10}},"22":{"start":{"line":68,"column":0},"end":{"line":84,"column":1}},"23":{"start":{"line":69,"column":1},"end":{"line":69,"column":12}},"24":{"start":{"line":70,"column":1},"end":{"line":72,"column":2}},"25":{"start":{"line":71,"column":2},"end":{"line":71,"column":11}},"26":{"start":{"line":74,"column":1},"end":{"line":81,"column":2}},"27":{"start":{"line":75,"column":2},"end":{"line":75,"column":18}},"28":{"start":{"line":76,"column":2},"end":{"line":76,"column":25}},"29":{"start":{"line":77,"column":2},"end":{"line":79,"column":3}},"30":{"start":{"line":78,"column":3},"end":{"line":78,"column":12}},"31":{"start":{"line":80,"column":2},"end":{"line":80,"column":14}},"32":{"start":{"line":83,"column":1},"end":{"line":83,"column":10}},"33":{"start":{"line":93,"column":0},"end":{"line":105,"column":1}},"34":{"start":{"line":94,"column":1},"end":{"line":94,"column":12}},"35":{"start":{"line":96,"column":1},"end":{"line":98,"column":2}},"36":{"start":{"line":97,"column":2},"end":{"line":97,"column":11}},"37":{"start":{"line":100,"column":1},"end":{"line":102,"column":2}},"38":{"start":{"line":101,"column":2},"end":{"line":101,"column":20}},"39":{"start":{"line":104,"column":1},"end":{"line":104,"column":10}},"40":{"start":{"line":114,"column":0},"end":{"line":132,"column":1}},"41":{"start":{"line":115,"column":1},"end":{"line":115,"column":12}},"42":{"start":{"line":117,"column":1},"end":{"line":127,"column":2}},"43":{"start":{"line":118,"column":2},"end":{"line":118,"column":49}},"44":{"start":{"line":120,"column":2},"end":{"line":126,"column":3}},"45":{"start":{"line":121,"column":3},"end":{"line":123,"column":4}},"46":{"start":{"line":122,"column":4},"end":{"line":122,"column":77}},"47":{"start":{"line":125,"column":3},"end":{"line":125,"column":26}},"48":{"start":{"line":129,"column":1},"end":{"line":129,"column":28}},"49":{"start":{"line":131,"column":1},"end":{"line":131,"column":10}},"50":{"start":{"line":134,"column":0},"end":{"line":134,"column":27}}},"branchMap":{"1":{"line":29,"type":"if","locations":[{"start":{"line":29,"column":1},"end":{"line":29,"column":1}},{"start":{"line":29,"column":1},"end":{"line":29,"column":1}}]},"2":{"line":37,"type":"if","locations":[{"start":{"line":37,"column":2},"end":{"line":37,"column":2}},{"start":{"line":37,"column":2},"end":{"line":37,"column":2}}]},"3":{"line":41,"type":"if","locations":[{"start":{"line":41,"column":2},"end":{"line":41,"column":2}},{"start":{"line":41,"column":2},"end":{"line":41,"column":2}}]},"4":{"line":45,"type":"if","locations":[{"start":{"line":45,"column":2},"end":{"line":45,"column":2}},{"start":{"line":45,"column":2},"end":{"line":45,"column":2}}]},"5":{"line":49,"type":"if","locations":[{"start":{"line":49,"column":2},"end":{"line":49,"column":2}},{"start":{"line":49,"column":2},"end":{"line":49,"column":2}}]},"6":{"line":70,"type":"if","locations":[{"start":{"line":70,"column":1},"end":{"line":70,"column":1}},{"start":{"line":70,"column":1},"end":{"line":70,"column":1}}]},"7":{"line":77,"type":"if","locations":[{"start":{"line":77,"column":2},"end":{"line":77,"column":2}},{"start":{"line":77,"column":2},"end":{"line":77,"column":2}}]},"8":{"line":96,"type":"if","locations":[{"start":{"line":96,"column":1},"end":{"line":96,"column":1}},{"start":{"line":96,"column":1},"end":{"line":96,"column":1}}]},"9":{"line":120,"type":"if","locations":[{"start":{"line":120,"column":2},"end":{"line":120,"column":2}},{"start":{"line":120,"column":2},"end":{"line":120,"column":2}}]},"10":{"line":120,"type":"binary-expr","locations":[{"start":{"line":120,"column":6},"end":{"line":120,"column":34}},{"start":{"line":120,"column":38},"end":{"line":120,"column":66}},{"start":{"line":120,"column":70},"end":{"line":120,"column":98}}]},"11":{"line":121,"type":"if","locations":[{"start":{"line":121,"column":3},"end":{"line":121,"column":3}},{"start":{"line":121,"column":3},"end":{"line":121,"column":3}}]}}},"/Users/justin/Documents/Projects/bearcatjs/lib/beans/support/beanWrapper.js":{"path":"/Users/justin/Documents/Projects/bearcatjs/lib/beans/support/beanWrapper.js","s":{"1":1,"2":1,"3":1,"4":1,"5":79,"6":79,"7":79,"8":79,"9":79,"10":79,"11":1,"12":187,"13":1,"14":120,"15":1,"16":75,"17":1,"18":3,"19":1,"20":10,"21":1,"22":24,"23":1,"24":27,"25":1,"26":2,"27":2,"28":2,"29":1,"30":53,"31":1,"32":42,"33":1,"34":10,"35":1,"36":77,"37":77,"38":3,"39":77,"40":42,"41":77,"42":21,"43":77,"44":10,"45":8,"46":77,"47":1,"48":35,"49":1,"50":34,"51":1},"b":{"1":[3,74],"2":[42,35],"3":[21,56],"4":[10,67],"5":[8,2]},"f":{"1":79,"2":187,"3":120,"4":75,"5":3,"6":10,"7":24,"8":27,"9":2,"10":53,"11":42,"12":10,"13":77,"14":35,"15":34},"fnMap":{"1":{"name":"(anonymous_1)","line":24,"loc":{"start":{"line":24,"column":18},"end":{"line":24,"column":29}}},"2":{"name":"(anonymous_2)","line":39,"loc":{"start":{"line":39,"column":38},"end":{"line":39,"column":49}}},"3":{"name":"(anonymous_3)","line":49,"loc":{"start":{"line":49,"column":32},"end":{"line":49,"column":43}}},"4":{"name":"(anonymous_4)","line":59,"loc":{"start":{"line":59,"column":32},"end":{"line":59,"column":47}}},"5":{"name":"(anonymous_5)","line":69,"loc":{"start":{"line":69,"column":32},"end":{"line":69,"column":43}}},"6":{"name":"(anonymous_6)","line":79,"loc":{"start":{"line":79,"column":32},"end":{"line":79,"column":47}}},"7":{"name":"(anonymous_7)","line":89,"loc":{"start":{"line":89,"column":33},"end":{"line":89,"column":44}}},"8":{"name":"(anonymous_8)","line":99,"loc":{"start":{"line":99,"column":33},"end":{"line":99,"column":49}}},"9":{"name":"(anonymous_9)","line":111,"loc":{"start":{"line":111,"column":37},"end":{"line":111,"column":48}}},"10":{"name":"(anonymous_10)","line":123,"loc":{"start":{"line":123,"column":31},"end":{"line":123,"column":42}}},"11":{"name":"(anonymous_11)","line":133,"loc":{"start":{"line":133,"column":31},"end":{"line":133,"column":45}}},"12":{"name":"(anonymous_12)","line":143,"loc":{"start":{"line":143,"column":32},"end":{"line":143,"column":43}}},"13":{"name":"(anonymous_13)","line":152,"loc":{"start":{"line":152,"column":32},"end":{"line":152,"column":43}}},"14":{"name":"(anonymous_14)","line":182,"loc":{"start":{"line":182,"column":32},"end":{"line":182,"column":43}}},"15":{"name":"(anonymous_15)","line":192,"loc":{"start":{"line":192,"column":32},"end":{"line":192,"column":47}}}},"statementMap":{"1":{"start":{"line":14,"column":0},"end":{"line":14,"column":74}},"2":{"start":{"line":16,"column":0},"end":{"line":16,"column":46}},"3":{"start":{"line":17,"column":0},"end":{"line":17,"column":40}},"4":{"start":{"line":24,"column":0},"end":{"line":31,"column":1}},"5":{"start":{"line":25,"column":1},"end":{"line":25,"column":18}},"6":{"start":{"line":26,"column":1},"end":{"line":26,"column":18}},"7":{"start":{"line":27,"column":1},"end":{"line":27,"column":19}},"8":{"start":{"line":28,"column":1},"end":{"line":28,"column":17}},"9":{"start":{"line":29,"column":1},"end":{"line":29,"column":18}},"10":{"start":{"line":30,"column":1},"end":{"line":30,"column":18}},"11":{"start":{"line":39,"column":0},"end":{"line":41,"column":1}},"12":{"start":{"line":40,"column":1},"end":{"line":40,"column":18}},"13":{"start":{"line":49,"column":0},"end":{"line":51,"column":1}},"14":{"start":{"line":50,"column":1},"end":{"line":50,"column":18}},"15":{"start":{"line":59,"column":0},"end":{"line":61,"column":1}},"16":{"start":{"line":60,"column":1},"end":{"line":60,"column":18}},"17":{"start":{"line":69,"column":0},"end":{"line":71,"column":1}},"18":{"start":{"line":70,"column":1},"end":{"line":70,"column":18}},"19":{"start":{"line":79,"column":0},"end":{"line":81,"column":1}},"20":{"start":{"line":80,"column":1},"end":{"line":80,"column":18}},"21":{"start":{"line":89,"column":0},"end":{"line":91,"column":1}},"22":{"start":{"line":90,"column":1},"end":{"line":90,"column":19}},"23":{"start":{"line":99,"column":0},"end":{"line":101,"column":1}},"24":{"start":{"line":100,"column":1},"end":{"line":100,"column":20}},"25":{"start":{"line":111,"column":0},"end":{"line":115,"column":1}},"26":{"start":{"line":112,"column":1},"end":{"line":112,"column":24}},"27":{"start":{"line":113,"column":1},"end":{"line":113,"column":19}},"28":{"start":{"line":114,"column":1},"end":{"line":114,"column":14}},"29":{"start":{"line":123,"column":0},"end":{"line":125,"column":1}},"30":{"start":{"line":124,"column":1},"end":{"line":124,"column":17}},"31":{"start":{"line":133,"column":0},"end":{"line":135,"column":1}},"32":{"start":{"line":134,"column":1},"end":{"line":134,"column":16}},"33":{"start":{"line":143,"column":0},"end":{"line":145,"column":1}},"34":{"start":{"line":144,"column":1},"end":{"line":144,"column":18}},"35":{"start":{"line":152,"column":0},"end":{"line":174,"column":1}},"36":{"start":{"line":153,"column":1},"end":{"line":153,"column":39}},"37":{"start":{"line":155,"column":1},"end":{"line":157,"column":2}},"38":{"start":{"line":156,"column":2},"end":{"line":156,"column":36}},"39":{"start":{"line":159,"column":1},"end":{"line":161,"column":2}},"40":{"start":{"line":160,"column":2},"end":{"line":160,"column":35}},"41":{"start":{"line":163,"column":1},"end":{"line":165,"column":2}},"42":{"start":{"line":164,"column":2},"end":{"line":164,"column":36}},"43":{"start":{"line":167,"column":1},"end":{"line":171,"column":2}},"44":{"start":{"line":168,"column":2},"end":{"line":170,"column":3}},"45":{"start":{"line":169,"column":3},"end":{"line":169,"column":35}},"46":{"start":{"line":173,"column":1},"end":{"line":173,"column":18}},"47":{"start":{"line":182,"column":0},"end":{"line":184,"column":1}},"48":{"start":{"line":183,"column":1},"end":{"line":183,"column":18}},"49":{"start":{"line":192,"column":0},"end":{"line":194,"column":1}},"50":{"start":{"line":193,"column":1},"end":{"line":193,"column":18}},"51":{"start":{"line":196,"column":0},"end":{"line":196,"column":29}}},"branchMap":{"1":{"line":155,"type":"if","locations":[{"start":{"line":155,"column":1},"end":{"line":155,"column":1}},{"start":{"line":155,"column":1},"end":{"line":155,"column":1}}]},"2":{"line":159,"type":"if","locations":[{"start":{"line":159,"column":1},"end":{"line":159,"column":1}},{"start":{"line":159,"column":1},"end":{"line":159,"column":1}}]},"3":{"line":163,"type":"if","locations":[{"start":{"line":163,"column":1},"end":{"line":163,"column":1}},{"start":{"line":163,"column":1},"end":{"line":163,"column":1}}]},"4":{"line":167,"type":"if","locations":[{"start":{"line":167,"column":1},"end":{"line":167,"column":1}},{"start":{"line":167,"column":1},"end":{"line":167,"column":1}}]},"5":{"line":168,"type":"if","locations":[{"start":{"line":168,"column":2},"end":{"line":168,"column":2}},{"start":{"line":168,"column":2},"end":{"line":168,"column":2}}]}}},"/Users/justin/Documents/Projects/bearcatjs/lib/util/utils.js":{"path":"/Users/justin/Documents/Projects/bearcatjs/lib/util/utils.js","s":{"1":1,"2":1,"3":1,"4":1,"5":1,"6":1,"7":130,"8":2,"9":128,"10":128,"11":128,"12":1,"13":66,"14":66,"15":1,"16":0,"17":0,"18":1,"19":27,"20":10800,"21":1,"22":1,"23":1,"24":1,"25":1,"26":1,"27":1,"28":66,"29":66,"30":18,"31":66,"32":1,"33":17,"34":8,"35":9,"36":2,"37":7,"38":1,"39":6,"40":1,"41":5,"42":1,"43":4,"44":1,"45":3,"46":1,"47":12187,"48":5132,"49":7055,"50":1,"51":234,"52":1,"53":233,"54":233,"55":233,"56":231,"57":2,"58":2,"59":1,"60":3,"61":3,"62":3,"63":2,"64":1,"65":1,"66":1,"67":15,"68":1,"69":14,"70":14,"71":14,"72":14,"73":1,"74":53,"75":1,"76":52,"77":52,"78":52,"79":52,"80":1,"81":4,"82":1,"83":3,"84":2,"85":2,"86":2,"87":1,"88":159,"89":9,"90":159,"91":1,"92":158,"93":158,"94":158,"95":1,"96":166,"97":166,"98":1,"99":226,"100":226,"101":1,"102":142,"103":142,"104":141,"105":1,"106":1,"107":631,"108":430,"109":201,"110":165,"111":36,"112":1,"113":173,"114":31,"115":142,"116":30,"117":112,"118":103,"119":9,"120":2,"121":7,"122":1,"123":63,"124":63,"125":63,"126":63,"127":2320,"128":2320,"129":2320,"130":2320,"131":2320,"132":63,"133":1,"134":130,"135":1,"136":1,"137":1,"138":93,"139":1,"140":67,"141":0,"142":67,"143":1},"b":{"1":[2,128],"2":[1,0],"3":[8,9],"4":[2,7],"5":[1,6],"6":[1,5],"7":[1,4],"8":[1,3],"9":[5132,7055],"10":[12187,5490],"11":[1,233],"12":[1,14],"13":[1,52],"14":[1,3],"15":[2,0],"16":[9,150],"17":[1,158],"18":[166,0],"19":[226,0],"20":[141,1],"21":[430,201],"22":[165,36],"23":[31,142],"24":[30,112],"25":[103,9],"26":[2,7],"27":[1,0,0],"28":[93,93],"29":[0,67],"30":[67,0,0,0]},"f":{"1":130,"2":66,"3":0,"4":27,"5":10800,"6":66,"7":17,"8":12187,"9":234,"10":3,"11":15,"12":53,"13":4,"14":159,"15":166,"16":226,"17":142,"18":631,"19":173,"20":63,"21":130,"22":1,"23":93,"24":67},"fnMap":{"1":{"name":"(anonymous_1)","line":28,"loc":{"start":{"line":28,"column":22},"end":{"line":28,"column":37}}},"2":{"name":"(anonymous_2)","line":45,"loc":{"start":{"line":45,"column":23},"end":{"line":45,"column":38}}},"3":{"name":"(anonymous_3)","line":57,"loc":{"start":{"line":57,"column":24},"end":{"line":57,"column":39}}},"4":{"name":"(anonymous_4)","line":69,"loc":{"start":{"line":69,"column":15},"end":{"line":69,"column":30}}},"5":{"name":"(anonymous_5)","line":70,"loc":{"start":{"line":70,"column":8},"end":{"line":70,"column":22}}},"6":{"name":"(anonymous_6)","line":135,"loc":{"start":{"line":135,"column":25},"end":{"line":135,"column":39}}},"7":{"name":"(anonymous_7)","line":152,"loc":{"start":{"line":152,"column":18},"end":{"line":152,"column":33}}},"8":{"name":"(anonymous_8)","line":175,"loc":{"start":{"line":175,"column":18},"end":{"line":175,"column":34}}},"9":{"name":"(anonymous_9)","line":188,"loc":{"start":{"line":188,"column":18},"end":{"line":188,"column":34}}},"10":{"name":"(anonymous_10)","line":210,"loc":{"start":{"line":210,"column":21},"end":{"line":210,"column":37}}},"11":{"name":"(anonymous_11)","line":229,"loc":{"start":{"line":229,"column":20},"end":{"line":229,"column":43}}},"12":{"name":"(anonymous_12)","line":250,"loc":{"start":{"line":250,"column":21},"end":{"line":250,"column":44}}},"13":{"name":"(anonymous_13)","line":270,"loc":{"start":{"line":270,"column":24},"end":{"line":270,"column":41}}},"14":{"name":"(anonymous_14)","line":289,"loc":{"start":{"line":289,"column":22},"end":{"line":289,"column":43}}},"15":{"name":"(anonymous_15)","line":309,"loc":{"start":{"line":309,"column":15},"end":{"line":309,"column":30}}},"16":{"name":"(anonymous_16)","line":321,"loc":{"start":{"line":321,"column":14},"end":{"line":321,"column":29}}},"17":{"name":"(anonymous_17)","line":334,"loc":{"start":{"line":334,"column":20},"end":{"line":334,"column":47}}},"18":{"name":"(anonymous_18)","line":350,"loc":{"start":{"line":350,"column":23},"end":{"line":350,"column":38}}},"19":{"name":"(anonymous_19)","line":365,"loc":{"start":{"line":365,"column":21},"end":{"line":365,"column":36}}},"20":{"name":"(anonymous_20)","line":387,"loc":{"start":{"line":387,"column":18},"end":{"line":387,"column":33}}},"21":{"name":"(anonymous_21)","line":410,"loc":{"start":{"line":410,"column":21},"end":{"line":410,"column":32}}},"22":{"name":"(anonymous_22)","line":420,"loc":{"start":{"line":420,"column":23},"end":{"line":420,"column":34}}},"23":{"name":"(anonymous_23)","line":430,"loc":{"start":{"line":430,"column":30},"end":{"line":430,"column":42}}},"24":{"name":"(anonymous_24)","line":440,"loc":{"start":{"line":440,"column":24},"end":{"line":440,"column":35}}}},"statementMap":{"1":{"start":{"line":14,"column":0},"end":{"line":14,"column":43}},"2":{"start":{"line":15,"column":0},"end":{"line":15,"column":37}},"3":{"start":{"line":16,"column":0},"end":{"line":16,"column":37}},"4":{"start":{"line":17,"column":0},"end":{"line":17,"column":37}},"5":{"start":{"line":19,"column":0},"end":{"line":19,"column":15}},"6":{"start":{"line":28,"column":0},"end":{"line":36,"column":1}},"7":{"start":{"line":29,"column":1},"end":{"line":31,"column":2}},"8":{"start":{"line":30,"column":2},"end":{"line":30,"column":9}},"9":{"start":{"line":33,"column":1},"end":{"line":33,"column":27}},"10":{"start":{"line":34,"column":1},"end":{"line":34,"column":51}},"11":{"start":{"line":35,"column":1},"end":{"line":35,"column":13}},"12":{"start":{"line":45,"column":0},"end":{"line":48,"column":1}},"13":{"start":{"line":46,"column":1},"end":{"line":46,"column":37}},"14":{"start":{"line":47,"column":1},"end":{"line":47,"column":53}},"15":{"start":{"line":57,"column":0},"end":{"line":60,"column":1}},"16":{"start":{"line":58,"column":1},"end":{"line":58,"column":37}},"17":{"start":{"line":59,"column":1},"end":{"line":59,"column":54}},"18":{"start":{"line":69,"column":0},"end":{"line":73,"column":1}},"19":{"start":{"line":70,"column":1},"end":{"line":72,"column":2}},"20":{"start":{"line":71,"column":2},"end":{"line":71,"column":58}},"21":{"start":{"line":82,"column":0},"end":{"line":82,"column":58}},"22":{"start":{"line":91,"column":0},"end":{"line":91,"column":43}},"23":{"start":{"line":100,"column":0},"end":{"line":100,"column":47}},"24":{"start":{"line":108,"column":0},"end":{"line":108,"column":43}},"25":{"start":{"line":117,"column":0},"end":{"line":117,"column":43}},"26":{"start":{"line":126,"column":0},"end":{"line":126,"column":45}},"27":{"start":{"line":135,"column":0},"end":{"line":143,"column":1}},"28":{"start":{"line":136,"column":1},"end":{"line":136,"column":17}},"29":{"start":{"line":138,"column":1},"end":{"line":140,"column":2}},"30":{"start":{"line":139,"column":2},"end":{"line":139,"column":15}},"31":{"start":{"line":142,"column":1},"end":{"line":142,"column":13}},"32":{"start":{"line":152,"column":0},"end":{"line":166,"column":1}},"33":{"start":{"line":153,"column":1},"end":{"line":154,"column":14}},"34":{"start":{"line":154,"column":2},"end":{"line":154,"column":14}},"35":{"start":{"line":155,"column":1},"end":{"line":156,"column":14}},"36":{"start":{"line":156,"column":2},"end":{"line":156,"column":14}},"37":{"start":{"line":157,"column":1},"end":{"line":158,"column":14}},"38":{"start":{"line":158,"column":2},"end":{"line":158,"column":14}},"39":{"start":{"line":159,"column":1},"end":{"line":160,"column":14}},"40":{"start":{"line":160,"column":2},"end":{"line":160,"column":14}},"41":{"start":{"line":161,"column":1},"end":{"line":162,"column":14}},"42":{"start":{"line":162,"column":2},"end":{"line":162,"column":14}},"43":{"start":{"line":163,"column":1},"end":{"line":164,"column":14}},"44":{"start":{"line":164,"column":2},"end":{"line":164,"column":14}},"45":{"start":{"line":165,"column":1},"end":{"line":165,"column":14}},"46":{"start":{"line":175,"column":0},"end":{"line":179,"column":1}},"47":{"start":{"line":176,"column":1},"end":{"line":177,"column":14}},"48":{"start":{"line":177,"column":2},"end":{"line":177,"column":14}},"49":{"start":{"line":178,"column":1},"end":{"line":178,"column":14}},"50":{"start":{"line":188,"column":0},"end":{"line":201,"column":1}},"51":{"start":{"line":189,"column":1},"end":{"line":191,"column":2}},"52":{"start":{"line":190,"column":2},"end":{"line":190,"column":9}},"53":{"start":{"line":193,"column":1},"end":{"line":193,"column":20}},"54":{"start":{"line":194,"column":1},"end":{"line":200,"column":2}},"55":{"start":{"line":195,"column":2},"end":{"line":195,"column":27}},"56":{"start":{"line":196,"column":2},"end":{"line":196,"column":17}},"57":{"start":{"line":198,"column":2},"end":{"line":198,"column":23}},"58":{"start":{"line":199,"column":2},"end":{"line":199,"column":17}},"59":{"start":{"line":210,"column":0},"end":{"line":219,"column":1}},"60":{"start":{"line":211,"column":1},"end":{"line":211,"column":20}},"61":{"start":{"line":212,"column":1},"end":{"line":218,"column":2}},"62":{"start":{"line":213,"column":2},"end":{"line":213,"column":41}},"63":{"start":{"line":214,"column":2},"end":{"line":214,"column":17}},"64":{"start":{"line":216,"column":2},"end":{"line":216,"column":23}},"65":{"start":{"line":217,"column":2},"end":{"line":217,"column":17}},"66":{"start":{"line":229,"column":0},"end":{"line":240,"column":1}},"67":{"start":{"line":230,"column":1},"end":{"line":232,"column":2}},"68":{"start":{"line":231,"column":2},"end":{"line":231,"column":14}},"69":{"start":{"line":233,"column":1},"end":{"line":233,"column":35}},"70":{"start":{"line":235,"column":1},"end":{"line":235,"column":32}},"71":{"start":{"line":237,"column":1},"end":{"line":237,"column":33}},"72":{"start":{"line":239,"column":1},"end":{"line":239,"column":28}},"73":{"start":{"line":250,"column":0},"end":{"line":261,"column":1}},"74":{"start":{"line":251,"column":1},"end":{"line":253,"column":2}},"75":{"start":{"line":252,"column":2},"end":{"line":252,"column":14}},"76":{"start":{"line":255,"column":1},"end":{"line":255,"column":32}},"77":{"start":{"line":257,"column":1},"end":{"line":257,"column":33}},"78":{"start":{"line":259,"column":1},"end":{"line":259,"column":40}},"79":{"start":{"line":260,"column":1},"end":{"line":260,"column":14}},"80":{"start":{"line":270,"column":0},"end":{"line":281,"column":1}},"81":{"start":{"line":271,"column":1},"end":{"line":273,"column":2}},"82":{"start":{"line":272,"column":2},"end":{"line":272,"column":9}},"83":{"start":{"line":275,"column":1},"end":{"line":275,"column":42}},"84":{"start":{"line":276,"column":1},"end":{"line":278,"column":2}},"85":{"start":{"line":277,"column":2},"end":{"line":277,"column":35}},"86":{"start":{"line":280,"column":1},"end":{"line":280,"column":27}},"87":{"start":{"line":289,"column":0},"end":{"line":301,"column":2}},"88":{"start":{"line":290,"column":1},"end":{"line":292,"column":2}},"89":{"start":{"line":291,"column":2},"end":{"line":291,"column":24}},"90":{"start":{"line":294,"column":1},"end":{"line":296,"column":2}},"91":{"start":{"line":295,"column":2},"end":{"line":295,"column":15}},"92":{"start":{"line":298,"column":1},"end":{"line":298,"column":65}},"93":{"start":{"line":299,"column":1},"end":{"line":299,"column":31}},"94":{"start":{"line":300,"column":1},"end":{"line":300,"column":23}},"95":{"start":{"line":309,"column":0},"end":{"line":313,"column":2}},"96":{"start":{"line":310,"column":1},"end":{"line":312,"column":2}},"97":{"start":{"line":311,"column":2},"end":{"line":311,"column":42}},"98":{"start":{"line":321,"column":0},"end":{"line":325,"column":2}},"99":{"start":{"line":322,"column":1},"end":{"line":324,"column":2}},"100":{"start":{"line":323,"column":2},"end":{"line":323,"column":47}},"101":{"start":{"line":334,"column":0},"end":{"line":341,"column":2}},"102":{"start":{"line":335,"column":1},"end":{"line":335,"column":28}},"103":{"start":{"line":336,"column":1},"end":{"line":338,"column":2}},"104":{"start":{"line":337,"column":2},"end":{"line":337,"column":51}},"105":{"start":{"line":340,"column":1},"end":{"line":340,"column":11}},"106":{"start":{"line":350,"column":0},"end":{"line":356,"column":1}},"107":{"start":{"line":351,"column":1},"end":{"line":352,"column":11}},"108":{"start":{"line":352,"column":2},"end":{"line":352,"column":11}},"109":{"start":{"line":353,"column":1},"end":{"line":354,"column":12}},"110":{"start":{"line":354,"column":2},"end":{"line":354,"column":12}},"111":{"start":{"line":355,"column":1},"end":{"line":355,"column":36}},"112":{"start":{"line":365,"column":0},"end":{"line":379,"column":1}},"113":{"start":{"line":366,"column":1},"end":{"line":368,"column":2}},"114":{"start":{"line":367,"column":2},"end":{"line":367,"column":12}},"115":{"start":{"line":370,"column":1},"end":{"line":372,"column":2}},"116":{"start":{"line":371,"column":2},"end":{"line":371,"column":11}},"117":{"start":{"line":374,"column":1},"end":{"line":375,"column":11}},"118":{"start":{"line":375,"column":2},"end":{"line":375,"column":11}},"119":{"start":{"line":376,"column":1},"end":{"line":377,"column":12}},"120":{"start":{"line":377,"column":2},"end":{"line":377,"column":12}},"121":{"start":{"line":378,"column":1},"end":{"line":378,"column":36}},"122":{"start":{"line":387,"column":0},"end":{"line":402,"column":1}},"123":{"start":{"line":388,"column":1},"end":{"line":388,"column":18}},"124":{"start":{"line":389,"column":1},"end":{"line":389,"column":17}},"125":{"start":{"line":391,"column":1},"end":{"line":391,"column":30}},"126":{"start":{"line":393,"column":1},"end":{"line":399,"column":2}},"127":{"start":{"line":394,"column":2},"end":{"line":394,"column":20}},"128":{"start":{"line":395,"column":2},"end":{"line":395,"column":29}},"129":{"start":{"line":396,"column":2},"end":{"line":396,"column":30}},"130":{"start":{"line":397,"column":2},"end":{"line":397,"column":33}},"131":{"start":{"line":398,"column":2},"end":{"line":398,"column":23}},"132":{"start":{"line":401,"column":1},"end":{"line":401,"column":16}},"133":{"start":{"line":410,"column":0},"end":{"line":412,"column":1}},"134":{"start":{"line":411,"column":1},"end":{"line":411,"column":38}},"135":{"start":{"line":420,"column":0},"end":{"line":422,"column":1}},"136":{"start":{"line":421,"column":1},"end":{"line":421,"column":105}},"137":{"start":{"line":430,"column":0},"end":{"line":432,"column":1}},"138":{"start":{"line":431,"column":1},"end":{"line":431,"column":40}},"139":{"start":{"line":440,"column":0},"end":{"line":446,"column":1}},"140":{"start":{"line":441,"column":1},"end":{"line":443,"column":2}},"141":{"start":{"line":442,"column":2},"end":{"line":442,"column":14}},"142":{"start":{"line":445,"column":1},"end":{"line":445,"column":14}},"143":{"start":{"line":448,"column":0},"end":{"line":448,"column":23}}},"branchMap":{"1":{"line":29,"type":"if","locations":[{"start":{"line":29,"column":1},"end":{"line":29,"column":1}},{"start":{"line":29,"column":1},"end":{"line":29,"column":1}}]},"2":{"line":82,"type":"binary-expr","locations":[{"start":{"line":82,"column":19},"end":{"line":82,"column":32}},{"start":{"line":82,"column":36},"end":{"line":82,"column":57}}]},"3":{"line":153,"type":"if","locations":[{"start":{"line":153,"column":1},"end":{"line":153,"column":1}},{"start":{"line":153,"column":1},"end":{"line":153,"column":1}}]},"4":{"line":155,"type":"if","locations":[{"start":{"line":155,"column":1},"end":{"line":155,"column":1}},{"start":{"line":155,"column":1},"end":{"line":155,"column":1}}]},"5":{"line":157,"type":"if","locations":[{"start":{"line":157,"column":1},"end":{"line":157,"column":1}},{"start":{"line":157,"column":1},"end":{"line":157,"column":1}}]},"6":{"line":159,"type":"if","locations":[{"start":{"line":159,"column":1},"end":{"line":159,"column":1}},{"start":{"line":159,"column":1},"end":{"line":159,"column":1}}]},"7":{"line":161,"type":"if","locations":[{"start":{"line":161,"column":1},"end":{"line":161,"column":1}},{"start":{"line":161,"column":1},"end":{"line":161,"column":1}}]},"8":{"line":163,"type":"if","locations":[{"start":{"line":163,"column":1},"end":{"line":163,"column":1}},{"start":{"line":163,"column":1},"end":{"line":163,"column":1}}]},"9":{"line":176,"type":"if","locations":[{"start":{"line":176,"column":1},"end":{"line":176,"column":1}},{"start":{"line":176,"column":1},"end":{"line":176,"column":1}}]},"10":{"line":176,"type":"binary-expr","locations":[{"start":{"line":176,"column":5},"end":{"line":176,"column":33}},{"start":{"line":176,"column":37},"end":{"line":176,"column":51}}]},"11":{"line":189,"type":"if","locations":[{"start":{"line":189,"column":1},"end":{"line":189,"column":1}},{"start":{"line":189,"column":1},"end":{"line":189,"column":1}}]},"12":{"line":230,"type":"if","locations":[{"start":{"line":230,"column":1},"end":{"line":230,"column":1}},{"start":{"line":230,"column":1},"end":{"line":230,"column":1}}]},"13":{"line":251,"type":"if","locations":[{"start":{"line":251,"column":1},"end":{"line":251,"column":1}},{"start":{"line":251,"column":1},"end":{"line":251,"column":1}}]},"14":{"line":271,"type":"if","locations":[{"start":{"line":271,"column":1},"end":{"line":271,"column":1}},{"start":{"line":271,"column":1},"end":{"line":271,"column":1}}]},"15":{"line":276,"type":"if","locations":[{"start":{"line":276,"column":1},"end":{"line":276,"column":1}},{"start":{"line":276,"column":1},"end":{"line":276,"column":1}}]},"16":{"line":290,"type":"if","locations":[{"start":{"line":290,"column":1},"end":{"line":290,"column":1}},{"start":{"line":290,"column":1},"end":{"line":290,"column":1}}]},"17":{"line":294,"type":"if","locations":[{"start":{"line":294,"column":1},"end":{"line":294,"column":1}},{"start":{"line":294,"column":1},"end":{"line":294,"column":1}}]},"18":{"line":310,"type":"if","locations":[{"start":{"line":310,"column":1},"end":{"line":310,"column":1}},{"start":{"line":310,"column":1},"end":{"line":310,"column":1}}]},"19":{"line":322,"type":"if","locations":[{"start":{"line":322,"column":1},"end":{"line":322,"column":1}},{"start":{"line":322,"column":1},"end":{"line":322,"column":1}}]},"20":{"line":336,"type":"if","locations":[{"start":{"line":336,"column":1},"end":{"line":336,"column":1}},{"start":{"line":336,"column":1},"end":{"line":336,"column":1}}]},"21":{"line":351,"type":"if","locations":[{"start":{"line":351,"column":1},"end":{"line":351,"column":1}},{"start":{"line":351,"column":1},"end":{"line":351,"column":1}}]},"22":{"line":353,"type":"if","locations":[{"start":{"line":353,"column":1},"end":{"line":353,"column":1}},{"start":{"line":353,"column":1},"end":{"line":353,"column":1}}]},"23":{"line":366,"type":"if","locations":[{"start":{"line":366,"column":1},"end":{"line":366,"column":1}},{"start":{"line":366,"column":1},"end":{"line":366,"column":1}}]},"24":{"line":370,"type":"if","locations":[{"start":{"line":370,"column":1},"end":{"line":370,"column":1}},{"start":{"line":370,"column":1},"end":{"line":370,"column":1}}]},"25":{"line":374,"type":"if","locations":[{"start":{"line":374,"column":1},"end":{"line":374,"column":1}},{"start":{"line":374,"column":1},"end":{"line":374,"column":1}}]},"26":{"line":376,"type":"if","locations":[{"start":{"line":376,"column":1},"end":{"line":376,"column":1}},{"start":{"line":376,"column":1},"end":{"line":376,"column":1}}]},"27":{"line":421,"type":"binary-expr","locations":[{"start":{"line":421,"column":8},"end":{"line":421,"column":27}},{"start":{"line":421,"column":31},"end":{"line":421,"column":67}},{"start":{"line":421,"column":71},"end":{"line":421,"column":104}}]},"28":{"line":431,"type":"binary-expr","locations":[{"start":{"line":431,"column":8},"end":{"line":431,"column":18}},{"start":{"line":431,"column":22},"end":{"line":431,"column":39}}]},"29":{"line":441,"type":"if","locations":[{"start":{"line":441,"column":1},"end":{"line":441,"column":1}},{"start":{"line":441,"column":1},"end":{"line":441,"column":1}}]},"30":{"line":441,"type":"binary-expr","locations":[{"start":{"line":441,"column":5},"end":{"line":441,"column":30}},{"start":{"line":441,"column":34},"end":{"line":441,"column":36}},{"start":{"line":441,"column":40},"end":{"line":441,"column":46}},{"start":{"line":441,"column":50},"end":{"line":441,"column":65}}]}}},"/Users/justin/Documents/Projects/bearcatjs/lib/util/requireUtil.js":{"path":"/Users/justin/Documents/Projects/bearcatjs/lib/util/requireUtil.js","s":{"1":1,"2":1,"3":1,"4":1,"5":1,"6":1,"7":0,"8":1,"9":1,"10":1,"11":1,"12":0,"13":1,"14":4,"15":4,"16":4,"17":0,"18":1,"19":2,"20":2,"21":2,"22":0,"23":1},"b":{"1":[0,1],"2":[1,0],"3":[4,0],"4":[2,0]},"f":{"1":1,"2":1,"3":4,"4":2},"fnMap":{"1":{"name":"(anonymous_1)","line":18,"loc":{"start":{"line":18,"column":1},"end":{"line":18,"column":12}}},"2":{"name":"(anonymous_2)","line":31,"loc":{"start":{"line":31,"column":25},"end":{"line":31,"column":36}}},"3":{"name":"(anonymous_3)","line":45,"loc":{"start":{"line":45,"column":27},"end":{"line":45,"column":38}}},"4":{"name":"(anonymous_4)","line":59,"loc":{"start":{"line":59,"column":27},"end":{"line":59,"column":38}}}},"statementMap":{"1":{"start":{"line":14,"column":0},"end":{"line":14,"column":50}},"2":{"start":{"line":15,"column":0},"end":{"line":15,"column":22}},"3":{"start":{"line":17,"column":0},"end":{"line":17,"column":9}},"4":{"start":{"line":18,"column":0},"end":{"line":20,"column":5}},"5":{"start":{"line":19,"column":1},"end":{"line":19,"column":13}},"6":{"start":{"line":22,"column":0},"end":{"line":24,"column":1}},"7":{"start":{"line":23,"column":1},"end":{"line":23,"column":37}},"8":{"start":{"line":31,"column":0},"end":{"line":38,"column":1}},"9":{"start":{"line":32,"column":1},"end":{"line":32,"column":24}},"10":{"start":{"line":33,"column":1},"end":{"line":37,"column":2}},"11":{"start":{"line":34,"column":2},"end":{"line":34,"column":12}},"12":{"start":{"line":36,"column":2},"end":{"line":36,"column":25}},"13":{"start":{"line":45,"column":0},"end":{"line":52,"column":1}},"14":{"start":{"line":46,"column":1},"end":{"line":46,"column":28}},"15":{"start":{"line":47,"column":1},"end":{"line":51,"column":2}},"16":{"start":{"line":48,"column":2},"end":{"line":48,"column":14}},"17":{"start":{"line":50,"column":2},"end":{"line":50,"column":27}},"18":{"start":{"line":59,"column":0},"end":{"line":66,"column":1}},"19":{"start":{"line":60,"column":1},"end":{"line":60,"column":28}},"20":{"start":{"line":61,"column":1},"end":{"line":65,"column":2}},"21":{"start":{"line":62,"column":2},"end":{"line":62,"column":14}},"22":{"start":{"line":64,"column":2},"end":{"line":64,"column":27}},"23":{"start":{"line":68,"column":0},"end":{"line":68,"column":30}}},"branchMap":{"1":{"line":22,"type":"if","locations":[{"start":{"line":22,"column":0},"end":{"line":22,"column":0}},{"start":{"line":22,"column":0},"end":{"line":22,"column":0}}]},"2":{"line":33,"type":"if","locations":[{"start":{"line":33,"column":1},"end":{"line":33,"column":1}},{"start":{"line":33,"column":1},"end":{"line":33,"column":1}}]},"3":{"line":47,"type":"if","locations":[{"start":{"line":47,"column":1},"end":{"line":47,"column":1}},{"start":{"line":47,"column":1},"end":{"line":47,"column":1}}]},"4":{"line":61,"type":"if","locations":[{"start":{"line":61,"column":1},"end":{"line":61,"column":1}},{"start":{"line":61,"column":1},"end":{"line":61,"column":1}}]}}},"/Users/justin/Documents/Projects/bearcatjs/lib/util/fileUtil.js":{"path":"/Users/justin/Documents/Projects/bearcatjs/lib/util/fileUtil.js","s":{"1":1,"2":1,"3":1,"4":0,"5":1,"6":1,"7":1,"8":1,"9":1,"10":84,"11":1},"b":{"1":[1,0]},"f":{"1":0,"2":0,"3":0,"4":0},"fnMap":{"1":{"name":"(anonymous_1)","line":23,"loc":{"start":{"line":23,"column":22},"end":{"line":23,"column":33}}},"2":{"name":"(anonymous_2)","line":32,"loc":{"start":{"line":32,"column":17},"end":{"line":32,"column":28}}},"3":{"name":"(anonymous_3)","line":41,"loc":{"start":{"line":41,"column":24},"end":{"line":41,"column":35}}},"4":{"name":"(anonymous_4)","line":50,"loc":{"start":{"line":50,"column":23},"end":{"line":50,"column":34}}}},"statementMap":{"1":{"start":{"line":14,"column":0},"end":{"line":14,"column":23}},"2":{"start":{"line":16,"column":0},"end":{"line":16,"column":18}},"3":{"start":{"line":23,"column":0},"end":{"line":25,"column":1}},"4":{"start":{"line":24,"column":1},"end":{"line":24,"column":14}},"5":{"start":{"line":32,"column":0},"end":{"line":34,"column":1}},"6":{"start":{"line":41,"column":0},"end":{"line":43,"column":1}},"7":{"start":{"line":50,"column":0},"end":{"line":52,"column":1}},"8":{"start":{"line":54,"column":0},"end":{"line":58,"column":1}},"9":{"start":{"line":55,"column":1},"end":{"line":57,"column":2}},"10":{"start":{"line":56,"column":2},"end":{"line":56,"column":32}},"11":{"start":{"line":60,"column":0},"end":{"line":60,"column":26}}},"branchMap":{"1":{"line":54,"type":"if","locations":[{"start":{"line":54,"column":0},"end":{"line":54,"column":0}},{"start":{"line":54,"column":0},"end":{"line":54,"column":0}}]}}},"/Users/justin/Documents/Projects/bearcatjs/lib/beans/support/beanDefinitionVisitor.js":{"path":"/Users/justin/Documents/Projects/bearcatjs/lib/beans/support/beanDefinitionVisitor.js","s":{"1":1,"2":1,"3":1,"4":1,"5":3,"6":1,"7":1,"8":1,"9":8,"10":1,"11":9,"12":1,"13":1,"14":8,"15":8,"16":1,"17":16,"18":16,"19":16,"20":1,"21":16,"22":16,"23":0,"24":0,"25":0,"26":1,"27":16,"28":16,"29":8,"30":8,"31":8,"32":8,"33":8,"34":4,"35":1,"36":16,"37":16,"38":0,"39":0,"40":0,"41":0,"42":0,"43":0,"44":1},"b":{"1":[1,8],"2":[0,16],"3":[0,0],"4":[0,0],"5":[8,0],"6":[4,4],"7":[8,8],"8":[0,0],"9":[0,0],"10":[0,0]},"f":{"1":3,"2":1,"3":8,"4":9,"5":16,"6":16,"7":16,"8":16},"fnMap":{"1":{"name":"(anonymous_1)","line":22,"loc":{"start":{"line":22,"column":28},"end":{"line":22,"column":52}}},"2":{"name":"(anonymous_2)","line":32,"loc":{"start":{"line":32,"column":51},"end":{"line":32,"column":75}}},"3":{"name":"(anonymous_3)","line":42,"loc":{"start":{"line":42,"column":51},"end":{"line":42,"column":62}}},"4":{"name":"(anonymous_4)","line":52,"loc":{"start":{"line":52,"column":53},"end":{"line":52,"column":70}}},"5":{"name":"(anonymous_5)","line":69,"loc":{"start":{"line":69,"column":54},"end":{"line":69,"column":79}}},"6":{"name":"(anonymous_6)","line":81,"loc":{"start":{"line":81,"column":50},"end":{"line":81,"column":75}}},"7":{"name":"(anonymous_7)","line":98,"loc":{"start":{"line":98,"column":54},"end":{"line":98,"column":79}}},"8":{"name":"(anonymous_8)","line":118,"loc":{"start":{"line":118,"column":55},"end":{"line":118,"column":80}}}},"statementMap":{"1":{"start":{"line":13,"column":0},"end":{"line":13,"column":84}},"2":{"start":{"line":14,"column":0},"end":{"line":14,"column":46}},"3":{"start":{"line":15,"column":0},"end":{"line":15,"column":40}},"4":{"start":{"line":22,"column":0},"end":{"line":24,"column":1}},"5":{"start":{"line":23,"column":1},"end":{"line":23,"column":36}},"6":{"start":{"line":32,"column":0},"end":{"line":34,"column":1}},"7":{"start":{"line":33,"column":1},"end":{"line":33,"column":36}},"8":{"start":{"line":42,"column":0},"end":{"line":44,"column":1}},"9":{"start":{"line":43,"column":1},"end":{"line":43,"column":27}},"10":{"start":{"line":52,"column":0},"end":{"line":61,"column":1}},"11":{"start":{"line":53,"column":1},"end":{"line":56,"column":2}},"12":{"start":{"line":54,"column":2},"end":{"line":54,"column":51}},"13":{"start":{"line":55,"column":2},"end":{"line":55,"column":9}},"14":{"start":{"line":58,"column":1},"end":{"line":58,"column":72}},"15":{"start":{"line":60,"column":1},"end":{"line":60,"column":22}},"16":{"start":{"line":69,"column":0},"end":{"line":73,"column":1}},"17":{"start":{"line":70,"column":1},"end":{"line":70,"column":38}},"18":{"start":{"line":71,"column":1},"end":{"line":71,"column":42}},"19":{"start":{"line":72,"column":1},"end":{"line":72,"column":43}},"20":{"start":{"line":81,"column":0},"end":{"line":90,"column":1}},"21":{"start":{"line":82,"column":1},"end":{"line":82,"column":49}},"22":{"start":{"line":84,"column":1},"end":{"line":89,"column":2}},"23":{"start":{"line":85,"column":2},"end":{"line":85,"column":57}},"24":{"start":{"line":86,"column":2},"end":{"line":88,"column":3}},"25":{"start":{"line":87,"column":3},"end":{"line":87,"column":46}},"26":{"start":{"line":98,"column":0},"end":{"line":110,"column":1}},"27":{"start":{"line":99,"column":1},"end":{"line":99,"column":39}},"28":{"start":{"line":100,"column":1},"end":{"line":109,"column":2}},"29":{"start":{"line":101,"column":2},"end":{"line":101,"column":23}},"30":{"start":{"line":102,"column":2},"end":{"line":108,"column":3}},"31":{"start":{"line":103,"column":3},"end":{"line":103,"column":32}},"32":{"start":{"line":104,"column":3},"end":{"line":104,"column":54}},"33":{"start":{"line":105,"column":3},"end":{"line":107,"column":4}},"34":{"start":{"line":106,"column":4},"end":{"line":106,"column":34}},"35":{"start":{"line":118,"column":0},"end":{"line":130,"column":1}},"36":{"start":{"line":119,"column":1},"end":{"line":119,"column":37}},"37":{"start":{"line":120,"column":1},"end":{"line":129,"column":2}},"38":{"start":{"line":121,"column":2},"end":{"line":121,"column":22}},"39":{"start":{"line":122,"column":2},"end":{"line":128,"column":3}},"40":{"start":{"line":123,"column":3},"end":{"line":123,"column":32}},"41":{"start":{"line":124,"column":3},"end":{"line":124,"column":54}},"42":{"start":{"line":125,"column":3},"end":{"line":127,"column":4}},"43":{"start":{"line":126,"column":4},"end":{"line":126,"column":34}},"44":{"start":{"line":132,"column":0},"end":{"line":132,"column":39}}},"branchMap":{"1":{"line":53,"type":"if","locations":[{"start":{"line":53,"column":1},"end":{"line":53,"column":1}},{"start":{"line":53,"column":1},"end":{"line":53,"column":1}}]},"2":{"line":84,"type":"if","locations":[{"start":{"line":84,"column":1},"end":{"line":84,"column":1}},{"start":{"line":84,"column":1},"end":{"line":84,"column":1}}]},"3":{"line":86,"type":"if","locations":[{"start":{"line":86,"column":2},"end":{"line":86,"column":2}},{"start":{"line":86,"column":2},"end":{"line":86,"column":2}}]},"4":{"line":86,"type":"binary-expr","locations":[{"start":{"line":86,"column":6},"end":{"line":86,"column":33}},{"start":{"line":86,"column":37},"end":{"line":86,"column":66}}]},"5":{"line":102,"type":"if","locations":[{"start":{"line":102,"column":2},"end":{"line":102,"column":2}},{"start":{"line":102,"column":2},"end":{"line":102,"column":2}}]},"6":{"line":105,"type":"if","locations":[{"start":{"line":105,"column":3},"end":{"line":105,"column":3}},{"start":{"line":105,"column":3},"end":{"line":105,"column":3}}]},"7":{"line":105,"type":"binary-expr","locations":[{"start":{"line":105,"column":7},"end":{"line":105,"column":30}},{"start":{"line":105,"column":34},"end":{"line":105,"column":64}}]},"8":{"line":122,"type":"if","locations":[{"start":{"line":122,"column":2},"end":{"line":122,"column":2}},{"start":{"line":122,"column":2},"end":{"line":122,"column":2}}]},"9":{"line":125,"type":"if","locations":[{"start":{"line":125,"column":3},"end":{"line":125,"column":3}},{"start":{"line":125,"column":3},"end":{"line":125,"column":3}}]},"10":{"line":125,"type":"binary-expr","locations":[{"start":{"line":125,"column":7},"end":{"line":125,"column":30}},{"start":{"line":125,"column":34},"end":{"line":125,"column":64}}]}}},"/Users/justin/Documents/Projects/bearcatjs/lib/beans/support/placeHolderConfigurer.js":{"path":"/Users/justin/Documents/Projects/bearcatjs/lib/beans/support/placeHolderConfigurer.js","s":{"1":1,"2":1,"3":1,"4":1,"5":1,"6":1,"7":1,"8":1,"9":1,"10":1,"11":62,"12":62,"13":62,"14":62,"15":1,"16":66,"17":66,"18":1,"19":66,"20":66,"21":0,"22":66,"23":66,"24":1,"25":66,"26":18,"27":18,"28":1,"29":66,"30":66,"31":64,"32":2,"33":2,"34":1,"35":2,"36":2,"37":2,"38":16,"39":16,"40":1,"41":66,"42":1,"43":1,"44":1,"45":1,"46":1,"47":61,"48":1,"49":66,"50":1,"51":61,"52":1,"53":66,"54":1,"55":1,"56":1,"57":66,"58":1},"b":{"1":[0,66],"2":[66,0],"3":[18,0],"4":[64,2]},"f":{"1":1,"2":62,"3":66,"4":66,"5":66,"6":66,"7":2,"8":66,"9":1,"10":1,"11":61,"12":66,"13":61,"14":66,"15":1,"16":66},"fnMap":{"1":{"name":"(anonymous_1)","line":23,"loc":{"start":{"line":23,"column":1},"end":{"line":23,"column":12}}},"2":{"name":"(anonymous_2)","line":32,"loc":{"start":{"line":32,"column":28},"end":{"line":32,"column":39}}},"3":{"name":"(anonymous_3)","line":45,"loc":{"start":{"line":45,"column":57},"end":{"line":45,"column":79}}},"4":{"name":"(anonymous_4)","line":56,"loc":{"start":{"line":56,"column":49},"end":{"line":56,"column":60}}},"5":{"name":"(anonymous_5)","line":74,"loc":{"start":{"line":74,"column":50},"end":{"line":74,"column":71}}},"6":{"name":"(anonymous_6)","line":88,"loc":{"start":{"line":88,"column":52},"end":{"line":88,"column":74}}},"7":{"name":"(anonymous_7)","line":105,"loc":{"start":{"line":105,"column":54},"end":{"line":105,"column":91}}},"8":{"name":"(anonymous_8)","line":122,"loc":{"start":{"line":122,"column":54},"end":{"line":122,"column":65}}},"9":{"name":"(anonymous_9)","line":132,"loc":{"start":{"line":132,"column":46},"end":{"line":132,"column":65}}},"10":{"name":"(anonymous_10)","line":142,"loc":{"start":{"line":142,"column":46},"end":{"line":142,"column":57}}},"11":{"name":"(anonymous_11)","line":152,"loc":{"start":{"line":152,"column":41},"end":{"line":152,"column":55}}},"12":{"name":"(anonymous_12)","line":162,"loc":{"start":{"line":162,"column":41},"end":{"line":162,"column":52}}},"13":{"name":"(anonymous_13)","line":172,"loc":{"start":{"line":172,"column":48},"end":{"line":172,"column":64}}},"14":{"name":"(anonymous_14)","line":182,"loc":{"start":{"line":182,"column":48},"end":{"line":182,"column":59}}},"15":{"name":"(anonymous_15)","line":192,"loc":{"start":{"line":192,"column":48},"end":{"line":192,"column":69}}},"16":{"name":"(anonymous_16)","line":202,"loc":{"start":{"line":202,"column":48},"end":{"line":202,"column":59}}}},"statementMap":{"1":{"start":{"line":14,"column":0},"end":{"line":14,"column":66}},"2":{"start":{"line":15,"column":0},"end":{"line":15,"column":63}},"3":{"start":{"line":16,"column":0},"end":{"line":16,"column":59}},"4":{"start":{"line":17,"column":0},"end":{"line":17,"column":46}},"5":{"start":{"line":18,"column":0},"end":{"line":18,"column":40}},"6":{"start":{"line":20,"column":0},"end":{"line":20,"column":50}},"7":{"start":{"line":22,"column":0},"end":{"line":22,"column":9}},"8":{"start":{"line":23,"column":0},"end":{"line":25,"column":5}},"9":{"start":{"line":24,"column":1},"end":{"line":24,"column":13}},"10":{"start":{"line":32,"column":0},"end":{"line":37,"column":1}},"11":{"start":{"line":33,"column":1},"end":{"line":33,"column":22}},"12":{"start":{"line":34,"column":1},"end":{"line":34,"column":33}},"13":{"start":{"line":35,"column":1},"end":{"line":35,"column":32}},"14":{"start":{"line":36,"column":1},"end":{"line":36,"column":22}},"15":{"start":{"line":45,"column":0},"end":{"line":49,"column":1}},"16":{"start":{"line":46,"column":1},"end":{"line":46,"column":23}},"17":{"start":{"line":48,"column":1},"end":{"line":48,"column":37}},"18":{"start":{"line":56,"column":0},"end":{"line":66,"column":1}},"19":{"start":{"line":57,"column":1},"end":{"line":57,"column":23}},"20":{"start":{"line":59,"column":1},"end":{"line":63,"column":2}},"21":{"start":{"line":60,"column":2},"end":{"line":60,"column":47}},"22":{"start":{"line":62,"column":2},"end":{"line":62,"column":94}},"23":{"start":{"line":65,"column":1},"end":{"line":65,"column":34}},"24":{"start":{"line":74,"column":0},"end":{"line":80,"column":1}},"25":{"start":{"line":75,"column":1},"end":{"line":79,"column":2}},"26":{"start":{"line":76,"column":2},"end":{"line":78,"column":3}},"27":{"start":{"line":77,"column":3},"end":{"line":77,"column":42}},"28":{"start":{"line":88,"column":0},"end":{"line":96,"column":1}},"29":{"start":{"line":89,"column":1},"end":{"line":89,"column":39}},"30":{"start":{"line":90,"column":1},"end":{"line":92,"column":2}},"31":{"start":{"line":91,"column":2},"end":{"line":91,"column":9}},"32":{"start":{"line":94,"column":1},"end":{"line":94,"column":57}},"33":{"start":{"line":95,"column":1},"end":{"line":95,"column":54}},"34":{"start":{"line":105,"column":0},"end":{"line":114,"column":1}},"35":{"start":{"line":106,"column":1},"end":{"line":106,"column":56}},"36":{"start":{"line":107,"column":1},"end":{"line":107,"column":56}},"37":{"start":{"line":109,"column":1},"end":{"line":113,"column":2}},"38":{"start":{"line":110,"column":2},"end":{"line":110,"column":37}},"39":{"start":{"line":112,"column":2},"end":{"line":112,"column":34}},"40":{"start":{"line":122,"column":0},"end":{"line":124,"column":1}},"41":{"start":{"line":123,"column":1},"end":{"line":123,"column":31}},"42":{"start":{"line":132,"column":0},"end":{"line":134,"column":1}},"43":{"start":{"line":133,"column":1},"end":{"line":133,"column":26}},"44":{"start":{"line":142,"column":0},"end":{"line":144,"column":1}},"45":{"start":{"line":143,"column":1},"end":{"line":143,"column":22}},"46":{"start":{"line":152,"column":0},"end":{"line":154,"column":1}},"47":{"start":{"line":153,"column":1},"end":{"line":153,"column":16}},"48":{"start":{"line":162,"column":0},"end":{"line":164,"column":1}},"49":{"start":{"line":163,"column":1},"end":{"line":163,"column":17}},"50":{"start":{"line":172,"column":0},"end":{"line":174,"column":1}},"51":{"start":{"line":173,"column":1},"end":{"line":173,"column":20}},"52":{"start":{"line":182,"column":0},"end":{"line":184,"column":1}},"53":{"start":{"line":183,"column":1},"end":{"line":183,"column":19}},"54":{"start":{"line":192,"column":0},"end":{"line":194,"column":1}},"55":{"start":{"line":193,"column":1},"end":{"line":193,"column":30}},"56":{"start":{"line":202,"column":0},"end":{"line":204,"column":1}},"57":{"start":{"line":203,"column":1},"end":{"line":203,"column":24}},"58":{"start":{"line":206,"column":0},"end":{"line":206,"column":39}}},"branchMap":{"1":{"line":59,"type":"if","locations":[{"start":{"line":59,"column":1},"end":{"line":59,"column":1}},{"start":{"line":59,"column":1},"end":{"line":59,"column":1}}]},"2":{"line":59,"type":"binary-expr","locations":[{"start":{"line":59,"column":5},"end":{"line":59,"column":25}},{"start":{"line":59,"column":29},"end":{"line":59,"column":60}}]},"3":{"line":76,"type":"if","locations":[{"start":{"line":76,"column":2},"end":{"line":76,"column":2}},{"start":{"line":76,"column":2},"end":{"line":76,"column":2}}]},"4":{"line":90,"type":"if","locations":[{"start":{"line":90,"column":1},"end":{"line":90,"column":1}},{"start":{"line":90,"column":1},"end":{"line":90,"column":1}}]}}},"/Users/justin/Documents/Projects/bearcatjs/lib/resource/propertiesLoader.js":{"path":"/Users/justin/Documents/Projects/bearcatjs/lib/resource/propertiesLoader.js","s":{"1":1,"2":1,"3":1,"4":1,"5":1,"6":1,"7":66,"8":66,"9":66,"10":66,"11":1,"12":134,"13":129,"14":5,"15":1,"16":4,"17":4,"18":4,"19":4,"20":4,"21":10,"22":10,"23":10,"24":5,"25":5,"26":5,"27":1,"28":4,"29":18,"30":18},"b":{"1":[129,5],"2":[1,4],"3":[4,0],"4":[5,5],"5":[10,6,6],"6":[1,4],"7":[5,5],"8":[18,0]},"f":{"1":67,"2":66,"3":134},"fnMap":{"1":{"name":"(anonymous_1)","line":23,"loc":{"start":{"line":23,"column":23},"end":{"line":23,"column":34}}},"2":{"name":"(anonymous_2)","line":37,"loc":{"start":{"line":37,"column":44},"end":{"line":37,"column":65}}},"3":{"name":"(anonymous_3)","line":53,"l
[...]
ne":298,"column":8},"end":{"line":298,"column":59}},"99":{"start":{"line":300,"column":8},"end":{"line":300,"column":34}},"100":{"start":{"line":317,"column":0},"end":{"line":323,"column":2}},"101":{"start":{"line":318,"column":1},"end":{"line":322,"column":2}},"102":{"start":{"line":319,"column":2},"end":{"line":319,"column":55}},"103":{"start":{"line":321,"column":2},"end":{"line":321,"column":28}},"104":{"start":{"line":350,"column":0},"end":{"line":370,"column":2}},"105":{"start":{"line":351,"column":1},"end":{"line":354,"column":2}},"106":{"start":{"line":352,"column":2},"end":{"line":352,"column":109}},"107":{"start":{"line":353,"column":2},"end":{"line":353,"column":9}},"108":{"start":{"line":356,"column":1},"end":{"line":356,"column":25}},"109":{"start":{"line":357,"column":1},"end":{"line":357,"column":15}},"110":{"start":{"line":358,"column":1},"end":{"line":367,"column":2}},"111":{"start":{"line":359,"column":2},"end":{"line":359,"column":25}},"112":{"start":{"line":360,"column":8},"end":{"line":367,"column":2}},"113":{"start":{"line":361,"column":2},"end":{"line":361,"column":25}},"114":{"start":{"line":362,"column":8},"end":{"line":367,"column":2}},"115":{"start":{"line":363,"column":2},"end":{"line":363,"column":19}},"116":{"start":{"line":365,"column":2},"end":{"line":365,"column":85}},"117":{"start":{"line":366,"column":2},"end":{"line":366,"column":9}},"118":{"start":{"line":369,"column":1},"end":{"line":369,"column":80}},"119":{"start":{"line":386,"column":0},"end":{"line":393,"column":2}},"120":{"start":{"line":387,"column":1},"end":{"line":390,"column":2}},"121":{"start":{"line":388,"column":2},"end":{"line":388,"column":113}},"122":{"start":{"line":389,"column":2},"end":{"line":389,"column":9}},"123":{"start":{"line":392,"column":1},"end":{"line":392,"column":58}},"124":{"start":{"line":409,"column":0},"end":{"line":416,"column":2}},"125":{"start":{"line":410,"column":1},"end":{"line":413,"column":2}},"126":{"start":{"line":411,"column":2},"end":{"line":411,"column":109}},"127":{"start":{"line":412,"column":2},"end":{"line":412,"column":9}},"128":{"start":{"line":415,"column":1},"end":{"line":415,"column":50}},"129":{"start":{"line":433,"column":0},"end":{"line":440,"column":2}},"130":{"start":{"line":434,"column":1},"end":{"line":436,"column":2}},"131":{"start":{"line":435,"column":2},"end":{"line":435,"column":9}},"132":{"start":{"line":438,"column":1},"end":{"line":438,"column":35}},"133":{"start":{"line":439,"column":1},"end":{"line":439,"column":32}},"134":{"start":{"line":442,"column":0},"end":{"line":442,"column":25}}},"branchMap":{"1":{"line":69,"type":"if","locations":[{"start":{"line":69,"column":1},"end":{"line":69,"column":1}},{"start":{"line":69,"column":1},"end":{"line":69,"column":1}}]},"2":{"line":73,"type":"if","locations":[{"start":{"line":73,"column":1},"end":{"line":73,"column":1}},{"start":{"line":73,"column":1},"end":{"line":73,"column":1}}]},"3":{"line":73,"type":"binary-expr","locations":[{"start":{"line":73,"column":5},"end":{"line":73,"column":39}},{"start":{"line":73,"column":43},"end":{"line":73,"column":77}}]},"4":{"line":78,"type":"binary-expr","locations":[{"start":{"line":78,"column":13},"end":{"line":78,"column":17}},{"start":{"line":78,"column":21},"end":{"line":78,"column":23}}]},"5":{"line":79,"type":"binary-expr","locations":[{"start":{"line":79,"column":24},"end":{"line":79,"column":39}},{"start":{"line":79,"column":43},"end":{"line":79,"column":45}}]},"6":{"line":81,"type":"if","locations":[{"start":{"line":81,"column":1},"end":{"line":81,"column":1}},{"start":{"line":81,"column":1},"end":{"line":81,"column":1}}]},"7":{"line":86,"type":"if","locations":[{"start":{"line":86,"column":1},"end":{"line":86,"column":1}},{"start":{"line":86,"column":1},"end":{"line":86,"column":1}}]},"8":{"line":103,"type":"if","locations":[{"start":{"line":103,"column":1},"end":{"line":103,"column":1}},{"start":{"line":103,"column":1},"end":{"line":103,"column":1}}]},"9":{"line":107,"type":"if","locations":[{"start":{"line":107,"column":1},"end":{"line":107,"column":1}},{"start":{"line":107,"column":1},"end":{"line":107,"column":1}}]},"10":{"line":112,"type":"if","locations":[{"start":{"line":112,"column":1},"end":{"line":112,"column":1}},{"start":{"line":112,"column":1},"end":{"line":112,"column":1}}]},"11":{"line":123,"type":"if","locations":[{"start":{"line":123,"column":1},"end":{"line":123,"column":1}},{"start":{"line":123,"column":1},"end":{"line":123,"column":1}}]},"12":{"line":128,"type":"if","locations":[{"start":{"line":128,"column":1},"end":{"line":128,"column":1}},{"start":{"line":128,"column":1},"end":{"line":128,"column":1}}]},"13":{"line":154,"type":"if","locations":[{"start":{"line":154,"column":1},"end":{"line":154,"column":1}},{"start":{"line":154,"column":1},"end":{"line":154,"column":1}}]},"14":{"line":170,"type":"if","locations":[{"start":{"line":170,"column":1},"end":{"line":170,"column":1}},{"start":{"line":170,"column":1},"end":{"line":170,"column":1}}]},"15":{"line":185,"type":"if","locations":[{"start":{"line":185,"column":1},"end":{"line":185,"column":1}},{"start":{"line":185,"column":1},"end":{"line":185,"column":1}}]},"16":{"line":207,"type":"if","locations":[{"start":{"line":207,"column":1},"end":{"line":207,"column":1}},{"start":{"line":207,"column":1},"end":{"line":207,"column":1}}]},"17":{"line":229,"type":"if","locations":[{"start":{"line":229,"column":1},"end":{"line":229,"column":1}},{"start":{"line":229,"column":1},"end":{"line":229,"column":1}}]},"18":{"line":249,"type":"if","locations":[{"start":{"line":249,"column":1},"end":{"line":249,"column":1}},{"start":{"line":249,"column":1},"end":{"line":249,"column":1}}]},"19":{"line":253,"type":"if","locations":[{"start":{"line":253,"column":1},"end":{"line":253,"column":1}},{"start":{"line":253,"column":1},"end":{"line":253,"column":1}}]},"20":{"line":272,"type":"if","locations":[{"start":{"line":272,"column":1},"end":{"line":272,"column":1}},{"start":{"line":272,"column":1},"end":{"line":272,"column":1}}]},"21":{"line":276,"type":"if","locations":[{"start":{"line":276,"column":1},"end":{"line":276,"column":1}},{"start":{"line":276,"column":1},"end":{"line":276,"column":1}}]},"22":{"line":297,"type":"if","locations":[{"start":{"line":297,"column":4},"end":{"line":297,"column":4}},{"start":{"line":297,"column":4},"end":{"line":297,"column":4}}]},"23":{"line":318,"type":"if","locations":[{"start":{"line":318,"column":1},"end":{"line":318,"column":1}},{"start":{"line":318,"column":1},"end":{"line":318,"column":1}}]},"24":{"line":351,"type":"if","locations":[{"start":{"line":351,"column":1},"end":{"line":351,"column":1}},{"start":{"line":351,"column":1},"end":{"line":351,"column":1}}]},"25":{"line":358,"type":"if","locations":[{"start":{"line":358,"column":1},"end":{"line":358,"column":1}},{"start":{"line":358,"column":1},"end":{"line":358,"column":1}}]},"26":{"line":360,"type":"if","locations":[{"start":{"line":360,"column":8},"end":{"line":360,"column":8}},{"start":{"line":360,"column":8},"end":{"line":360,"column":8}}]},"27":{"line":362,"type":"if","locations":[{"start":{"line":362,"column":8},"end":{"line":362,"column":8}},{"start":{"line":362,"column":8},"end":{"line":362,"column":8}}]},"28":{"line":387,"type":"if","locations":[{"start":{"line":387,"column":1},"end":{"line":387,"column":1}},{"start":{"line":387,"column":1},"end":{"line":387,"column":1}}]},"29":{"line":410,"type":"if","locations":[{"start":{"line":410,"column":1},"end":{"line":410,"column":1}},{"start":{"line":410,"column":1},"end":{"line":410,"column":1}}]},"30":{"line":434,"type":"if","locations":[{"start":{"line":434,"column":1},"end":{"line":434,"column":1}},{"start":{"line":434,"column":1},"end":{"line":434,"column":1}}]}}},"/Users/justin/Documents/Projects/bearcatjs/lib/model/constraints/max.js":{"path":"/Users/justin/Documents/Projects/bearcatjs/lib/model/constraints/max.js","s":{"1":1,"2":1,"3":1,"4":61,"5":61,"6":61,"7":1,"8":0,"9":0,"10":0,"11":0,"12":0,"13":0,"14":0,"15":0,"16":0,"17":1},"b":{"1":[0,0],"2":[0,0],"3":[0,0]},"f":{"1":61,"2":0},"fnMap":{"1":{"name":"(anonymous_1)","line":22,"loc":{"start":{"line":22,"column":20},"end":{"line":22,"column":31}}},"2":{"name":"(anonymous_2)","line":36,"loc":{"start":{"line":36,"column":35},"end":{"line":36,"column":56}}}},"statementMap":{"1":{"start":{"line":14,"column":0},"end":{"line":14,"column":40}},"2":{"start":{"line":15,"column":0},"end":{"line":15,"column":27}},"3":{"start":{"line":22,"column":0},"end":{"line":26,"column":1}},"4":{"start":{"line":23,"column":1},"end":{"line":23,"column":19}},"5":{"start":{"line":24,"column":1},"end":{"line":24,"column":84}},"6":{"start":{"line":25,"column":1},"end":{"line":25,"column":17}},"7":{"start":{"line":36,"column":0},"end":{"line":52,"column":1}},"8":{"start":{"line":37,"column":1},"end":{"line":37,"column":28}},"9":{"start":{"line":38,"column":1},"end":{"line":38,"column":20}},"10":{"start":{"line":40,"column":1},"end":{"line":43,"column":2}},"11":{"start":{"line":41,"column":2},"end":{"line":41,"column":22}},"12":{"start":{"line":42,"column":2},"end":{"line":42,"column":17}},"13":{"start":{"line":45,"column":1},"end":{"line":47,"column":2}},"14":{"start":{"line":46,"column":2},"end":{"line":46,"column":9}},"15":{"start":{"line":49,"column":1},"end":{"line":51,"column":2}},"16":{"start":{"line":50,"column":2},"end":{"line":50,"column":58}},"17":{"start":{"line":54,"column":0},"end":{"line":54,"column":31}}},"branchMap":{"1":{"line":40,"type":"if","locations":[{"start":{"line":40,"column":1},"end":{"line":40,"column":1}},{"start":{"line":40,"column":1},"end":{"line":40,"column":1}}]},"2":{"line":45,"type":"if","locations":[{"start":{"line":45,"column":1},"end":{"line":45,"column":1}},{"start":{"line":45,"column":1},"end":{"line":45,"column":1}}]},"3":{"line":49,"type":"if","locations":[{"start":{"line":49,"column":1},"end":{"line":49,"column":1}},{"start":{"line":49,"column":1},"end":{"line":49,"column":1}}]}}},"/Users/justin/Documents/Projects/bearcatjs/lib/model/constraints/min.js":{"path":"/Users/justin/Documents/Projects/bearcatjs/lib/model/constraints/min.js","s":{"1":1,"2":1,"3":1,"4":61,"5":61,"6":61,"7":1,"8":0,"9":0,"10":0,"11":0,"12":0,"13":0,"14":0,"15":0,"16":0,"17":1},"b":{"1":[0,0],"2":[0,0],"3":[0,0]},"f":{"1":61,"2":0},"fnMap":{"1":{"name":"(anonymous_1)","line":22,"loc":{"start":{"line":22,"column":20},"end":{"line":22,"column":31}}},"2":{"name":"(anonymous_2)","line":36,"loc":{"start":{"line":36,"column":35},"end":{"line":36,"column":56}}}},"statementMap":{"1":{"start":{"line":14,"column":0},"end":{"line":14,"column":40}},"2":{"start":{"line":15,"column":0},"end":{"line":15,"column":27}},"3":{"start":{"line":22,"column":0},"end":{"line":26,"column":1}},"4":{"start":{"line":23,"column":1},"end":{"line":23,"column":19}},"5":{"start":{"line":24,"column":1},"end":{"line":24,"column":85}},"6":{"start":{"line":25,"column":1},"end":{"line":25,"column":17}},"7":{"start":{"line":36,"column":0},"end":{"line":52,"column":1}},"8":{"start":{"line":37,"column":1},"end":{"line":37,"column":28}},"9":{"start":{"line":38,"column":1},"end":{"line":38,"column":20}},"10":{"start":{"line":40,"column":1},"end":{"line":43,"column":2}},"11":{"start":{"line":41,"column":2},"end":{"line":41,"column":22}},"12":{"start":{"line":42,"column":2},"end":{"line":42,"column":17}},"13":{"start":{"line":45,"column":1},"end":{"line":47,"column":2}},"14":{"start":{"line":46,"column":2},"end":{"line":46,"column":9}},"15":{"start":{"line":49,"column":1},"end":{"line":51,"column":2}},"16":{"start":{"line":50,"column":2},"end":{"line":50,"column":58}},"17":{"start":{"line":54,"column":0},"end":{"line":54,"column":31}}},"branchMap":{"1":{"line":40,"type":"if","locations":[{"start":{"line":40,"column":1},"end":{"line":40,"column":1}},{"start":{"line":40,"column":1},"end":{"line":40,"column":1}}]},"2":{"line":45,"type":"if","locations":[{"start":{"line":45,"column":1},"end":{"line":45,"column":1}},{"start":{"line":45,"column":1},"end":{"line":45,"column":1}}]},"3":{"line":49,"type":"if","locations":[{"start":{"line":49,"column":1},"end":{"line":49,"column":1}},{"start":{"line":49,"column":1},"end":{"line":49,"column":1}}]}}},"/Users/justin/Documents/Projects/bearcatjs/lib/model/constraints/notNull.js":{"path":"/Users/justin/Documents/Projects/bearcatjs/lib/model/constraints/notNull.js","s":{"1":1,"2":1,"3":1,"4":63,"5":63,"6":1,"7":13,"8":13,"9":0,"10":1},"b":{"1":[0,13]},"f":{"1":63,"2":13},"fnMap":{"1":{"name":"(anonymous_1)","line":22,"loc":{"start":{"line":22,"column":24},"end":{"line":22,"column":35}}},"2":{"name":"(anonymous_2)","line":35,"loc":{"start":{"line":35,"column":39},"end":{"line":35,"column":60}}}},"statementMap":{"1":{"start":{"line":14,"column":0},"end":{"line":14,"column":40}},"2":{"start":{"line":15,"column":0},"end":{"line":15,"column":27}},"3":{"start":{"line":22,"column":0},"end":{"line":25,"column":1}},"4":{"start":{"line":23,"column":1},"end":{"line":23,"column":23}},"5":{"start":{"line":24,"column":1},"end":{"line":24,"column":77}},"6":{"start":{"line":35,"column":0},"end":{"line":40,"column":1}},"7":{"start":{"line":36,"column":1},"end":{"line":36,"column":28}},"8":{"start":{"line":37,"column":1},"end":{"line":39,"column":2}},"9":{"start":{"line":38,"column":2},"end":{"line":38,"column":53}},"10":{"start":{"line":42,"column":0},"end":{"line":42,"column":35}}},"branchMap":{"1":{"line":37,"type":"if","locations":[{"start":{"line":37,"column":1},"end":{"line":37,"column":1}},{"start":{"line":37,"column":1},"end":{"line":37,"column":1}}]}}},"/Users/justin/Documents/Projects/bearcatjs/lib/model/constraints/null.js":{"path":"/Users/justin/Documents/Projects/bearcatjs/lib/model/constraints/null.js","s":{"1":1,"2":1,"3":1,"4":61,"5":61,"6":1,"7":0,"8":0,"9":0,"10":1},"b":{"1":[0,0]},"f":{"1":61,"2":0},"fnMap":{"1":{"name":"(anonymous_1)","line":22,"loc":{"start":{"line":22,"column":21},"end":{"line":22,"column":32}}},"2":{"name":"(anonymous_2)","line":35,"loc":{"start":{"line":35,"column":36},"end":{"line":35,"column":57}}}},"statementMap":{"1":{"start":{"line":14,"column":0},"end":{"line":14,"column":40}},"2":{"start":{"line":15,"column":0},"end":{"line":15,"column":27}},"3":{"start":{"line":22,"column":0},"end":{"line":25,"column":1}},"4":{"start":{"line":23,"column":1},"end":{"line":23,"column":20}},"5":{"start":{"line":24,"column":1},"end":{"line":24,"column":70}},"6":{"start":{"line":35,"column":0},"end":{"line":40,"column":1}},"7":{"start":{"line":36,"column":1},"end":{"line":36,"column":28}},"8":{"start":{"line":37,"column":1},"end":{"line":39,"column":2}},"9":{"start":{"line":38,"column":2},"end":{"line":38,"column":53}},"10":{"start":{"line":42,"column":0},"end":{"line":42,"column":32}}},"branchMap":{"1":{"line":37,"type":"if","locations":[{"start":{"line":37,"column":1},"end":{"line":37,"column":1}},{"start":{"line":37,"column":1},"end":{"line":37,"column":1}}]}}},"/Users/justin/Documents/Projects/bearcatjs/lib/model/constraints/pattern.js":{"path":"/Users/justin/Documents/Projects/bearcatjs/lib/model/constraints/pattern.js","s":{"1":1,"2":1,"3":1,"4":61,"5":61,"6":61,"7":1,"8":0,"9":0,"10":0,"11":0,"12":0,"13":0,"14":0,"15":1},"b":{"1":[0,0],"2":[0,0],"3":[0,0]},"f":{"1":61,"2":0},"fnMap":{"1":{"name":"(anonymous_1)","line":22,"loc":{"start":{"line":22,"column":24},"end":{"line":22,"column":35}}},"2":{"name":"(anonymous_2)","line":36,"loc":{"start":{"line":36,"column":39},"end":{"line":36,"column":60}}}},"statementMap":{"1":{"start":{"line":14,"column":0},"end":{"line":14,"column":40}},"2":{"start":{"line":15,"column":0},"end":{"line":15,"column":27}},"3":{"start":{"line":22,"column":0},"end":{"line":26,"column":1}},"4":{"start":{"line":23,"column":1},"end":{"line":23,"column":23}},"5":{"start":{"line":24,"column":1},"end":{"line":24,"column":91}},"6":{"start":{"line":25,"column":1},"end":{"line":25,"column":20}},"7":{"start":{"line":36,"column":0},"end":{"line":49,"column":1}},"8":{"start":{"line":37,"column":1},"end":{"line":37,"column":28}},"9":{"start":{"line":38,"column":1},"end":{"line":38,"column":26}},"10":{"start":{"line":40,"column":1},"end":{"line":42,"column":2}},"11":{"start":{"line":41,"column":2},"end":{"line":41,"column":9}},"12":{"start":{"line":44,"column":1},"end":{"line":44,"column":34}},"13":{"start":{"line":46,"column":1},"end":{"line":48,"column":2}},"14":{"start":{"line":47,"column":2},"end":{"line":47,"column":61}},"15":{"start":{"line":51,"column":0},"end":{"line":51,"column":35}}},"branchMap":{"1":{"line":40,"type":"if","locations":[{"start":{"line":40,"column":1},"end":{"line":40,"column":1}},{"start":{"line":40,"column":1},"end":{"line":40,"column":1}}]},"2":{"line":40,"type":"binary-expr","locations":[{"start":{"line":40,"column":5},"end":{"line":40,"column":31}},{"start":{"line":40,"column":35},"end":{"line":40,"column":60}}]},"3":{"line":46,"type":"if","locations":[{"start":{"line":46,"column":1},"end":{"line":46,"column":1}},{"start":{"line":46,"column":1},"end":{"line":46,"column":1}}]}}},"/Users/justin/Documents/Projects/bearcatjs/lib/model/constraints/size.js":{"path":"/Users/justin/Documents/Projects/bearcatjs/lib/model/constraints/size.js","s":{"1":1,"2":1,"3":1,"4":61,"5":61,"6":61,"7":61,"8":61,"9":1,"10":0,"11":0,"12":0,"13":0,"14":0,"15":0,"16":0,"17":0,"18":0,"19":0,"20":0,"21":0,"22":1},"b":{"1":[0,0],"2":[0,0],"3":[0,0],"4":[0,0],"5":[0,0]},"f":{"1":61,"2":0},"fnMap":{"1":{"name":"(anonymous_1)","line":22,"loc":{"start":{"line":22,"column":21},"end":{"line":22,"column":32}}},"2":{"name":"(anonymous_2)","line":38,"loc":{"start":{"line":38,"column":36},"end":{"line":38,"column":57}}}},"statementMap":{"1":{"start":{"line":14,"column":0},"end":{"line":14,"column":40}},"2":{"start":{"line":15,"column":0},"end":{"line":15,"column":27}},"3":{"start":{"line":22,"column":0},"end":{"line":28,"column":1}},"4":{"start":{"line":23,"column":1},"end":{"line":23,"column":20}},"5":{"start":{"line":24,"column":1},"end":{"line":24,"column":93}},"6":{"start":{"line":25,"column":1},"end":{"line":25,"column":94}},"7":{"start":{"line":26,"column":1},"end":{"line":26,"column":17}},"8":{"start":{"line":27,"column":1},"end":{"line":27,"column":17}},"9":{"start":{"line":38,"column":0},"end":{"line":60,"column":1}},"10":{"start":{"line":39,"column":1},"end":{"line":41,"column":2}},"11":{"start":{"line":40,"column":2},"end":{"line":40,"column":9}},"12":{"start":{"line":43,"column":1},"end":{"line":43,"column":34}},"13":{"start":{"line":44,"column":1},"end":{"line":44,"column":20}},"14":{"start":{"line":46,"column":1},"end":{"line":50,"column":2}},"15":{"start":{"line":47,"column":2},"end":{"line":49,"column":3}},"16":{"start":{"line":48,"column":3},"end":{"line":48,"column":62}},"17":{"start":{"line":52,"column":1},"end":{"line":52,"column":34}},"18":{"start":{"line":53,"column":1},"end":{"line":53,"column":20}},"19":{"start":{"line":55,"column":1},"end":{"line":59,"column":2}},"20":{"start":{"line":56,"column":2},"end":{"line":58,"column":3}},"21":{"start":{"line":57,"column":3},"end":{"line":57,"column":62}},"22":{"start":{"line":62,"column":0},"end":{"line":62,"column":32}}},"branchMap":{"1":{"line":39,"type":"if","locations":[{"start":{"line":39,"column":1},"end":{"line":39,"column":1}},{"start":{"line":39,"column":1},"end":{"line":39,"column":1}}]},"2":{"line":46,"type":"if","locations":[{"start":{"line":46,"column":1},"end":{"line":46,"column":1}},{"start":{"line":46,"column":1},"end":{"line":46,"column":1}}]},"3":{"line":47,"type":"if","locations":[{"start":{"line":47,"column":2},"end":{"line":47,"column":2}},{"start":{"line":47,"column":2},"end":{"line":47,"column":2}}]},"4":{"line":55,"type":"if","locations":[{"start":{"line":55,"column":1},"end":{"line":55,"column":1}},{"start":{"line":55,"column":1},"end":{"line":55,"column":1}}]},"5":{"line":56,"type":"if","locations":[{"start":{"line":56,"column":2},"end":{"line":56,"column":2}},{"start":{"line":56,"column":2},"end":{"line":56,"column":2}}]}}}}