TN:
SF:/Users/justin/Documents/Projects/bearcatjs/lib/beans/support/beanDefinition.js
FN:23,(anonymous_1)
FN:50,(anonymous_2)
FN:60,(anonymous_3)
FN:75,(anonymous_4)
FN:85,(anonymous_5)
FN:95,(anonymous_6)
FN:108,(anonymous_7)
FN:118,(anonymous_8)
FN:131,(anonymous_9)
FN:147,(anonymous_10)
FN:160,(anonymous_11)
FN:176,(anonymous_12)
FN:189,(anonymous_13)
FN:199,(anonymous_14)
FN:212,(anonymous_15)
FN:222,(anonymous_16)
FN:234,(anonymous_17)
FN:250,(anonymous_18)
FN:262,(anonymous_19)
FN:272,(anonymous_20)
FN:284,(anonymous_21)
FN:300,(anonymous_22)
FN:312,(anonymous_23)
FN:325,(anonymous_24)
FN:341,(anonymous_25)
FN:351,(anonymous_26)
FN:361,(anonymous_27)
FN:374,(anonymous_28)
FN:384,(anonymous_29)
FN:394,(anonymous_30)
FN:407,(anonymous_31)
FN:417,(anonymous_32)
FN:427,(anonymous_33)
FN:440,(anonymous_34)
FN:456,(anonymous_35)
FN:469,(anonymous_36)
FN:485,(anonymous_37)
FN:498,(anonymous_38)
FN:508,(anonymous_39)
FN:520,(anonymous_40)
FN:536,(anonymous_41)
FN:548,(anonymous_42)
FN:558,(anonymous_43)
FN:568,(anonymous_44)
FN:578,(anonymous_45)
FN:588,(anonymous_46)
FN:600,(anonymous_47)
FNF:47
FNH:47
FNDA:533,(anonymous_1)
FNDA:488,(anonymous_2)
FNDA:535,(anonymous_3)
FNDA:468,(anonymous_4)
FNDA:8,(anonymous_5)
FNDA:6,(anonymous_6)
FNDA:173,(anonymous_7)
FNDA:538,(anonymous_8)
FNDA:4,(anonymous_9)
FNDA:536,(anonymous_10)
FNDA:4,(anonymous_11)
FNDA:536,(anonymous_12)
FNDA:1,(anonymous_13)
FNDA:537,(anonymous_14)
FNDA:470,(anonymous_15)
FNDA:535,(anonymous_16)
FNDA:518,(anonymous_17)
FNDA:536,(anonymous_18)
FNDA:160,(anonymous_19)
FNDA:536,(anonymous_20)
FNDA:150,(anonymous_21)
FNDA:535,(anonymous_22)
FNDA:20,(anonymous_23)
FNDA:451,(anonymous_24)
FNDA:20,(anonymous_25)
FNDA:161,(anonymous_26)
FNDA:539,(anonymous_27)
FNDA:20,(anonymous_28)
FNDA:161,(anonymous_29)
FNDA:539,(anonymous_30)
FNDA:4,(anonymous_31)
FNDA:3,(anonymous_32)
FNDA:540,(anonymous_33)
FNDA:6,(anonymous_34)
FNDA:536,(anonymous_35)
FNDA:14,(anonymous_36)
FNDA:536,(anonymous_37)
FNDA:375,(anonymous_38)
FNDA:535,(anonymous_39)
FNDA:133,(anonymous_40)
FNDA:535,(anonymous_41)
FNDA:861,(anonymous_42)
FNDA:15,(anonymous_43)
FNDA:164,(anonymous_44)
FNDA:163,(anonymous_45)
FNDA:1,(anonymous_46)
FNDA:43,(anonymous_47)
DA:14,1
DA:15,1
DA:16,1
DA:23,1
DA:24,533
DA:25,533
DA:26,533
DA:27,533
DA:28,533
DA:29,533
DA:30,533
DA:31,533
DA:32,533
DA:33,533
DA:34,533
DA:35,533
DA:36,533
DA:37,533
DA:38,533
DA:39,533
DA:40,533
DA:41,533
DA:50,1
DA:51,488
DA:60,1
DA:61,535
DA:62,531
DA:64,4
DA:75,1
DA:76,468
DA:85,1
DA:86,8
DA:95,1
DA:96,6
DA:97,1
DA:99,5
DA:108,1
DA:109,173
DA:118,1
DA:119,538
DA:120,1
DA:122,537
DA:131,1
DA:132,4
DA:133,3
DA:135,1
DA:136,1
DA:147,1
DA:148,536
DA:149,533
DA:151,3
DA:160,1
DA:161,4
DA:162,3
DA:164,1
DA:165,1
DA:176,1
DA:177,536
DA:178,533
DA:180,3
DA:189,1
DA:190,1
DA:199,1
DA:200,537
DA:201,1
DA:203,536
DA:212,1
DA:213,470
DA:222,1
DA:223,535
DA:224,535
DA:234,1
DA:235,518
DA:236,366
DA:238,152
DA:239,1
DA:250,1
DA:251,536
DA:252,536
DA:262,1
DA:263,160
DA:272,1
DA:273,536
DA:274,536
DA:284,1
DA:285,150
DA:286,2
DA:288,148
DA:289,2
DA:300,1
DA:301,535
DA:302,535
DA:312,1
DA:313,20
DA:314,20
DA:325,1
DA:326,451
DA:327,80
DA:329,371
DA:330,7
DA:341,1
DA:342,20
DA:351,1
DA:352,161
DA:361,1
DA:362,539
DA:363,513
DA:365,26
DA:374,1
DA:375,20
DA:384,1
DA:385,161
DA:394,1
DA:395,539
DA:396,523
DA:398,16
DA:407,1
DA:408,4
DA:417,1
DA:418,3
DA:427,1
DA:428,540
DA:429,539
DA:431,1
DA:440,1
DA:441,6
DA:442,5
DA:444,1
DA:445,1
DA:456,1
DA:457,536
DA:458,530
DA:460,6
DA:469,1
DA:470,14
DA:471,1
DA:473,13
DA:474,1
DA:485,1
DA:486,536
DA:487,534
DA:489,2
DA:498,1
DA:499,375
DA:508,1
DA:509,535
DA:510,528
DA:520,1
DA:521,133
DA:522,27
DA:524,106
DA:525,4
DA:536,1
DA:537,535
DA:538,8
DA:548,1
DA:549,861
DA:558,1
DA:559,15
DA:568,1
DA:569,164
DA:578,1
DA:579,163
DA:588,1
DA:589,1
DA:600,1
DA:601,43
DA:603,43
DA:604,43
DA:606,43
DA:607,69
DA:608,59
DA:612,43
DA:615,1
LF:174
LH:174
BRDA:61,1,0,531
BRDA:61,1,1,4
BRDA:76,2,0,468
BRDA:76,2,1,8
BRDA:96,3,0,1
BRDA:96,3,1,5
BRDA:119,4,0,1
BRDA:119,4,1,537
BRDA:132,5,0,3
BRDA:132,5,1,1
BRDA:135,6,0,1
BRDA:135,6,1,0
BRDA:148,7,0,533
BRDA:148,7,1,3
BRDA:161,8,0,3
BRDA:161,8,1,1
BRDA:164,9,0,1
BRDA:164,9,1,0
BRDA:177,10,0,533
BRDA:177,10,1,3
BRDA:200,11,0,1
BRDA:200,11,1,536
BRDA:223,12,0,535
BRDA:223,12,1,0
BRDA:235,13,0,366
BRDA:235,13,1,152
BRDA:238,14,0,1
BRDA:238,14,1,151
BRDA:251,15,0,536
BRDA:251,15,1,0
BRDA:273,16,0,536
BRDA:273,16,1,0
BRDA:285,17,0,2
BRDA:285,17,1,148
BRDA:288,18,0,2
BRDA:288,18,1,146
BRDA:301,19,0,535
BRDA:301,19,1,0
BRDA:313,20,0,20
BRDA:313,20,1,0
BRDA:326,21,0,80
BRDA:326,21,1,371
BRDA:329,22,0,7
BRDA:329,22,1,364
BRDA:362,23,0,513
BRDA:362,23,1,26
BRDA:362,24,0,539
BRDA:362,24,1,539
BRDA:362,24,2,539
BRDA:395,25,0,523
BRDA:395,25,1,16
BRDA:395,26,0,539
BRDA:395,26,1,539
BRDA:395,26,2,539
BRDA:428,27,0,539
BRDA:428,27,1,1
BRDA:428,28,0,540
BRDA:428,28,1,540
BRDA:428,28,2,536
BRDA:441,29,0,5
BRDA:441,29,1,1
BRDA:444,30,0,1
BRDA:444,30,1,0
BRDA:457,31,0,530
BRDA:457,31,1,6
BRDA:470,32,0,1
BRDA:470,32,1,13
BRDA:473,33,0,1
BRDA:473,33,1,12
BRDA:486,34,0,534
BRDA:486,34,1,2
BRDA:509,35,0,528
BRDA:509,35,1,7
BRDA:521,36,0,27
BRDA:521,36,1,106
BRDA:521,37,0,133
BRDA:521,37,1,106
BRDA:524,38,0,4
BRDA:524,38,1,102
BRDA:537,39,0,8
BRDA:537,39,1,527
BRDA:569,40,0,164
BRDA:569,40,1,3
BRDA:607,41,0,59
BRDA:607,41,1,10
BRF:85
BRH:77
end_of_record
TN:
SF:/Users/justin/Documents/Projects/bearcatjs/lib/util/constant.js
FN:38,(anonymous_1)
FNF:1
FNH:1
FNDA:1,(anonymous_1)
DA:14,1
LF:1
LH:1
BRF:0
BRH:0
end_of_record
TN:
SF:/Users/justin/Documents/Projects/bearcatjs/lib/util/beanUtil.js
FN:26,(anonymous_1)
FN:68,(anonymous_2)
FN:93,(anonymous_3)
FN:114,(anonymous_4)
FNF:4
FNH:4
FNDA:1617,(anonymous_1)
FNDA:88,(anonymous_2)
FNDA:44,(anonymous_3)
FNDA:61,(anonymous_4)
DA:14,1
DA:15,1
DA:17,1
DA:26,1
DA:27,1617
DA:29,1617
DA:30,2
DA:33,1615
DA:34,72
DA:36,72
DA:37,72
DA:38,70
DA:41,72
DA:42,8
DA:45,72
DA:46,20
DA:49,72
DA:50,41
DA:53,72
DA:55,72
DA:58,1615
DA:68,1
DA:69,88
DA:70,88
DA:71,2
DA:74,86
DA:75,80
DA:76,80
DA:77,80
DA:78,1
DA:80,79
DA:83,86
DA:93,1
DA:94,44
DA:96,44
DA:97,1
DA:100,43
DA:101,69
DA:104,43
DA:114,1
DA:115,61
DA:117,61
DA:118,541
DA:120,541
DA:121,150
DA:122,2
DA:125,150
DA:129,61
DA:131,61
DA:134,1
LF:50
LH:50
BRDA:29,1,0,2
BRDA:29,1,1,1615
BRDA:37,2,0,70
BRDA:37,2,1,2
BRDA:41,3,0,8
BRDA:41,3,1,64
BRDA:45,4,0,20
BRDA:45,4,1,52
BRDA:49,5,0,41
BRDA:49,5,1,31
BRDA:70,6,0,2
BRDA:70,6,1,86
BRDA:77,7,0,1
BRDA:77,7,1,79
BRDA:96,8,0,1
BRDA:96,8,1,43
BRDA:120,9,0,150
BRDA:120,9,1,391
BRDA:120,10,0,541
BRDA:120,10,1,517
BRDA:120,10,2,151
BRDA:121,11,0,2
BRDA:121,11,1,148
BRF:23
BRH:23
end_of_record
TN:
SF:/Users/justin/Documents/Projects/bearcatjs/lib/beans/support/beanWrapper.js
FN:24,(anonymous_1)
FN:39,(anonymous_2)
FN:49,(anonymous_3)
FN:59,(anonymous_4)
FN:69,(anonymous_5)
FN:79,(anonymous_6)
FN:89,(anonymous_7)
FN:99,(anonymous_8)
FN:111,(anonymous_9)
FN:123,(anonymous_10)
FN:133,(anonymous_11)
FN:143,(anonymous_12)
FN:152,(anonymous_13)
FN:182,(anonymous_14)
FN:192,(anonymous_15)
FNF:15
FNH:15
FNDA:79,(anonymous_1)
FNDA:187,(anonymous_2)
FNDA:120,(anonymous_3)
FNDA:75,(anonymous_4)
FNDA:3,(anonymous_5)
FNDA:10,(anonymous_6)
FNDA:24,(anonymous_7)
FNDA:27,(anonymous_8)
FNDA:2,(anonymous_9)
FNDA:53,(anonymous_10)
FNDA:42,(anonymous_11)
FNDA:10,(anonymous_12)
FNDA:77,(anonymous_13)
FNDA:35,(anonymous_14)
FNDA:34,(anonymous_15)
DA:14,1
DA:16,1
DA:17,1
DA:24,1
DA:25,79
DA:26,79
DA:27,79
DA:28,79
DA:29,79
DA:30,79
DA:39,1
DA:40,187
DA:49,1
DA:50,120
DA:59,1
DA:60,75
DA:69,1
DA:70,3
DA:79,1
DA:80,10
DA:89,1
DA:90,24
DA:99,1
DA:100,27
DA:111,1
DA:112,2
DA:113,2
DA:114,2
DA:123,1
DA:124,53
DA:133,1
DA:134,42
DA:143,1
DA:144,10
DA:152,1
DA:153,77
DA:155,77
DA:156,3
DA:159,77
DA:160,42
DA:163,77
DA:164,21
DA:167,77
DA:168,10
DA:169,8
DA:173,77
DA:182,1
DA:183,35
DA:192,1
DA:193,34
DA:196,1
LF:51
LH:51
BRDA:155,1,0,3
BRDA:155,1,1,74
BRDA:159,2,0,42
BRDA:159,2,1,35
BRDA:163,3,0,21
BRDA:163,3,1,56
BRDA:167,4,0,10
BRDA:167,4,1,67
BRDA:168,5,0,8
BRDA:168,5,1,2
BRF:10
BRH:10
end_of_record
TN:
SF:/Users/justin/Documents/Projects/bearcatjs/lib/util/utils.js
FN:28,(anonymous_1)
FN:45,(anonymous_2)
FN:57,(anonymous_3)
FN:69,(anonymous_4)
FN:70,(anonymous_5)
FN:135,(anonymous_6)
FN:152,(anonymous_7)
FN:175,(anonymous_8)
FN:188,(anonymous_9)
FN:210,(anonymous_10)
FN:229,(anonymous_11)
FN:250,(anonymous_12)
FN:270,(anonymous_13)
FN:289,(anonymous_14)
FN:309,(anonymous_15)
FN:321,(anonymous_16)
FN:334,(anonymous_17)
FN:350,(anonymous_18)
FN:365,(anonymous_19)
FN:387,(anonymous_20)
FN:410,(anonymous_21)
FN:420,(anonymous_22)
FN:430,(anonymous_23)
FN:440,(anonymous_24)
FNF:24
FNH:23
FNDA:130,(anonymous_1)
FNDA:66,(anonymous_2)
FNDA:0,(anonymous_3)
FNDA:27,(anonymous_4)
FNDA:10786,(anonymous_5)
FNDA:66,(anonymous_6)
FNDA:17,(anonymous_7)
FNDA:12187,(anonymous_8)
FNDA:234,(anonymous_9)
FNDA:1,(anonymous_10)
FNDA:15,(anonymous_11)
FNDA:53,(anonymous_12)
FNDA:2,(anonymous_13)
FNDA:159,(anonymous_14)
FNDA:166,(anonymous_15)
FNDA:226,(anonymous_16)
FNDA:142,(anonymous_17)
FNDA:631,(anonymous_18)
FNDA:173,(anonymous_19)
FNDA:63,(anonymous_20)
FNDA:130,(anonymous_21)
FNDA:1,(anonymous_22)
FNDA:93,(anonymous_23)
FNDA:67,(anonymous_24)
DA:14,1
DA:15,1
DA:16,1
DA:17,1
DA:19,1
DA:28,1
DA:29,130
DA:30,2
DA:33,128
DA:34,128
DA:35,128
DA:45,1
DA:46,66
DA:47,66
DA:57,1
DA:58,0
DA:59,0
DA:69,1
DA:70,27
DA:71,10786
DA:82,1
DA:91,1
DA:100,1
DA:108,1
DA:117,1
DA:126,1
DA:135,1
DA:136,66
DA:138,66
DA:139,18
DA:142,66
DA:152,1
DA:153,17
DA:154,8
DA:155,9
DA:156,2
DA:157,7
DA:158,1
DA:159,6
DA:160,1
DA:161,5
DA:162,1
DA:163,4
DA:164,1
DA:165,3
DA:175,1
DA:176,12187
DA:177,5132
DA:178,7055
DA:188,1
DA:189,234
DA:190,1
DA:193,233
DA:194,233
DA:195,233
DA:196,231
DA:198,2
DA:199,2
DA:210,1
DA:211,1
DA:212,1
DA:213,1
DA:214,0
DA:216,1
DA:217,1
DA:229,1
DA:230,15
DA:231,1
DA:233,14
DA:235,14
DA:237,14
DA:239,14
DA:250,1
DA:251,53
DA:252,1
DA:255,52
DA:257,52
DA:259,52
DA:260,52
DA:270,1
DA:271,2
DA:272,1
DA:275,1
DA:276,0
DA:277,0
DA:280,0
DA:289,1
DA:290,159
DA:291,9
DA:294,159
DA:295,1
DA:298,158
DA:299,158
DA:300,158
DA:309,1
DA:310,166
DA:311,166
DA:321,1
DA:322,226
DA:323,226
DA:334,1
DA:335,142
DA:336,142
DA:337,141
DA:340,1
DA:350,1
DA:351,631
DA:352,430
DA:353,201
DA:354,165
DA:355,36
DA:365,1
DA:366,173
DA:367,31
DA:370,142
DA:371,30
DA:374,112
DA:375,103
DA:376,9
DA:377,2
DA:378,7
DA:387,1
DA:388,63
DA:389,63
DA:391,63
DA:393,63
DA:394,2320
DA:395,2320
DA:396,2320
DA:397,2320
DA:398,2320
DA:401,63
DA:410,1
DA:411,130
DA:420,1
DA:421,1
DA:430,1
DA:431,93
DA:440,1
DA:441,67
DA:442,0
DA:445,67
DA:448,1
LF:143
LH:136
BRDA:29,1,0,2
BRDA:29,1,1,128
BRDA:82,2,0,1
BRDA:82,2,1,0
BRDA:153,3,0,8
BRDA:153,3,1,9
BRDA:155,4,0,2
BRDA:155,4,1,7
BRDA:157,5,0,1
BRDA:157,5,1,6
BRDA:159,6,0,1
BRDA:159,6,1,5
BRDA:161,7,0,1
BRDA:161,7,1,4
BRDA:163,8,0,1
BRDA:163,8,1,3
BRDA:176,9,0,5132
BRDA:176,9,1,7055
BRDA:176,10,0,12187
BRDA:176,10,1,5490
BRDA:189,11,0,1
BRDA:189,11,1,233
BRDA:230,12,0,1
BRDA:230,12,1,14
BRDA:251,13,0,1
BRDA:251,13,1,52
BRDA:271,14,0,1
BRDA:271,14,1,1
BRDA:276,15,0,0
BRDA:276,15,1,0
BRDA:290,16,0,9
BRDA:290,16,1,150
BRDA:294,17,0,1
BRDA:294,17,1,158
BRDA:310,18,0,166
BRDA:310,18,1,0
BRDA:322,19,0,226
BRDA:322,19,1,0
BRDA:336,20,0,141
BRDA:336,20,1,1
BRDA:351,21,0,430
BRDA:351,21,1,201
BRDA:353,22,0,165
BRDA:353,22,1,36
BRDA:366,23,0,31
BRDA:366,23,1,142
BRDA:370,24,0,30
BRDA:370,24,1,112
BRDA:374,25,0,103
BRDA:374,25,1,9
BRDA:376,26,0,2
BRDA:376,26,1,7
BRDA:421,27,0,1
BRDA:421,27,1,0
BRDA:421,27,2,0
BRDA:431,28,0,93
BRDA:431,28,1,93
BRDA:441,29,0,0
BRDA:441,29,1,67
BRDA:441,30,0,67
BRDA:441,30,1,0
BRDA:441,30,2,0
BRDA:441,30,3,0
BRF:63
BRH:52
end_of_record
TN:
SF:/Users/justin/Documents/Projects/bearcatjs/lib/util/requireUtil.js
FN:18,(anonymous_1)
FN:31,(anonymous_2)
FN:45,(anonymous_3)
FN:59,(anonymous_4)
FNF:4
FNH:4
FNDA:1,(anonymous_1)
FNDA:1,(anonymous_2)
FNDA:4,(anonymous_3)
FNDA:2,(anonymous_4)
DA:14,1
DA:15,1
DA:17,1
DA:18,1
DA:19,1
DA:22,1
DA:23,0
DA:31,1
DA:32,1
DA:33,1
DA:34,1
DA:36,0
DA:45,1
DA:46,4
DA:47,4
DA:48,4
DA:50,0
DA:59,1
DA:60,2
DA:61,2
DA:62,2
DA:64,0
DA:68,1
LF:23
LH:19
BRDA:22,1,0,0
BRDA:22,1,1,1
BRDA:33,2,0,1
BRDA:33,2,1,0
BRDA:47,3,0,4
BRDA:47,3,1,0
BRDA:61,4,0,2
BRDA:61,4,1,0
BRF:8
BRH:4
end_of_record
TN:
SF:/Users/justin/Documents/Projects/bearcatjs/lib/util/fileUtil.js
FN:23,(anonymous_1)
FN:32,(anonymous_2)
FN:41,(anonymous_3)
FN:50,(anonymous_4)
FNF:4
FNH:0
FNDA:0,(anonymous_1)
FNDA:0,(anonymous_2)
FNDA:0,(anonymous_3)
FNDA:0,(anonymous_4)
DA:14,1
DA:16,1
DA:23,1
DA:24,0
DA:32,1
DA:41,1
DA:50,1
DA:54,1
DA:55,1
DA:56,84
DA:60,1
LF:11
LH:10
BRDA:54,1,0,1
BRDA:54,1,1,0
BRF:2
BRH:1
end_of_record
TN:
SF:/Users/justin/Documents/Projects/bearcatjs/lib/beans/support/beanDefinitionVisitor.js
FN:22,(anonymous_1)
FN:32,(anonymous_2)
FN:42,(anonymous_3)
FN:52,(anonymous_4)
FN:69,(anonymous_5)
FN:81,(anonymous_6)
FN:98,(anonymous_7)
FN:118,(anonymous_8)
FNF:8
FNH:8
FNDA:3,(anonymous_1)
FNDA:1,(anonymous_2)
FNDA:8,(anonymous_3)
FNDA:9,(anonymous_4)
FNDA:16,(anonymous_5)
FNDA:16,(anonymous_6)
FNDA:16,(anonymous_7)
FNDA:16,(anonymous_8)
DA:13,1
DA:14,1
DA:15,1
DA:22,1
DA:23,3
DA:32,1
DA:33,1
DA:42,1
DA:43,8
DA:52,1
DA:53,9
DA:54,1
DA:55,1
DA:58,8
DA:60,8
DA:69,1
DA:70,16
DA:71,16
DA:72,16
DA:81,1
DA:82,16
DA:84,16
DA:85,0
DA:86,0
DA:87,0
DA:98,1
DA:99,16
DA:100,16
DA:101,8
DA:102,8
DA:103,8
DA:104,8
DA:105,8
DA:106,4
DA:118,1
DA:119,16
DA:120,16
DA:121,0
DA:122,0
DA:123,0
DA:124,0
DA:125,0
DA:126,0
DA:132,1
LF:44
LH:35
BRDA:53,1,0,1
BRDA:53,1,1,8
BRDA:84,2,0,0
BRDA:84,2,1,16
BRDA:86,3,0,0
BRDA:86,3,1,0
BRDA:86,4,0,0
BRDA:86,4,1,0
BRDA:102,5,0,8
BRDA:102,5,1,0
BRDA:105,6,0,4
BRDA:105,6,1,4
BRDA:105,7,0,8
BRDA:105,7,1,8
BRDA:122,8,0,0
BRDA:122,8,1,0
BRDA:125,9,0,0
BRDA:125,9,1,0
BRDA:125,10,0,0
BRDA:125,10,1,0
BRF:20
BRH:8
end_of_record
TN:
SF:/Users/justin/Documents/Projects/bearcatjs/lib/beans/support/placeHolderConfigurer.js
FN:23,(anonymous_1)
FN:32,(anonymous_2)
FN:45,(anonymous_3)
FN:56,(anonymous_4)
FN:74,(anonymous_5)
FN:88,(anonymous_6)
FN:105,(anonymous_7)
FN:122,(anonymous_8)
FN:132,(anonymous_9)
FN:142,(anonymous_10)
FN:152,(anonymous_11)
FN:162,(anonymous_12)
FN:172,(anonymous_13)
FN:182,(anonymous_14)
FN:192,(anonymous_15)
FN:202,(anonymous_16)
FNF:16
FNH:16
FNDA:1,(anonymous_1)
FNDA:62,(anonymous_2)
FNDA:66,(anonymous_3)
FNDA:66,(anonymous_4)
FNDA:66,(anonymous_5)
FNDA:66,(anonymous_6)
FNDA:2,(anonymous_7)
FNDA:66,(anonymous_8)
FNDA:1,(anonymous_9)
FNDA:1,(anonymous_10)
FNDA:61,(anonymous_11)
FNDA:66,(anonymous_12)
FNDA:61,(anonymous_13)
FNDA:66,(anonymous_14)
FNDA:1,(anonymous_15)
FNDA:66,(anonymous_16)
DA:14,1
DA:15,1
DA:16,1
DA:17,1
DA:18,1
DA:20,1
DA:22,1
DA:23,1
DA:24,1
DA:32,1
DA:33,62
DA:34,62
DA:35,62
DA:36,62
DA:45,1
DA:46,66
DA:48,66
DA:56,1
DA:57,66
DA:59,66
DA:60,0
DA:62,66
DA:65,66
DA:74,1
DA:75,66
DA:76,18
DA:77,18
DA:88,1
DA:89,66
DA:90,66
DA:91,64
DA:94,2
DA:95,2
DA:105,1
DA:106,2
DA:107,2
DA:109,2
DA:110,16
DA:112,16
DA:122,1
DA:123,66
DA:132,1
DA:133,1
DA:142,1
DA:143,1
DA:152,1
DA:153,61
DA:162,1
DA:163,66
DA:172,1
DA:173,61
DA:182,1
DA:183,66
DA:192,1
DA:193,1
DA:202,1
DA:203,66
DA:206,1
LF:58
LH:57
BRDA:59,1,0,0
BRDA:59,1,1,66
BRDA:59,2,0,66
BRDA:59,2,1,0
BRDA:76,3,0,18
BRDA:76,3,1,0
BRDA:90,4,0,64
BRDA:90,4,1,2
BRF:8
BRH:5
end_of_record
TN:
SF:/Users/justin/Documents/Projects/bearcatjs/lib/resource/propertiesLoader.js
FN:23,(anonymous_1)
FN:37,(anonymous_2)
FN:53,(anonymous_3)
FNF:3
FNH:3
FNDA:67,(anonymous_1)
FNDA:66,(anonymous_2)
FNDA:134,(anonymous_3)
DA:14,1
DA:15,1
DA:16,1
DA:23,1
DA:27,1
DA:37,1
DA:38,66
DA:40,66
DA:41,66
DA:43,66
DA:53,1
DA:54,134
DA:55,129
DA:57,5
DA:58,1
DA:61,4
DA:63,4
DA:64,4
DA:67,4
DA:68,4
DA:69,10
DA:70,10
DA:72,10
DA:74,5
DA:77,5
DA:78,5
DA:79,1
DA:82,4
DA:83,18
DA:84,18
LF:30
LH:30
BRDA:54,1,0,129
BRDA:54,1,1,5
BRDA:57,2,0,1
BRDA:57,2,1,4
BRDA:63,3,0,4
BRDA:63,3,1,0
BRDA:72,4,0,5
BRDA:72,4,1,5
BRDA:72,5,0,10
BRDA:72,5,1,6
BRDA:72,5,2,6
BRDA:78,6,0,1
BRDA:78,6,1,4
BRDA:78,7,0,5
BRDA:78,7,1,5
BRDA:83,8,0,18
BRDA:83,8,1,0
BRF:17
BRH:15
end_of_record
TN:
SF:/Users/justin/Documents/Projects/bearcatjs/lib/beans/support/placeHolderResolver.js
FN:25,(anonymous_1)
FN:38,(anonymous_2)
FN:58,(anonymous_3)
FN:68,(anonymous_4)
FN:78,(anonymous_5)
FNF:5
FNH:5
FNDA:3,(anonymous_1)
FNDA:12,(anonymous_2)
FNDA:2,(anonymous_3)
FNDA:9,(anonymous_4)
FNDA:10,(anonymous_5)
DA:13,1
DA:15,1
DA:16,1
DA:17,1
DA:25,1
DA:26,3
DA:27,3
DA:28,3
DA:29,3
DA:38,1
DA:39,12
DA:40,5
DA:43,7
DA:45,7
DA:46,2
DA:49,7
DA:58,1
DA:59,2
DA:68,1
DA:69,9
DA:78,1
DA:79,10
DA:80,1
DA:83,9
DA:84,9
DA:85,3
DA:88,6
DA:89,6
DA:92,6
DA:93,6
DA:94,6
DA:95,5
DA:97,5
DA:98,5
DA:99,0
DA:101,5
DA:102,5
DA:103,5
DA:105,0
DA:107,5
DA:110,6
DA:111,2
DA:114,6
DA:115,1
DA:117,5
DA:120,1
LF:46
LH:44
BRDA:39,1,0,5
BRDA:39,1,1,7
BRDA:45,2,0,2
BRDA:45,2,1,5
BRDA:79,3,0,1
BRDA:79,3,1,9
BRDA:84,4,0,3
BRDA:84,4,1,6
BRDA:98,5,0,0
BRDA:98,5,1,5
BRDA:102,6,0,5
BRDA:102,6,1,0
BRDA:102,7,0,5
BRDA:102,7,1,5
BRDA:110,8,0,2
BRDA:110,8,1,4
BRDA:114,9,0,1
BRDA:114,9,1,5
BRF:18
BRH:16
end_of_record
TN:
SF:/Users/justin/Documents/Projects/bearcatjs/lib/context/applicationContext.js
FN:36,(anonymous_1)
FN:46,(anonymous_2)
FN:75,(anonymous_3)
FN:104,(anonymous_4)
FN:114,(anonymous_5)
FN:124,(anonymous_6)
FN:135,(anonymous_7)
FN:151,(anonymous_8)
FN:167,(anonymous_9)
FN:181,(anonymous_10)
FN:191,(anonymous_11)
FN:201,(anonymous_12)
FN:212,(anonymous_13)
FN:214,(anonymous_14)
FN:223,(anonymous_15)
FN:240,(anonymous_16)
FN:256,(anonymous_17)
FN:351,(anonymous_18)
FN:371,(anonymous_19)
FN:389,(anonymous_20)
FN:402,(anonymous_21)
FN:421,(anonymous_22)
FN:445,(anonymous_23)
FN:463,(anonymous_24)
FN:475,(anonymous_25)
FN:487,(anonymous_26)
FN:506,(anonymous_27)
FN:557,(anonymous_28)
FN:575,(anonymous_29)
FN:597,(anonymous_30)
FN:615,(anonymous_31)
FN:624,(anonymous_32)
FN:635,(anonymous_33)
FN:650,(anonymous_34)
FN:659,(anonymous_35)
FN:672,(anonymous_36)
FN:684,(anonymous_37)
FN:688,(anonymous_38)
FN:697,(anonymous_39)
FN:706,(anonymous_40)
FN:716,(anonymous_41)
FN:739,(anonymous_42)
FN:748,(anonymous_43)
FN:759,(anonymous_44)
FN:771,(anonymous_45)
FN:796,(anonymous_46)
FN:824,(anonymous_47)
FN:840,(anonymous_48)
FN:856,(anonymous_49)
FN:867,(anonymous_50)
FN:900,(anonymous_51)
FN:933,(anonymous_52)
FN:944,(anonymous_53)
FN:956,(anonymous_54)
FN:967,(anonymous_55)
FN:978,(anonymous_56)
FN:989,(anonymous_57)
FN:999,(anonymous_58)
FN:1008,(anonymous_59)
FN:1019,(anonymous_60)
FN:1029,(anonymous_61)
FN:1038,(anonymous_62)
FN:1049,(anonymous_63)
FN:1059,(anonymous_64)
FN:1069,(anonymous_65)
FN:1079,(anonymous_66)
FN:1089,(anonymous_67)
FN:1099,(anonymous_68)
FN:1109,(anonymous_69)
FN:1119,(anonymous_70)
FN:1129,(anonymous_71)
FNF:71
FNH:58
FNDA:1,(anonymous_1)
FNDA:64,(anonymous_2)
FNDA:64,(anonymous_3)
FNDA:1,(anonymous_4)
FNDA:1,(anonymous_5)
FNDA:61,(anonymous_6)
FNDA:0,(anonymous_7)
FNDA:0,(anonymous_8)
FNDA:61,(anonymous_9)
FNDA:61,(anonymous_10)
FNDA:122,(anonymous_11)
FNDA:420,(anonymous_12)
FNDA:61,(anonymous_13)
FNDA:59,(anonymous_14)
FNDA:61,(anonymous_15)
FNDA:61,(anonymous_16)
FNDA:61,(anonymous_17)
FNDA:61,(anonymous_18)
FNDA:61,(anonymous_19)
FNDA:0,(anonymous_20)
FNDA:61,(anonymous_21)
FNDA:61,(anonymous_22)
FNDA:360,(anonymous_23)
FNDA:61,(anonymous_24)
FNDA:27,(anonymous_25)
FNDA:2,(anonymous_26)
FNDA:0,(anonymous_27)
FNDA:0,(anonymous_28)
FNDA:0,(anonymous_29)
FNDA:0,(anonymous_30)
FNDA:61,(anonymous_31)
FNDA:61,(anonymous_32)
FNDA:420,(anonymous_33)
FNDA:61,(anonymous_34)
FNDA:61,(anonymous_35)
FNDA:1,(anonymous_36)
FNDA:1,(anonymous_37)
FNDA:0,(anonymous_38)
FNDA:13,(anonymous_39)
FNDA:13,(anonymous_40)
FNDA:13,(anonymous_41)
FNDA:12,(anonymous_42)
FNDA:1,(anonymous_43)
FNDA:57,(anonymous_44)
FNDA:5,(anonymous_45)
FNDA:370,(anonymous_46)
FNDA:4,(anonymous_47)
FNDA:0,(anonymous_48)
FNDA:1,(anonymous_49)
FNDA:0,(anonymous_50)
FNDA:0,(anonymous_51)
FNDA:0,(anonymous_52)
FNDA:0,(anonymous_53)
FNDA:1,(anonymous_54)
FNDA:1,(anonymous_55)
FNDA:1,(anonymous_56)
FNDA:2,(anonymous_57)
FNDA:1,(anonymous_58)
FNDA:12,(anonymous_59)
FNDA:77,(anonymous_60)
FNDA:943,(anonymous_61)
FNDA:64,(anonymous_62)
FNDA:374,(anonymous_63)
FNDA:1,(anonymous_64)
FNDA:62,(anonymous_65)
FNDA:68,(anonymous_66)
FNDA:62,(anonymous_67)
FNDA:61,(anonymous_68)
FNDA:62,(anonymous_69)
FNDA:61,(anonymous_70)
FNDA:61,(anonymous_71)
DA:14,1
DA:15,1
DA:16,1
DA:17,1
DA:18,1
DA:19,1
DA:20,1
DA:21,1
DA:22,1
DA:23,1
DA:24,1
DA:25,1
DA:26,1
DA:27,1
DA:28,1
DA:29,1
DA:30,1
DA:31,1
DA:32,1
DA:33,1
DA:35,1
DA:36,1
DA:37,1
DA:46,1
DA:47,64
DA:48,64
DA:49,64
DA:50,64
DA:51,64
DA:52,64
DA:53,64
DA:54,64
DA:55,64
DA:56,64
DA:57,64
DA:58,64
DA:59,64
DA:60,64
DA:61,64
DA:62,64
DA:63,64
DA:66,1
DA:68,1
DA:75,1
DA:76,64
DA:77,0
DA:78,0
DA:81,64
DA:83,64
DA:84,61
DA:85,61
DA:88,64
DA:89,64
DA:91,64
DA:92,64
DA:93,64
DA:95,64
DA:104,1
DA:105,1
DA:114,1
DA:115,1
DA:124,1
DA:125,61
DA:126,61
DA:135,1
DA:136,0
DA:137,0
DA:140,0
DA:141,0
DA:142,0
DA:151,1
DA:152,0
DA:153,0
DA:156,0
DA:157,0
DA:167,1
DA:168,61
DA:169,0
DA:172,61
DA:181,1
DA:182,61
DA:191,1
DA:192,122
DA:201,1
DA:202,420
DA:212,1
DA:213,61
DA:214,61
DA:217,61
DA:220,61
DA:223,61
DA:226,61
DA:229,61
DA:231,61
DA:234,61
DA:237,61
DA:240,61
DA:243,61
DA:244,61
DA:256,1
DA:257,61
DA:259,61
DA:261,61
DA:263,61
DA:264,0
DA:267,61
DA:268,0
DA:271,61
DA:272,0
DA:275,61
DA:276,0
DA:279,61
DA:280,1
DA:283,61
DA:284,1
DA:287,61
DA:288,0
DA:291,61
DA:292,0
DA:295,61
DA:297,61
DA:299,61
DA:300,61
DA:301,61
DA:303,61
DA:305,61
DA:306,61
DA:308,61
DA:310,61
DA:311,0
DA:314,61
DA:315,61
DA:317,61
DA:318,5
DA:319,5
DA:320,5
DA:321,0
DA:324,5
DA:325,0
DA:333,61
DA:337,61
DA:338,61
DA:340,61
DA:341,27
DA:351,1
DA:352,61
DA:354,61
DA:356,61
DA:357,61
DA:358,61
DA:361,61
DA:362,0
DA:371,1
DA:372,61
DA:373,61
DA:376,0
DA:377,0
DA:378,0
DA:381,0
DA:389,1
DA:390,0
DA:392,0
DA:394,0
DA:402,1
DA:403,61
DA:404,61
DA:407,0
DA:408,0
DA:409,0
DA:411,0
DA:421,1
DA:422,61
DA:423,61
DA:424,61
DA:427,61
DA:428,61
DA:431,61
DA:433,61
DA:434,61
DA:445,1
DA:446,360
DA:447,360
DA:448,1
DA:449,1
DA:452,359
DA:453,359
DA:455,359
DA:463,1
DA:464,61
DA:465,366
DA:475,1
DA:476,27
DA:477,27
DA:482,27
DA:483,0
DA:486,27
DA:487,27
DA:488,2
DA:489,0
DA:492,2
DA:493,2
DA:494,0
DA:497,2
DA:499,2
DA:500,0
DA:503,2
DA:504,2
DA:506,2
DA:507,0
DA:508,0
DA:509,0
DA:510,0
DA:513,0
DA:514,0
DA:517,0
DA:518,0
DA:519,0
DA:521,0
DA:523,0
DA:524,0
DA:526,0
DA:527,0
DA:528,0
DA:530,0
DA:531,0
DA:532,0
DA:534,0
DA:535,0
DA:536,0
DA:542,0
DA:543,0
DA:546,2
DA:557,1
DA:558,0
DA:559,0
DA:560,0
DA:562,0
DA:563,0
DA:566,0
DA:567,0
DA:568,0
DA:570,0
DA:571,0
DA:574,0
DA:575,0
DA:576,0
DA:577,0
DA:579,0
DA:580,0
DA:581,0
DA:582,0
DA:583,0
DA:588,0
DA:589,0
DA:590,0
DA:591,0
DA:592,0
DA:593,0
DA:596,0
DA:597,0
DA:598,0
DA:599,0
DA:602,0
DA:603,0
DA:604,0
DA:607,0
DA:615,1
DA:624,1
DA:625,61
DA:626,61
DA:627,61
DA:635,1
DA:636,420
DA:637,420
DA:638,420
DA:639,132
DA:640,132
DA:650,1
DA:651,61
DA:659,1
DA:660,61
DA:661,61
DA:663,61
DA:664,0
DA:667,61
DA:668,61
DA:669,60
DA:672,1
DA:673,1
DA:674,1
DA:675,1
DA:684,1
DA:685,1
DA:688,1
DA:697,1
DA:698,13
DA:706,1
DA:707,13
DA:716,1
DA:717,13
DA:718,13
DA:719,13
DA:720,13
DA:721,12
DA:722,12
DA:725,13
DA:726,13
DA:727,13
DA:728,13
DA:729,13
DA:730,13
DA:731,13
DA:739,1
DA:740,12
DA:748,1
DA:749,1
DA:759,1
DA:760,57
DA:761,57
DA:771,1
DA:772,5
DA:773,5
DA:774,1
DA:775,1
DA:778,4
DA:779,3
DA:781,3
DA:784,4
DA:786,4
DA:796,1
DA:797,370
DA:799,370
DA:800,370
DA:801,1
DA:802,1
DA:805,369
DA:806,356
DA:807,356
DA:809,356
DA:812,369
DA:814,369
DA:824,1
DA:825,4
DA:826,0
DA:827,0
DA:830,4
DA:840,1
DA:841,0
DA:842,0
DA:843,0
DA:846,0
DA:856,1
DA:857,1
DA:867,1
DA:868,0
DA:869,0
DA:870,0
DA:871,0
DA:872,0
DA:875,0
DA:876,0
DA:880,0
DA:881,0
DA:885,0
DA:886,0
DA:887,0
DA:891,0
DA:900,1
DA:901,0
DA:902,0
DA:903,0
DA:904,0
DA:905,0
DA:908,0
DA:909,0
DA:913,0
DA:914,0
DA:918,0
DA:919,0
DA:920,0
DA:924,0
DA:933,1
DA:934,0
DA:944,1
DA:945,0
DA:946,0
DA:956,1
DA:957,1
DA:967,1
DA:968,1
DA:978,1
DA:979,1
DA:989,1
DA:990,2
DA:999,1
DA:1000,1
DA:1008,1
DA:1009,12
DA:1010,12
DA:1019,1
DA:1020,77
DA:1029,1
DA:1030,943
DA:1038,1
DA:1039,64
DA:1049,1
DA:1050,374
DA:1059,1
DA:1060,1
DA:1069,1
DA:1070,62
DA:1079,1
DA:1080,68
DA:1089,1
DA:1090,62
DA:1099,1
DA:1100,61
DA:1109,1
DA:1110,62
DA:1119,1
DA:1120,61
DA:1129,1
DA:1130,61
LF:423
LH:294
BRDA:47,1,0,64
BRDA:47,1,1,51
BRDA:76,2,0,0
BRDA:76,2,1,64
BRDA:83,3,0,61
BRDA:83,3,1,3
BRDA:136,4,0,0
BRDA:136,4,1,0
BRDA:152,5,0,0
BRDA:152,5,1,0
BRDA:168,6,0,0
BRDA:168,6,1,61
BRDA:168,7,0,61
BRDA:168,7,1,0
BRDA:214,8,0,61
BRDA:214,8,1,59
BRDA:263,9,0,0
BRDA:263,9,1,61
BRDA:267,10,0,0
BRDA:267,10,1,61
BRDA:271,11,0,0
BRDA:271,11,1,61
BRDA:275,12,0,0
BRDA:275,12,1,61
BRDA:279,13,0,1
BRDA:279,13,1,60
BRDA:279,14,0,61
BRDA:279,14,1,1
BRDA:283,15,0,1
BRDA:283,15,1,60
BRDA:283,16,0,61
BRDA:283,16,1,1
BRDA:287,17,0,0
BRDA:287,17,1,61
BRDA:287,18,0,61
BRDA:287,18,1,0
BRDA:291,19,0,0
BRDA:291,19,1,61
BRDA:301,20,0,61
BRDA:301,20,1,61
BRDA:301,20,2,61
BRDA:301,20,3,61
BRDA:301,20,4,61
BRDA:301,20,5,0
BRDA:306,21,0,61
BRDA:306,21,1,61
BRDA:306,21,2,61
BRDA:306,21,3,61
BRDA:306,21,4,61
BRDA:310,22,0,0
BRDA:310,22,1,61
BRDA:317,23,0,5
BRDA:317,23,1,56
BRDA:320,24,0,0
BRDA:320,24,1,5
BRDA:324,25,0,0
BRDA:324,25,1,5
BRDA:337,26,0,61
BRDA:337,26,1,61
BRDA:337,26,2,61
BRDA:337,26,3,61
BRDA:340,27,0,27
BRDA:340,27,1,34
BRDA:361,28,0,0
BRDA:361,28,1,61
BRDA:372,29,0,61
BRDA:372,29,1,0
BRDA:372,30,0,61
BRDA:372,30,1,0
BRDA:377,31,0,0
BRDA:377,31,1,0
BRDA:377,32,0,0
BRDA:377,32,1,0
BRDA:403,33,0,61
BRDA:403,33,1,0
BRDA:407,34,0,0
BRDA:407,34,1,0
BRDA:407,35,0,0
BRDA:407,35,1,0
BRDA:423,36,0,61
BRDA:423,36,1,0
BRDA:427,37,0,61
BRDA:427,37,1,0
BRDA:447,38,0,1
BRDA:447,38,1,359
BRDA:482,39,0,0
BRDA:482,39,1,27
BRDA:488,40,0,0
BRDA:488,40,1,2
BRDA:488,41,0,2
BRDA:488,41,1,0
BRDA:493,42,0,0
BRDA:493,42,1,2
BRDA:499,43,0,0
BRDA:499,43,1,2
BRDA:499,44,0,2
BRDA:499,44,1,2
BRDA:509,45,0,0
BRDA:509,45,1,0
BRDA:513,46,0,0
BRDA:513,46,1,0
BRDA:517,47,0,0
BRDA:517,47,1,0
BRDA:521,48,0,0
BRDA:521,48,1,0
BRDA:526,49,0,0
BRDA:526,49,1,0
BRDA:526,50,0,0
BRDA:526,50,1,0
BRDA:531,51,0,0
BRDA:531,51,1,0
BRDA:562,52,0,0
BRDA:562,52,1,0
BRDA:570,53,0,0
BRDA:570,53,1,0
BRDA:581,54,0,0
BRDA:581,54,1,0
BRDA:588,55,0,0
BRDA:588,55,1,0
BRDA:592,56,0,0
BRDA:592,56,1,0
BRDA:598,57,0,0
BRDA:598,57,1,0
BRDA:602,58,0,0
BRDA:602,58,1,0
BRDA:603,59,0,0
BRDA:603,59,1,0
BRDA:663,60,0,0
BRDA:663,60,1,61
BRDA:668,61,0,60
BRDA:668,61,1,1
BRDA:668,62,0,61
BRDA:668,62,1,61
BRDA:720,63,0,12
BRDA:720,63,1,1
BRDA:773,64,0,1
BRDA:773,64,1,4
BRDA:778,65,0,3
BRDA:778,65,1,1
BRDA:800,66,0,1
BRDA:800,66,1,369
BRDA:805,67,0,356
BRDA:805,67,1,13
BRDA:825,68,0,0
BRDA:825,68,1,4
BRDA:841,69,0,0
BRDA:841,69,1,0
BRDA:870,70,0,0
BRDA:870,70,1,0
BRDA:875,71,0,0
BRDA:875,71,1,0
BRDA:880,72,0,0
BRDA:880,72,1,0
BRDA:880,73,0,0
BRDA:880,73,1,0
BRDA:880,73,2,0
BRDA:885,74,0,0
BRDA:885,74,1,0
BRDA:903,75,0,0
BRDA:903,75,1,0
BRDA:908,76,0,0
BRDA:908,76,1,0
BRDA:913,77,0,0
BRDA:913,77,1,0
BRDA:913,78,0,0
BRDA:913,78,1,0
BRDA:913,78,2,0
BRDA:918,79,0,0
BRDA:918,79,1,0
BRF:169
BRH:76
end_of_record
TN:
SF:/Users/justin/Documents/Projects/bearcatjs/lib/aop/autoproxy/autoProxyCreator.js
FN:24,(anonymous_1)
FN:36,(anonymous_2)
FN:49,(anonymous_3)
FN:59,(anonymous_4)
FN:69,(anonymous_5)
FN:81,(anonymous_6)
FN:113,(anonymous_7)
FN:135,(anonymous_8)
FN:147,(anonymous_9)
FN:160,(anonymous_10)
FN:190,(anonymous_11)
FN:214,(anonymous_12)
FNF:12
FNH:12
FNDA:61,(anonymous_1)
FNDA:159,(anonymous_2)
FNDA:159,(anonymous_3)
FNDA:61,(anonymous_4)
FNDA:30,(anonymous_5)
FNDA:159,(anonymous_6)
FNDA:30,(anonymous_7)
FNDA:119,(anonymous_8)
FNDA:119,(anonymous_9)
FNDA:119,(anonymous_10)
FNDA:119,(anonymous_11)
FNDA:360,(anonymous_12)
DA:14,1
DA:15,1
DA:16,1
DA:17,1
DA:24,1
DA:25,61
DA:36,1
DA:37,159
DA:49,1
DA:50,159
DA:59,1
DA:60,61
DA:69,1
DA:70,30
DA:81,1
DA:82,159
DA:84,159
DA:85,20
DA:89,139
DA:90,20
DA:93,119
DA:95,119
DA:96,30
DA:97,30
DA:100,89
DA:113,1
DA:114,30
DA:115,30
DA:116,30
DA:117,30
DA:118,30
DA:120,30
DA:121,220
DA:124,30
DA:135,1
DA:136,119
DA:147,1
DA:148,119
DA:149,119
DA:160,1
DA:161,119
DA:163,119
DA:165,119
DA:166,40
DA:167,40
DA:168,40
DA:169,40
DA:170,40
DA:171,40
DA:172,360
DA:173,360
DA:174,360
DA:178,119
DA:190,1
DA:191,119
DA:193,119
DA:194,360
DA:195,360
DA:196,220
DA:200,119
DA:202,119
DA:214,1
DA:215,360
DA:217,360
DA:219,360
DA:220,1150
DA:222,1150
DA:223,220
DA:227,140
DA:230,1
LF:70
LH:70
BRDA:84,1,0,20
BRDA:84,1,1,139
BRDA:89,2,0,20
BRDA:89,2,1,119
BRDA:95,3,0,30
BRDA:95,3,1,89
BRDA:95,4,0,119
BRDA:95,4,1,119
BRDA:195,5,0,220
BRDA:195,5,1,140
BRDA:222,6,0,220
BRDA:222,6,1,930
BRF:12
BRH:12
end_of_record
TN:
SF:/Users/justin/Documents/Projects/bearcatjs/lib/aop/framework/proxyFactory.js
FN:27,(anonymous_1)
FN:48,(anonymous_2)
FNF:2
FNH:2
FNDA:31,(anonymous_1)
FNDA:30,(anonymous_2)
DA:14,1
DA:15,1
DA:16,1
DA:17,1
DA:18,1
DA:27,1
DA:28,31
DA:29,31
DA:31,31
DA:32,1
DA:35,31
DA:36,1
DA:40,1
DA:48,1
DA:49,30
DA:50,30
DA:51,30
DA:54,1
LF:18
LH:18
BRDA:31,1,0,1
BRDA:31,1,1,30
BRDA:35,2,0,1
BRDA:35,2,1,30
BRF:4
BRH:4
end_of_record
TN:
SF:/Users/justin/Documents/Projects/bearcatjs/lib/aop/framework/dynamicAopProxy.js
FN:24,(anonymous_1)
FN:35,(anonymous_2)
FN:44,(anonymous_3)
FN:50,(anonymous_4)
FN:67,(anonymous_5)
FN:76,(anonymous_6)
FN:103,(anonymous_7)
FN:109,(anonymous_8)
FN:112,(anonymous_9)
FN:115,(anonymous_10)
FN:118,(anonymous_11)
FN:127,(anonymous_12)
FN:146,(anonymous_13)
FN:155,(anonymous_14)
FN:164,(anonymous_15)
FN:190,(anonymous_16)
FN:219,(anonymous_17)
FN:233,(anonymous_18)
FN:242,(anonymous_19)
FN:257,(anonymous_20)
FNF:20
FNH:19
FNDA:31,(anonymous_1)
FNDA:31,(anonymous_2)
FNDA:250,(anonymous_3)
FNDA:20,(anonymous_4)
FNDA:20,(anonymous_5)
FNDA:0,(anonymous_6)
FNDA:20,(anonymous_7)
FNDA:4,(anonymous_8)
FNDA:4,(anonymous_9)
FNDA:6,(anonymous_10)
FNDA:6,(anonymous_11)
FNDA:2,(anonymous_12)
FNDA:20,(anonymous_13)
FNDA:26,(anonymous_14)
FNDA:18,(anonymous_15)
FNDA:4,(anonymous_16)
FNDA:12,(anonymous_17)
FNDA:8,(anonymous_18)
FNDA:4,(anonymous_19)
FNDA:250,(anonymous_20)
DA:14,1
DA:15,1
DA:16,1
DA:24,1
DA:25,31
DA:26,31
DA:35,1
DA:36,31
DA:37,1
DA:38,1
DA:41,30
DA:42,30
DA:43,30
DA:44,250
DA:45,250
DA:46,10
DA:47,10
DA:50,240
DA:51,20
DA:52,20
DA:67,1
DA:68,20
DA:69,20
DA:70,20
DA:71,20
DA:74,8
DA:76,8
DA:77,8
DA:80,20
DA:81,20
DA:82,20
DA:84,20
DA:85,20
DA:87,20
DA:88,20
DA:90,20
DA:91,20
DA:92,4
DA:95,20
DA:96,20
DA:98,20
DA:99,20
DA:100,4
DA:103,20
DA:104,20
DA:105,2
DA:108,18
DA:109,4
DA:110,4
DA:111,4
DA:112,4
DA:115,14
DA:116,6
DA:117,6
DA:118,6
DA:121,14
DA:122,6
DA:123,6
DA:125,8
DA:126,8
DA:127,2
DA:130,8
DA:146,1
DA:147,20
DA:149,20
DA:151,20
DA:152,12
DA:155,8
DA:156,26
DA:157,8
DA:160,18
DA:161,18
DA:162,18
DA:164,18
DA:165,18
DA:168,18
DA:169,2
DA:170,2
DA:172,16
DA:176,8
DA:190,1
DA:191,4
DA:192,4
DA:193,4
DA:199,4
DA:200,2
DA:201,2
DA:202,2
DA:203,2
DA:205,2
DA:219,1
DA:220,12
DA:222,12
DA:223,8
DA:229,4
DA:230,2
DA:233,4
DA:234,8
DA:235,4
DA:238,4
DA:239,4
DA:240,4
DA:242,4
DA:243,4
DA:246,4
DA:247,4
DA:250,4
DA:253,1
DA:257,1
DA:258,250
DA:259,1210
DA:260,10
DA:264,240
DA:267,1
LF:114
LH:114
BRDA:36,1,0,1
BRDA:36,1,1,30
BRDA:45,2,0,10
BRDA:45,2,1,240
BRDA:71,3,0,8
BRDA:71,3,1,12
BRDA:91,4,0,4
BRDA:91,4,1,16
BRDA:91,5,0,20
BRDA:91,5,1,20
BRDA:99,6,0,4
BRDA:99,6,1,16
BRDA:99,7,0,20
BRDA:99,7,1,20
BRDA:104,8,0,2
BRDA:104,8,1,18
BRDA:108,9,0,4
BRDA:108,9,1,14
BRDA:121,10,0,6
BRDA:121,10,1,8
BRDA:126,11,0,2
BRDA:126,11,1,6
BRDA:151,12,0,12
BRDA:151,12,1,8
BRDA:151,13,0,20
BRDA:151,13,1,20
BRDA:151,13,2,20
BRDA:156,14,0,8
BRDA:156,14,1,18
BRDA:156,15,0,26
BRDA:156,15,1,24
BRDA:168,16,0,2
BRDA:168,16,1,16
BRDA:199,17,0,2
BRDA:199,17,1,2
BRDA:222,18,0,8
BRDA:222,18,1,4
BRDA:222,19,0,12
BRDA:222,19,1,12
BRDA:222,19,2,12
BRDA:229,20,0,2
BRDA:229,20,1,2
BRDA:234,21,0,4
BRDA:234,21,1,4
BRDA:234,22,0,8
BRDA:234,22,1,8
BRDA:259,23,0,10
BRDA:259,23,1,1200
BRF:48
BRH:48
end_of_record
TN:
SF:/Users/justin/Documents/Projects/bearcatjs/lib/aop/framework/advisedSupport.js
FN:19,(anonymous_1)
FN:34,(anonymous_2)
FN:44,(anonymous_3)
FN:54,(anonymous_4)
FN:64,(anonymous_5)
FN:76,(anonymous_6)
FN:86,(anonymous_7)
FN:96,(anonymous_8)
FN:106,(anonymous_9)
FN:116,(anonymous_10)
FN:126,(anonymous_11)
FN:139,(anonymous_12)
FN:160,(anonymous_13)
FNF:13
FNH:13
FNDA:31,(anonymous_1)
FNDA:31,(anonymous_2)
FNDA:31,(anonymous_3)
FNDA:20,(anonymous_4)
FNDA:31,(anonymous_5)
FNDA:252,(anonymous_6)
FNDA:30,(anonymous_7)
FNDA:60,(anonymous_8)
FNDA:220,(anonymous_9)
FNDA:30,(anonymous_10)
FNDA:30,(anonymous_11)
FNDA:60,(anonymous_12)
FNDA:60,(anonymous_13)
DA:13,1
DA:19,1
DA:20,31
DA:21,31
DA:22,31
DA:23,31
DA:24,31
DA:25,31
DA:34,1
DA:35,31
DA:44,1
DA:45,31
DA:54,1
DA:55,20
DA:64,1
DA:65,31
DA:66,252
DA:76,1
DA:77,252
DA:86,1
DA:87,30
DA:96,1
DA:97,60
DA:106,1
DA:107,220
DA:116,1
DA:117,30
DA:126,1
DA:127,30
DA:139,1
DA:140,60
DA:141,60
DA:143,60
DA:144,60
DA:145,60
DA:148,60
DA:160,1
DA:161,60
DA:162,60
DA:163,60
DA:165,60
DA:166,540
DA:167,540
DA:168,540
DA:169,360
DA:172,180
DA:173,26
DA:177,60
DA:179,60
DA:182,1
LF:50
LH:50
BRDA:143,1,0,60
BRDA:143,1,1,0
BRDA:168,2,0,360
BRDA:168,2,1,180
BRDA:172,3,0,26
BRDA:172,3,1,154
BRF:6
BRH:5
end_of_record
TN:
SF:/Users/justin/Documents/Projects/bearcatjs/lib/aop/targetSource.js
FN:21,(anonymous_1)
FN:32,(anonymous_2)
FN:42,(anonymous_3)
FN:52,(anonymous_4)
FN:62,(anonymous_5)
FN:66,(anonymous_6)
FNF:6
FNH:5
FNDA:31,(anonymous_1)
FNDA:1,(anonymous_2)
FNDA:20,(anonymous_3)
FNDA:1,(anonymous_4)
FNDA:20,(anonymous_5)
FNDA:0,(anonymous_6)
DA:21,1
DA:22,31
DA:23,31
DA:32,1
DA:33,1
DA:42,1
DA:43,20
DA:52,1
DA:53,1
DA:62,1
DA:63,20
DA:66,1
DA:70,1
LF:13
LH:13
BRF:0
BRH:0
end_of_record
TN:
SF:/Users/justin/Documents/Projects/bearcatjs/lib/util/aopUtil.js
FN:27,(anonymous_1)
FN:65,(anonymous_2)
FN:86,(anonymous_3)
FNF:3
FNH:3
FNDA:21,(anonymous_1)
FNDA:390,(anonymous_2)
FNDA:119,(anonymous_3)
DA:14,1
DA:15,1
DA:16,1
DA:17,1
DA:27,1
DA:28,21
DA:29,21
DA:30,21
DA:31,21
DA:33,21
DA:34,181
DA:35,181
DA:36,181
DA:37,181
DA:38,181
DA:40,181
DA:41,1
DA:44,180
DA:45,180
DA:46,180
DA:47,180
DA:48,180
DA:49,180
DA:50,180
DA:52,180
DA:55,21
DA:65,1
DA:66,390
DA:67,390
DA:69,390
DA:70,2780
DA:71,2780
DA:72,2590
DA:76,390
DA:86,1
DA:87,119
DA:89,119
DA:92,1
LF:38
LH:38
BRDA:38,1,0,181
BRDA:38,1,1,141
BRDA:40,2,0,1
BRDA:40,2,1,180
BRDA:40,3,0,181
BRDA:40,3,1,180
BRDA:71,4,0,2590
BRDA:71,4,1,190
BRF:8
BRH:8
end_of_record
TN:
SF:/Users/justin/Documents/Projects/bearcatjs/lib/aop/advisor.js
FN:21,(anonymous_1)
FN:36,(anonymous_2)
FN:53,(anonymous_3)
FN:63,(anonymous_4)
FN:73,(anonymous_5)
FN:83,(anonymous_6)
FN:93,(anonymous_7)
FN:103,(anonymous_8)
FN:113,(anonymous_9)
FN:123,(anonymous_10)
FN:133,(anonymous_11)
FN:143,(anonymous_12)
FN:153,(anonymous_13)
FN:162,(anonymous_14)
FNF:14
FNH:14
FNDA:181,(anonymous_1)
FNDA:181,(anonymous_2)
FNDA:900,(anonymous_3)
FNDA:180,(anonymous_4)
FNDA:26,(anonymous_5)
FNDA:181,(anonymous_6)
FNDA:1,(anonymous_7)
FNDA:360,(anonymous_8)
FNDA:26,(anonymous_9)
FNDA:180,(anonymous_10)
FNDA:902,(anonymous_11)
FNDA:180,(anonymous_12)
FNDA:22,(anonymous_13)
FNDA:180,(anonymous_14)
DA:14,1
DA:21,1
DA:22,181
DA:23,181
DA:24,181
DA:25,181
DA:26,181
DA:27,181
DA:36,1
DA:37,181
DA:38,1
DA:41,180
DA:42,180
DA:44,180
DA:53,1
DA:54,900
DA:63,1
DA:64,180
DA:73,1
DA:74,26
DA:83,1
DA:84,181
DA:93,1
DA:94,1
DA:103,1
DA:104,360
DA:113,1
DA:114,26
DA:123,1
DA:124,180
DA:133,1
DA:134,902
DA:143,1
DA:144,180
DA:153,1
DA:154,22
DA:162,1
DA:163,180
DA:166,1
LF:39
LH:39
BRDA:37,1,0,1
BRDA:37,1,1,180
BRF:2
BRH:2
end_of_record
TN:
SF:/Users/justin/Documents/Projects/bearcatjs/lib/aop/pointcut.js
FN:21,(anonymous_1)
FN:33,(anonymous_2)
FN:43,(anonymous_3)
FN:53,(anonymous_4)
FN:63,(anonymous_5)
FN:73,(anonymous_6)
FN:83,(anonymous_7)
FN:92,(anonymous_8)
FN:111,(anonymous_9)
FNF:9
FNH:9
FNDA:181,(anonymous_1)
FNDA:180,(anonymous_2)
FNDA:181,(anonymous_3)
FNDA:180,(anonymous_4)
FNDA:540,(anonymous_5)
FNDA:180,(anonymous_6)
FNDA:1330,(anonymous_7)
FNDA:181,(anonymous_8)
FNDA:1330,(anonymous_9)
DA:14,1
DA:21,1
DA:22,181
DA:23,181
DA:24,181
DA:33,1
DA:34,180
DA:43,1
DA:44,181
DA:53,1
DA:54,180
DA:63,1
DA:64,540
DA:73,1
DA:74,180
DA:83,1
DA:84,1330
DA:92,1
DA:93,181
DA:94,181
DA:95,1
DA:98,180
DA:99,180
DA:100,180
DA:101,180
DA:111,1
DA:112,1330
DA:114,1330
DA:117,1
LF:29
LH:29
BRDA:94,1,0,1
BRDA:94,1,1,180
BRDA:99,2,0,180
BRDA:99,2,1,0
BRDA:99,3,0,180
BRDA:99,3,1,180
BRF:6
BRH:5
end_of_record
TN:
SF:/Users/justin/Documents/Projects/bearcatjs/lib/aop/aspect.js
FN:19,(anonymous_1)
FN:32,(anonymous_2)
FN:42,(anonymous_3)
FN:52,(anonymous_4)
FN:62,(anonymous_5)
FN:72,(anonymous_6)
FN:82,(anonymous_7)
FN:92,(anonymous_8)
FN:102,(anonymous_9)
FNF:9
FNH:9
FNDA:22,(anonymous_1)
FNDA:180,(anonymous_2)
FNDA:40,(anonymous_3)
FNDA:22,(anonymous_4)
FNDA:1,(anonymous_5)
FNDA:21,(anonymous_6)
FNDA:40,(anonymous_7)
FNDA:41,(anonymous_8)
FNDA:1,(anonymous_9)
DA:19,1
DA:20,22
DA:21,22
DA:22,22
DA:23,22
DA:32,1
DA:33,180
DA:42,1
DA:43,40
DA:52,1
DA:53,22
DA:62,1
DA:63,1
DA:72,1
DA:73,21
DA:82,1
DA:83,40
DA:92,1
DA:93,41
DA:102,1
DA:103,1
DA:106,1
LF:22
LH:22
BRF:0
BRH:0
end_of_record
TN:
SF:/Users/justin/Documents/Projects/bearcatjs/lib/model/modelKeyMapResolver.js
FN:21,(anonymous_1)
FN:31,(anonymous_2)
FN:41,(anonymous_3)
FN:61,(anonymous_4)
FNF:4
FNH:4
FNDA:61,(anonymous_1)
FNDA:66,(anonymous_2)
FNDA:66,(anonymous_3)
FNDA:28,(anonymous_4)
DA:14,1
DA:21,1
DA:31,1
DA:32,66
DA:41,1
DA:42,66
DA:44,66
DA:45,14
DA:46,14
DA:47,14
DA:48,14
DA:61,1
DA:62,28
DA:64,28
DA:65,28
DA:66,28
DA:67,28
DA:68,28
DA:69,28
DA:71,28
DA:72,130
DA:73,130
DA:74,130
DA:75,130
DA:76,130
DA:78,130
DA:79,130
DA:80,92
DA:83,130
DA:85,130
DA:86,14
DA:88,14
DA:89,0
DA:90,0
DA:93,14
DA:99,14
DA:100,4
DA:103,14
DA:104,14
DA:107,116
DA:118,1
LF:41
LH:39
BRDA:66,1,0,28
BRDA:66,1,1,24
BRDA:79,2,0,92
BRDA:79,2,1,38
BRDA:85,3,0,14
BRDA:85,3,1,116
BRDA:88,4,0,0
BRDA:88,4,1,14
BRDA:99,5,0,4
BRDA:99,5,1,10
BRF:10
BRH:9
end_of_record
TN:
SF:/Users/justin/Documents/Projects/bearcatjs/lib/resource/asyncScriptLoader.js
FN:22,(anonymous_1)
FN:31,(anonymous_2)
FN:43,(anonymous_3)
FN:54,(anonymous_4)
FN:63,(anonymous_5)
FN:84,(anonymous_6)
FN:103,(anonymous_7)
FN:125,(anonymous_8)
FN:143,(anonymous_9)
FN:174,(anonymous_10)
FN:188,(anonymous_11)
FN:198,(anonymous_12)
FNF:12
FNH:1
FNDA:1,(anonymous_1)
FNDA:0,(anonymous_2)
FNDA:0,(anonymous_3)
FNDA:0,(anonymous_4)
FNDA:0,(anonymous_5)
FNDA:0,(anonymous_6)
FNDA:0,(anonymous_7)
FNDA:0,(anonymous_8)
FNDA:0,(anonymous_9)
FNDA:0,(anonymous_10)
FNDA:0,(anonymous_11)
FNDA:0,(anonymous_12)
DA:14,1
DA:15,1
DA:16,1
DA:17,1
DA:18,1
DA:19,1
DA:21,1
DA:22,1
DA:23,1
DA:31,1
DA:32,0
DA:33,0
DA:34,0
DA:43,1
DA:44,0
DA:54,1
DA:55,0
DA:57,0
DA:58,0
DA:60,0
DA:61,0
DA:63,0
DA:64,0
DA:65,0
DA:68,0
DA:69,0
DA:70,0
DA:71,0
DA:74,0
DA:84,1
DA:85,0
DA:88,0
DA:89,0
DA:90,0
DA:91,0
DA:92,0
DA:103,1
DA:104,0
DA:106,0
DA:112,0
DA:125,1
DA:127,0
DA:128,0
DA:129,0
DA:130,0
DA:133,0
DA:143,1
DA:144,0
DA:145,0
DA:146,0
DA:149,0
DA:151,0
DA:152,0
DA:153,0
DA:155,0
DA:157,0
DA:158,0
DA:160,0
DA:164,0
DA:174,1
DA:175,0
DA:176,0
DA:188,1
DA:189,0
DA:198,1
DA:199,0
DA:202,1
LF:67
LH:20
BRDA:64,1,0,0
BRDA:64,1,1,0
BRDA:88,2,0,0
BRDA:88,2,1,0
BRDA:89,3,0,0
BRDA:89,3,1,0
BRDA:90,4,0,0
BRDA:90,4,1,0
BRDA:112,5,0,0
BRDA:112,5,1,0
BRDA:128,6,0,0
BRDA:128,6,1,0
BRDA:145,7,0,0
BRDA:145,7,1,0
BRDA:145,8,0,0
BRDA:145,8,1,0
BRDA:155,9,0,0
BRDA:155,9,1,0
BRDA:157,10,0,0
BRDA:157,10,1,0
BRDA:175,11,0,0
BRDA:175,11,1,0
BRDA:175,12,0,0
BRDA:175,12,1,0
BRDA:189,13,0,0
BRDA:189,13,1,0
BRF:26
BRH:0
end_of_record
TN:
SF:/Users/justin/Documents/Projects/bearcatjs/lib/beans/support/beanModule.js
FN:47,(anonymous_1)
FN:64,(anonymous_2)
FN:83,(anonymous_3)
FN:119,(anonymous_4)
FN:171,(anonymous_5)
FN:192,(anonymous_6)
FN:204,(anonymous_7)
FN:250,sendRequest
FN:254,onRequest
FN:284,(anonymous_10)
FN:294,(anonymous_11)
FN:304,(anonymous_12)
FN:314,(anonymous_13)
FNF:13
FNH:0
FNDA:0,(anonymous_1)
FNDA:0,(anonymous_2)
FNDA:0,(anonymous_3)
FNDA:0,(anonymous_4)
FNDA:0,(anonymous_5)
FNDA:0,(anonymous_6)
FNDA:0,(anonymous_7)
FNDA:0,sendRequest
FNDA:0,onRequest
FNDA:0,(anonymous_10)
FNDA:0,(anonymous_11)
FNDA:0,(anonymous_12)
FNDA:0,(anonymous_13)
DA:15,1
DA:16,1
DA:18,1
DA:20,1
DA:21,1
DA:22,1
DA:24,1
DA:47,1
DA:48,0
DA:49,0
DA:50,0
DA:51,0
DA:52,0
DA:53,0
DA:54,0
DA:55,0
DA:56,0
DA:64,1
DA:65,0
DA:66,0
DA:67,0
DA:69,0
DA:70,0
DA:71,0
DA:72,0
DA:75,0
DA:83,1
DA:84,0
DA:86,0
DA:89,0
DA:90,0
DA:92,0
DA:93,0
DA:94,0
DA:96,0
DA:97,0
DA:98,0
DA:99,0
DA:100,0
DA:101,0
DA:106,0
DA:107,0
DA:108,0
DA:109,0
DA:119,1
DA:120,0
DA:122,0
DA:123,0
DA:126,0
DA:127,0
DA:129,0
DA:131,0
DA:132,0
DA:136,0
DA:139,0
DA:140,0
DA:141,0
DA:145,0
DA:146,0
DA:148,0
DA:149,0
DA:151,0
DA:152,0
DA:153,0
DA:154,0
DA:159,0
DA:160,0
DA:161,0
DA:171,1
DA:172,0
DA:173,0
DA:176,0
DA:177,0
DA:178,0
DA:179,0
DA:180,0
DA:184,0
DA:192,1
DA:193,0
DA:194,0
DA:195,0
DA:204,1
DA:205,0
DA:206,0
DA:207,0
DA:209,0
DA:210,0
DA:213,0
DA:217,0
DA:220,0
DA:221,0
DA:222,0
DA:225,0
DA:226,0
DA:227,0
DA:230,0
DA:231,0
DA:234,0
DA:244,0
DA:245,0
DA:250,1
DA:251,0
DA:254,1
DA:255,0
DA:256,0
DA:259,0
DA:260,0
DA:261,0
DA:265,0
DA:266,0
DA:267,0
DA:269,0
DA:270,0
DA:272,0
DA:284,1
DA:285,0
DA:294,1
DA:295,0
DA:304,1
DA:305,0
DA:314,1
DA:315,0
DA:318,1
DA:319,1
DA:321,1
LF:125
LH:23
BRDA:49,1,0,0
BRDA:49,1,1,0
BRDA:96,2,0,0
BRDA:96,2,1,0
BRDA:96,3,0,0
BRDA:96,3,1,0
BRDA:100,4,0,0
BRDA:100,4,1,0
BRDA:106,5,0,0
BRDA:106,5,1,0
BRDA:122,6,0,0
BRDA:122,6,1,0
BRDA:139,7,0,0
BRDA:139,7,1,0
BRDA:151,8,0,0
BRDA:151,8,1,0
BRDA:153,9,0,0
BRDA:153,9,1,0
BRDA:160,10,0,0
BRDA:160,10,1,0
BRDA:176,11,0,0
BRDA:176,11,1,0
BRDA:179,12,0,0
BRDA:179,12,1,0
BRDA:217,13,0,0
BRDA:217,13,1,0
BRDA:220,14,0,0
BRDA:220,14,1,0
BRDA:220,15,0,0
BRDA:220,15,1,0
BRDA:225,16,0,0
BRDA:225,16,1,0
BRDA:244,17,0,0
BRDA:244,17,1,0
BRDA:245,18,0,0
BRDA:245,18,1,0
BRDA:259,19,0,0
BRDA:259,19,1,0
BRDA:269,20,0,0
BRDA:269,20,1,0
BRF:40
BRH:0
end_of_record
TN:
SF:/Users/justin/Documents/Projects/bearcatjs/lib/util/requestUtil.js
FN:28,(anonymous_1)
FN:45,(anonymous_2)
FN:65,(anonymous_3)
FN:112,(anonymous_4)
FN:117,(anonymous_5)
FN:126,(anonymous_6)
FN:133,onload
FNF:7
FNH:0
FNDA:0,(anonymous_1)
FNDA:0,(anonymous_2)
FNDA:0,(anonymous_3)
FNDA:0,(anonymous_4)
FNDA:0,(anonymous_5)
FNDA:0,(anonymous_6)
FNDA:0,onload
DA:15,1
DA:16,1
DA:17,1
DA:28,1
DA:29,0
DA:30,0
DA:32,0
DA:45,1
DA:47,0
DA:48,0
DA:49,0
DA:51,0
DA:53,0
DA:65,1
DA:66,0
DA:67,0
DA:68,0
DA:70,0
DA:72,0
DA:73,0
DA:74,0
DA:75,0
DA:80,0
DA:81,0
DA:82,0
DA:85,0
DA:87,0
DA:88,0
DA:93,0
DA:96,0
DA:100,0
DA:112,1
DA:113,0
DA:115,0
DA:116,0
DA:117,0
DA:123,0
DA:126,0
DA:127,0
DA:128,0
DA:133,1
DA:135,0
DA:139,0
DA:140,0
DA:144,0
DA:146,0
DA:150,1
LF:47
LH:9
BRDA:29,1,0,0
BRDA:29,1,1,0
BRDA:67,2,0,0
BRDA:67,2,1,0
BRDA:67,2,2,0
BRDA:72,3,0,0
BRDA:72,3,1,0
BRDA:73,4,0,0
BRDA:73,4,1,0
BRDA:74,5,0,0
BRDA:74,5,1,0
BRDA:80,6,0,0
BRDA:80,6,1,0
BRDA:81,7,0,0
BRDA:81,7,1,0
BRDA:96,8,0,0
BRDA:96,8,1,0
BRDA:115,9,0,0
BRDA:115,9,1,0
BRDA:127,10,0,0
BRDA:127,10,1,0
BRDA:139,11,0,0
BRDA:139,11,1,0
BRF:23
BRH:0
end_of_record
TN:
SF:/Users/justin/Documents/Projects/bearcatjs/lib/util/scriptUtil.js
FN:29,(anonymous_1)
FN:36,dirname
FN:42,realpath
FN:65,normalize
FN:83,parseAlias
FN:88,parsePaths
FN:99,parseVars
FN:103,(anonymous_8)
FN:111,parseMap
FN:135,addBase
FN:165,id2Uri
FN:259,getScriptAbsoluteSrc
FNF:12
FNH:0
FNDA:0,(anonymous_1)
FNDA:0,dirname
FNDA:0,realpath
FNDA:0,normalize
FNDA:0,parseAlias
FNDA:0,parsePaths
FNDA:0,parseVars
FNDA:0,(anonymous_8)
FNDA:0,parseMap
FNDA:0,addBase
FNDA:0,id2Uri
FNDA:0,getScriptAbsoluteSrc
DA:16,1
DA:18,1
DA:20,1
DA:21,1
DA:22,1
DA:29,1
DA:30,0
DA:31,0
DA:36,1
DA:37,0
DA:42,1
DA:44,0
DA:52,0
DA:55,0
DA:56,0
DA:59,0
DA:65,1
DA:66,0
DA:67,0
DA:70,0
DA:71,0
DA:74,0
DA:80,0
DA:81,0
DA:83,1
DA:84,0
DA:85,0
DA:88,1
DA:89,0
DA:90,0
DA:92,0
DA:93,0
DA:96,0
DA:99,1
DA:100,0
DA:102,0
DA:103,0
DA:104,0
DA:108,0
DA:111,1
DA:112,0
DA:113,0
DA:115,0
DA:116,0
DA:117,0
DA:119,0
DA:124,0
DA:128,0
DA:132,0
DA:133,0
DA:135,1
DA:136,0
DA:137,0
DA:140,0
DA:141,0
DA:144,0
DA:145,0
DA:148,0
DA:149,0
DA:150,0
DA:154,0
DA:158,0
DA:159,0
DA:162,0
DA:165,1
DA:166,0
DA:168,0
DA:169,0
DA:170,0
DA:171,0
DA:172,0
DA:173,0
DA:174,0
DA:176,0
DA:177,0
DA:178,0
DA:180,0
DA:187,0
DA:190,0
DA:191,0
DA:193,0
DA:195,0
DA:197,0
DA:200,0
DA:201,0
DA:202,0
DA:203,0
DA:206,0
DA:209,0
DA:211,0
DA:217,0
DA:219,0
DA:227,0
DA:228,0
DA:229,0
DA:230,0
DA:231,0
DA:234,0
DA:235,0
DA:238,0
DA:241,0
DA:243,0
DA:248,0
DA:249,0
DA:252,0
DA:253,0
DA:256,0
DA:259,1
DA:260,0
DA:265,0
DA:267,0
DA:270,0
DA:273,1
LF:113
LH:17
BRDA:30,1,0,0
BRDA:30,1,1,0
BRDA:70,2,0,0
BRDA:70,2,1,0
BRDA:74,3,0,0
BRDA:74,3,1,0
BRDA:74,4,0,0
BRDA:74,4,1,0
BRDA:74,4,2,0
BRDA:85,5,0,0
BRDA:85,5,1,0
BRDA:85,6,0,0
BRDA:85,6,1,0
BRDA:92,7,0,0
BRDA:92,7,1,0
BRDA:92,8,0,0
BRDA:92,8,1,0
BRDA:92,8,2,0
BRDA:102,9,0,0
BRDA:102,9,1,0
BRDA:102,10,0,0
BRDA:102,10,1,0
BRDA:104,11,0,0
BRDA:104,11,1,0
BRDA:115,12,0,0
BRDA:115,12,1,0
BRDA:119,13,0,0
BRDA:119,13,1,0
BRDA:120,14,0,0
BRDA:120,14,1,0
BRDA:124,15,0,0
BRDA:124,15,1,0
BRDA:140,16,0,0
BRDA:140,16,1,0
BRDA:144,17,0,0
BRDA:144,17,1,0
BRDA:145,18,0,0
BRDA:145,18,1,0
BRDA:148,19,0,0
BRDA:148,19,1,0
BRDA:150,20,0,0
BRDA:150,20,1,0
BRDA:158,21,0,0
BRDA:158,21,1,0
BRDA:166,22,0,0
BRDA:166,22,1,0
BRDA:187,23,0,0
BRDA:187,23,1,0
BRDA:187,23,2,0
BRDA:195,24,0,0
BRDA:195,24,1,0
BRDA:195,25,0,0
BRDA:195,25,1,0
BRDA:197,26,0,0
BRDA:197,26,1,0
BRDA:230,27,0,0
BRDA:230,27,1,0
BRDA:235,28,0,0
BRDA:235,28,1,0
BRDA:243,29,0,0
BRDA:243,29,1,0
BRDA:248,30,0,0
BRDA:248,30,1,0
BRDA:256,31,0,0
BRDA:256,31,1,0
BRDA:260,32,0,0
BRDA:260,32,1,0
BRDA:267,33,0,0
BRDA:267,33,1,0
BRF:69
BRH:0
end_of_record
TN:
SF:/Users/justin/Documents/Projects/bearcatjs/lib/resource/bootStrapLoader.js
FN:19,(anonymous_1)
FN:29,(anonymous_2)
FNF:2
FNH:0
FNDA:0,(anonymous_1)
FNDA:0,(anonymous_2)
DA:19,1
DA:29,1
DA:30,0
DA:31,0
DA:32,0
DA:36,1
LF:6
LH:3
BRF:0
BRH:0
end_of_record
TN:
SF:/Users/justin/Documents/Projects/bearcatjs/lib/resource/resourceLoader.js
FN:21,(anonymous_1)
FN:34,(anonymous_2)
FN:45,(anonymous_3)
FN:56,(anonymous_4)
FNF:4
FNH:4
FNDA:62,(anonymous_1)
FNDA:62,(anonymous_2)
FNDA:62,(anonymous_3)
FNDA:63,(anonymous_4)
DA:14,1
DA:21,1
DA:22,62
DA:23,62
DA:26,1
DA:34,1
DA:35,62
DA:36,62
DA:45,1
DA:46,62
DA:56,1
DA:57,63
DA:58,1
DA:61,62
DA:62,62
DA:63,62
DA:65,62
LF:17
LH:17
BRDA:57,1,0,1
BRDA:57,1,1,62
BRF:2
BRH:2
end_of_record
TN:
SF:/Users/justin/Documents/Projects/bearcatjs/lib/resource/configLoader.js
FN:27,(anonymous_1)
FN:37,(anonymous_2)
FN:48,(anonymous_3)
FN:73,(anonymous_4)
FNF:4
FNH:4
FNDA:63,(anonymous_1)
FNDA:63,(anonymous_2)
FNDA:63,(anonymous_3)
FNDA:69,(anonymous_4)
DA:14,1
DA:15,1
DA:16,1
DA:17,1
DA:18,1
DA:19,1
DA:20,1
DA:27,1
DA:29,1
DA:37,1
DA:38,63
DA:48,1
DA:49,63
DA:50,63
DA:51,63
DA:52,63
DA:54,63
DA:55,48
DA:58,63
DA:59,52
DA:62,63
DA:73,1
DA:74,69
DA:75,69
DA:76,1
DA:79,68
DA:80,68
DA:82,68
DA:83,68
DA:84,68
DA:86,68
DA:97,68
DA:98,2
DA:101,68
DA:102,2
DA:103,4
DA:108,68
DA:109,17
DA:110,49
DA:111,49
DA:113,49
DA:114,2
DA:123,49
DA:124,49
DA:125,49
DA:127,13
DA:128,13
DA:131,49
DA:132,13
DA:133,11
DA:134,2
DA:135,2
DA:137,1
DA:138,1
DA:140,1
DA:141,1
DA:146,48
DA:147,48
DA:148,48
DA:149,48
DA:150,12
DA:156,68
DA:157,50
DA:158,50
DA:161,68
DA:162,1
DA:163,2
DA:164,2
LF:68
LH:68
BRDA:75,1,0,1
BRDA:75,1,1,68
BRDA:101,2,0,2
BRDA:101,2,1,66
BRDA:108,3,0,17
BRDA:108,3,1,51
BRDA:113,4,0,2
BRDA:113,4,1,47
BRDA:125,5,0,13
BRDA:125,5,1,36
BRDA:131,6,0,13
BRDA:131,6,1,36
BRDA:132,7,0,11
BRDA:132,7,1,2
BRDA:134,8,0,2
BRDA:134,8,1,0
BRDA:135,9,0,1
BRDA:135,9,1,1
BRDA:135,10,0,2
BRDA:135,10,1,2
BRDA:146,11,0,48
BRDA:146,11,1,0
BRDA:149,12,0,12
BRDA:149,12,1,36
BRDA:156,13,0,50
BRDA:156,13,1,18
BRDA:161,14,0,1
BRDA:161,14,1,67
BRF:28
BRH:26
end_of_record
TN:
SF:/Users/justin/Documents/Projects/bearcatjs/lib/util/metaUtil.js
FN:33,(anonymous_1)
FN:54,(anonymous_2)
FN:237,(anonymous_3)
FN:265,(anonymous_4)
FN:288,(anonymous_5)
FN:311,(anonymous_6)
FN:360,(anonymous_7)
FN:373,(anonymous_8)
FN:394,(anonymous_9)
FN:415,(anonymous_10)
FN:439,(anonymous_11)
FN:459,(anonymous_12)
FN:476,(anonymous_13)
FN:487,(anonymous_14)
FN:502,(anonymous_15)
FN:513,(anonymous_16)
FN:524,(anonymous_17)
FN:535,(anonymous_18)
FN:547,(anonymous_19)
FNF:19
FNH:17
FNDA:230,(anonymous_1)
FNDA:515,(anonymous_2)
FNDA:0,(anonymous_3)
FNDA:0,(anonymous_4)
FNDA:13,(anonymous_5)
FNDA:13,(anonymous_6)
FNDA:109,(anonymous_7)
FNDA:13,(anonymous_8)
FNDA:96,(anonymous_9)
FNDA:740,(anonymous_10)
FNDA:138,(anonymous_11)
FNDA:49,(anonymous_12)
FNDA:2627,(anonymous_13)
FNDA:817,(anonymous_14)
FNDA:40,(anonymous_15)
FNDA:30,(anonymous_16)
FNDA:28,(anonymous_17)
FNDA:819,(anonymous_18)
FNDA:75,(anonymous_19)
DA:14,1
DA:15,1
DA:16,1
DA:17,1
DA:18,1
DA:19,1
DA:21,1
DA:33,1
DA:34,230
DA:35,228
DA:38,2
DA:39,7
DA:42,2
DA:54,1
DA:55,515
DA:57,515
DA:58,0
DA:61,515
DA:62,2
DA:65,513
DA:67,513
DA:68,513
DA:70,0
DA:73,513
DA:75,513
DA:76,13
DA:79,513
DA:80,513
DA:81,513
DA:82,513
DA:84,513
DA:86,513
DA:89,13
DA:90,13
DA:94,500
DA:95,500
DA:97,1
DA:101,512
DA:103,2114
DA:104,669
DA:107,1445
DA:110,1445
DA:111,0
DA:114,1445
DA:115,626
DA:116,626
DA:117,577
DA:118,13
DA:120,564
DA:121,114
DA:122,1
DA:123,1
DA:126,563
DA:129,49
DA:130,40
DA:131,10
DA:135,30
DA:136,2
DA:140,28
DA:141,1
DA:146,27
DA:153,625
DA:154,819
DA:156,2
DA:160,817
DA:162,66
DA:169,511
DA:171,511
DA:172,30
DA:175,511
DA:176,15
DA:177,15
DA:178,0
DA:181,15
DA:182,15
DA:183,9
DA:189,6
DA:196,511
DA:197,13
DA:200,511
DA:201,14
DA:204,511
DA:205,511
DA:206,126
DA:209,511
DA:210,511
DA:211,112
DA:212,399
DA:213,14
DA:214,385
DA:215,370
DA:220,511
DA:221,496
DA:224,511
DA:225,511
DA:237,1
DA:238,0
DA:239,0
DA:241,0
DA:243,0
DA:244,0
DA:245,0
DA:246,0
DA:247,0
DA:248,0
DA:249,0
DA:251,0
DA:254,0
DA:265,1
DA:266,0
DA:267,0
DA:268,0
DA:269,0
DA:270,0
DA:271,0
DA:272,0
DA:275,0
DA:276,0
DA:288,1
DA:289,13
DA:291,13
DA:292,12
DA:293,12
DA:294,35
DA:296,12
DA:299,13
DA:301,13
DA:311,1
DA:312,13
DA:313,13
DA:315,13
DA:316,96
DA:317,96
DA:318,96
DA:319,96
DA:321,96
DA:322,96
DA:323,96
DA:324,95
DA:325,95
DA:326,138
DA:328,95
DA:331,96
DA:332,96
DA:333,96
DA:334,96
DA:335,96
DA:336,138
DA:337,137
DA:338,137
DA:339,137
DA:340,137
DA:344,96
DA:345,94
DA:350,13
DA:360,1
DA:361,109
DA:362,109
DA:363,109
DA:373,1
DA:374,13
DA:375,1
DA:378,12
DA:379,12
DA:380,12
DA:382,0
DA:383,0
DA:394,1
DA:395,96
DA:396,1
DA:399,95
DA:400,95
DA:401,95
DA:403,0
DA:404,0
DA:415,1
DA:416,740
DA:418,740
DA:419,740
DA:420,626
DA:423,740
DA:424,10541
DA:425,578
DA:429,162
DA:439,1
DA:440,138
DA:442,138
DA:443,247
DA:444,137
DA:448,1
DA:459,1
DA:460,49
DA:461,23
DA:462,9
DA:466,40
DA:476,1
DA:477,2627
DA:487,1
DA:488,817
DA:489,320
DA:492,497
DA:502,1
DA:503,40
DA:513,1
DA:514,30
DA:524,1
DA:525,28
DA:535,1
DA:536,819
DA:537,320
DA:539,499
DA:547,1
DA:548,75
DA:551,1
LF:214
LH:185
BRDA:34,1,0,228
BRDA:34,1,1,2
BRDA:57,2,0,0
BRDA:57,2,1,515
BRDA:61,3,0,2
BRDA:61,3,1,513
BRDA:61,4,0,515
BRDA:61,4,1,2
BRDA:67,5,0,513
BRDA:67,5,1,0
BRDA:75,6,0,13
BRDA:75,6,1,500
BRDA:86,7,0,13
BRDA:86,7,1,500
BRDA:86,8,0,513
BRDA:86,8,1,500
BRDA:103,9,0,669
BRDA:103,9,1,1445
BRDA:103,10,0,2114
BRDA:103,10,1,670
BRDA:110,11,0,0
BRDA:110,11,1,1445
BRDA:114,12,0,626
BRDA:114,12,1,819
BRDA:116,13,0,577
BRDA:116,13,1,49
BRDA:117,14,0,13
BRDA:117,14,1,564
BRDA:117,15,0,577
BRDA:117,15,1,14
BRDA:120,16,0,114
BRDA:120,16,1,450
BRDA:121,17,0,1
BRDA:121,17,1,113
BRDA:129,18,0,40
BRDA:129,18,1,9
BRDA:130,19,0,10
BRDA:130,19,1,30
BRDA:135,20,0,2
BRDA:135,20,1,28
BRDA:140,21,0,1
BRDA:140,21,1,27
BRDA:154,22,0,2
BRDA:154,22,1,817
BRDA:160,23,0,66
BRDA:160,23,1,751
BRDA:171,24,0,30
BRDA:171,24,1,481
BRDA:177,25,0,0
BRDA:177,25,1,15
BRDA:182,26,0,9
BRDA:182,26,1,6
BRDA:196,27,0,13
BRDA:196,27,1,498
BRDA:200,28,0,14
BRDA:200,28,1,497
BRDA:205,29,0,126
BRDA:205,29,1,385
BRDA:210,30,0,112
BRDA:210,30,1,399
BRDA:212,31,0,14
BRDA:212,31,1,385
BRDA:214,32,0,370
BRDA:214,32,1,15
BRDA:220,33,0,496
BRDA:220,33,1,15
BRDA:238,34,0,0
BRDA:238,34,1,0
BRDA:238,35,0,0
BRDA:238,35,1,0
BRDA:238,35,2,0
BRDA:238,35,3,0
BRDA:244,36,0,0
BRDA:244,36,1,0
BRDA:245,37,0,0
BRDA:245,37,1,0
BRDA:246,38,0,0
BRDA:246,38,1,0
BRDA:247,39,0,0
BRDA:247,39,1,0
BRDA:270,40,0,0
BRDA:270,40,1,0
BRDA:275,41,0,0
BRDA:275,41,1,0
BRDA:291,42,0,12
BRDA:291,42,1,1
BRDA:291,43,0,13
BRDA:291,43,1,12
BRDA:317,44,0,96
BRDA:317,44,1,0
BRDA:323,45,0,95
BRDA:323,45,1,1
BRDA:323,46,0,96
BRDA:323,46,1,95
BRDA:336,47,0,137
BRDA:336,47,1,1
BRDA:344,48,0,94
BRDA:344,48,1,2
BRDA:374,49,0,1
BRDA:374,49,1,12
BRDA:395,50,0,1
BRDA:395,50,1,95
BRDA:419,51,0,626
BRDA:419,51,1,114
BRDA:424,52,0,578
BRDA:424,52,1,9963
BRDA:443,53,0,137
BRDA:443,53,1,110
BRDA:461,54,0,9
BRDA:461,54,1,14
BRDA:488,55,0,320
BRDA:488,55,1,497
BRDA:536,56,0,320
BRDA:536,56,1,499
BRF:114
BRH:91
end_of_record
TN:
SF:/Users/justin/Documents/Projects/bearcatjs/lib/resource/metaLoader.js
FN:26,(anonymous_1)
FN:39,(anonymous_2)
FN:63,(anonymous_3)
FN:74,(anonymous_4)
FN:84,(anonymous_5)
FN:117,(anonymous_6)
FNF:6
FNH:6
FNDA:64,(anonymous_1)
FNDA:54,(anonymous_2)
FNDA:48,(anonymous_3)
FNDA:63,(anonymous_4)
FNDA:144,(anonymous_5)
FNDA:60,(anonymous_6)
DA:14,1
DA:15,1
DA:16,1
DA:17,1
DA:18,1
DA:19,1
DA:26,1
DA:27,64
DA:30,1
DA:39,1
DA:40,54
DA:41,1
DA:42,1
DA:45,53
DA:47,53
DA:48,1
DA:49,1
DA:52,52
DA:53,52
DA:63,1
DA:64,48
DA:65,48
DA:74,1
DA:75,63
DA:84,1
DA:85,144
DA:86,144
DA:88,129
DA:91,15
DA:93,1
DA:96,14
DA:98,3
DA:101,11
DA:102,11
DA:103,11
DA:106,11
DA:117,1
DA:118,60
DA:120,60
DA:121,60
DA:124,60
DA:125,60
DA:126,156
DA:127,156
DA:129,156
DA:130,8
DA:133,156
DA:135,12
DA:138,144
DA:139,144
DA:140,6
DA:144,138
DA:145,138
DA:146,133
DA:147,5
DA:148,0
DA:149,5
DA:150,0
DA:153,5
DA:156,133
DA:157,133
DA:160,60
LF:62
LH:60
BRDA:40,1,0,1
BRDA:40,1,1,53
BRDA:47,2,0,1
BRDA:47,2,1,52
BRDA:86,3,0,129
BRDA:86,3,1,15
BRDA:86,4,0,144
BRDA:86,4,1,144
BRDA:91,5,0,1
BRDA:91,5,1,14
BRDA:96,6,0,3
BRDA:96,6,1,11
BRDA:96,7,0,14
BRDA:96,7,1,14
BRDA:96,7,2,11
BRDA:101,8,0,11
BRDA:101,8,1,0
BRDA:120,9,0,60
BRDA:120,9,1,0
BRDA:129,10,0,8
BRDA:129,10,1,148
BRDA:133,11,0,12
BRDA:133,11,1,144
BRDA:133,12,0,156
BRDA:133,12,1,148
BRDA:139,13,0,6
BRDA:139,13,1,138
BRDA:145,14,0,133
BRDA:145,14,1,5
BRDA:147,15,0,0
BRDA:147,15,1,5
BRDA:149,16,0,0
BRDA:149,16,1,5
BRF:33
BRH:29
end_of_record
TN:
SF:/Users/justin/Documents/Projects/bearcatjs/lib/model/constraints/index.js
FN:8,(anonymous_1)
FN:19,load
FNF:2
FNH:2
FNDA:7,(anonymous_1)
FNDA:366,load
DA:1,1
DA:3,1
DA:4,1
DA:5,1
DA:6,1
DA:8,1
DA:9,7
DA:10,0
DA:13,7
DA:14,1
DA:17,6
DA:19,1
DA:20,366
DA:23,6
DA:27,1
LF:15
LH:14
BRDA:4,1,0,1
BRDA:4,1,1,0
BRDA:9,2,0,0
BRDA:9,2,1,7
BRDA:13,3,0,1
BRDA:13,3,1,6
BRF:6
BRH:4
end_of_record
TN:
SF:/Users/justin/Documents/Projects/bearcatjs/lib/beans/beanFactory.js
FN:35,(anonymous_1)
FN:55,(anonymous_2)
FN:76,(anonymous_3)
FN:87,(anonymous_4)
FN:98,(anonymous_5)
FN:109,(anonymous_6)
FN:145,(anonymous_7)
FN:169,(anonymous_8)
FN:223,(anonymous_9)
FN:242,(anonymous_10)
FN:256,(anonymous_11)
FN:312,(anonymous_12)
FN:335,(anonymous_13)
FN:359,(anonymous_14)
FN:391,(anonymous_15)
FN:427,(anonymous_16)
FN:458,(anonymous_17)
FN:496,(anonymous_18)
FN:509,(anonymous_19)
FN:599,(anonymous_20)
FN:636,(anonymous_21)
FN:659,(anonymous_22)
FN:664,(anonymous_23)
FN:674,(anonymous_24)
FN:684,(anonymous_25)
FN:699,(anonymous_26)
FN:708,(anonymous_27)
FN:719,(anonymous_28)
FN:741,(anonymous_29)
FN:761,(anonymous_30)
FN:774,(anonymous_31)
FN:788,(anonymous_32)
FN:808,(anonymous_33)
FN:832,(anonymous_34)
FN:848,(anonymous_35)
FN:864,(anonymous_36)
FN:875,(anonymous_37)
FN:886,(anonymous_38)
FN:896,(anonymous_39)
FN:907,(anonymous_40)
FN:922,(anonymous_41)
FN:933,(anonymous_42)
FN:943,(anonymous_43)
FN:953,(anonymous_44)
FN:964,(anonymous_45)
FN:974,(anonymous_46)
FN:985,(anonymous_47)
FN:995,(anonymous_48)
FN:1006,(anonymous_49)
FN:1017,(anonymous_50)
FN:1028,(anonymous_51)
FNF:51
FNH:50
FNDA:65,(anonymous_1)
FNDA:323,(anonymous_2)
FNDA:373,(anonymous_3)
FNDA:5,(anonymous_4)
FNDA:24,(anonymous_5)
FNDA:322,(anonymous_6)
FNDA:373,(anonymous_7)
FNDA:5,(anonymous_8)
FNDA:24,(anonymous_9)
FNDA:163,(anonymous_10)
FNDA:165,(anonymous_11)
FNDA:164,(anonymous_12)
FNDA:164,(anonymous_13)
FNDA:3,(anonymous_14)
FNDA:321,(anonymous_15)
FNDA:163,(anonymous_16)
FNDA:5,(anonymous_17)
FNDA:420,(anonymous_18)
FNDA:536,(anonymous_19)
FNDA:14,(anonymous_20)
FNDA:358,(anonymous_21)
FNDA:61,(anonymous_22)
FNDA:211,(anonymous_23)
FNDA:1,(anonymous_24)
FNDA:1,(anonymous_25)
FNDA:61,(anonymous_26)
FNDA:326,(anonymous_27)
FNDA:163,(anonymous_28)
FNDA:163,(anonymous_29)
FNDA:12,(anonymous_30)
FNDA:12,(anonymous_31)
FNDA:14,(anonymous_32)
FNDA:14,(anonymous_33)
FNDA:2,(anonymous_34)
FNDA:2,(anonymous_35)
FNDA:1,(anonymous_36)
FNDA:707,(anonymous_37)
FNDA:528,(anonymous_38)
FNDA:13,(anonymous_39)
FNDA:163,(anonymous_40)
FNDA:149,(anonymous_41)
FNDA:2306,(anonymous_42)
FNDA:2,(anonymous_43)
FNDA:14,(anonymous_44)
FNDA:2,(anonymous_45)
FNDA:119,(anonymous_46)
FNDA:33,(anonymous_47)
FNDA:66,(anonymous_48)
FNDA:400,(anonymous_49)
FNDA:8,(anonymous_50)
FNDA:0,(anonymous_51)
DA:14,1
DA:15,1
DA:16,1
DA:17,1
DA:18,1
DA:19,1
DA:20,1
DA:21,1
DA:22,1
DA:23,1
DA:24,1
DA:25,1
DA:26,1
DA:27,1
DA:28,1
DA:35,1
DA:36,65
DA:37,65
DA:38,65
DA:39,65
DA:40,65
DA:41,65
DA:42,65
DA:43,65
DA:44,65
DA:45,65
DA:55,1
DA:56,323
DA:57,1
DA:58,1
DA:61,322
DA:62,322
DA:63,322
DA:65,322
DA:76,1
DA:77,373
DA:87,1
DA:88,5
DA:98,1
DA:99,24
DA:109,1
DA:110,322
DA:112,322
DA:113,3
DA:114,3
DA:117,319
DA:118,1
DA:119,1
DA:122,318
DA:123,2
DA:130,318
DA:131,305
DA:132,13
DA:134,13
DA:145,1
DA:146,373
DA:148,373
DA:149,1
DA:150,1
DA:153,372
DA:154,372
DA:155,372
DA:156,372
DA:157,372
DA:159,372
DA:169,1
DA:170,5
DA:172,5
DA:173,2
DA:174,2
DA:177,3
DA:178,3
DA:180,3
DA:181,0
DA:182,0
DA:185,3
DA:186,3
DA:188,3
DA:189,3
DA:190,3
DA:192,3
DA:193,16
DA:194,16
DA:195,16
DA:196,16
DA:197,2
DA:198,0
DA:200,2
DA:204,3
DA:205,3
DA:206,3
DA:207,3
DA:208,3
DA:209,3
DA:211,3
DA:213,3
DA:223,1
DA:224,24
DA:226,24
DA:227,6
DA:228,6
DA:231,18
DA:232,18
DA:242,1
DA:243,163
DA:244,163
DA:246,163
DA:256,1
DA:257,165
DA:259,165
DA:260,1
DA:263,164
DA:264,3
DA:267,161
DA:268,161
DA:269,161
DA:270,161
DA:271,1
DA:274,160
DA:275,160
DA:277,160
DA:279,160
DA:281,160
DA:282,160
DA:283,160
DA:284,33
DA:285,33
DA:286,33
DA:287,23
DA:288,10
DA:289,9
DA:301,160
DA:312,1
DA:313,164
DA:314,164
DA:315,1
DA:318,163
DA:320,163
DA:322,163
DA:324,163
DA:335,1
DA:336,164
DA:337,164
DA:338,1
DA:341,163
DA:342,5
DA:345,5
DA:346,5
DA:347,5
DA:359,1
DA:360,3
DA:362,3
DA:363,3
DA:364,3
DA:366,3
DA:368,3
DA:369,2
DA:372,1
DA:374,1
DA:376,1
DA:378,1
DA:380,1
DA:391,1
DA:392,321
DA:393,321
DA:394,1
DA:397,320
DA:398,320
DA:399,51
DA:400,51
DA:402,51
DA:403,35
DA:404,35
DA:405,34
DA:409,51
DA:410,2
DA:411,2
DA:414,51
DA:417,320
DA:427,1
DA:428,163
DA:430,163
DA:431,1
DA:434,162
DA:435,19
DA:436,19
DA:437,12
DA:438,7
DA:439,4
DA:440,3
DA:441,2
DA:444,1
DA:448,162
DA:458,1
DA:459,5
DA:460,5
DA:461,1
DA:464,4
DA:465,4
DA:467,4
DA:469,4
DA:471,4
DA:472,4
DA:473,4
DA:474,6
DA:475,2
DA:480,4
DA:481,4
DA:482,4
DA:483,4
DA:484,4
DA:487,4
DA:496,1
DA:497,420
DA:498,536
DA:509,1
DA:510,536
DA:512,536
DA:513,536
DA:514,1
DA:515,1
DA:518,535
DA:519,535
DA:521,14
DA:524,535
DA:525,535
DA:527,358
DA:530,535
DA:531,528
DA:534,535
DA:535,535
DA:536,535
DA:537,535
DA:538,535
DA:539,535
DA:540,535
DA:541,535
DA:542,535
DA:543,535
DA:544,535
DA:545,535
DA:546,535
DA:547,535
DA:548,535
DA:549,515
DA:552,535
DA:554,535
DA:555,535
DA:556,535
DA:557,528
DA:561,535
DA:562,14
DA:565,535
DA:566,535
DA:567,535
DA:568,535
DA:569,535
DA:570,535
DA:571,535
DA:572,535
DA:573,535
DA:574,535
DA:575,535
DA:576,535
DA:577,535
DA:578,535
DA:579,535
DA:580,535
DA:582,535
DA:583,20
DA:584,20
DA:585,20
DA:588,535
DA:599,1
DA:600,14
DA:601,14
DA:602,14
DA:603,14
DA:606,14
DA:607,14
DA:608,14
DA:610,14
DA:612,14
DA:613,14
DA:614,14
DA:615,14
DA:616,14
DA:617,14
DA:618,14
DA:619,14
DA:621,14
DA:622,8
DA:625,14
DA:636,1
DA:637,358
DA:638,358
DA:639,358
DA:640,356
DA:643,358
DA:644,358
DA:646,358
DA:647,358
DA:648,358
DA:650,358
DA:659,1
DA:660,61
DA:661,61
DA:663,61
DA:664,61
DA:665,211
DA:666,61
DA:669,150
DA:670,150
DA:672,150
DA:673,2
DA:674,1
DA:675,1
DA:677,1
DA:678,1
DA:680,1
DA:681,1
DA:684,148
DA:685,148
DA:686,148
DA:687,148
DA:691,61
DA:699,1
DA:700,61
DA:708,1
DA:709,326
DA:719,1
DA:720,163
DA:722,163
DA:723,163
DA:724,159
DA:725,159
DA:726,159
DA:727,2
DA:731,161
DA:741,1
DA:742,163
DA:744,163
DA:745,163
DA:746,159
DA:747,159
DA:748,159
DA:749,2
DA:753,161
DA:761,1
DA:762,12
DA:764,12
DA:765,13
DA:774,1
DA:775,12
DA:776,12
DA:777,12
DA:778,12
DA:779,12
DA:788,1
DA:789,14
DA:790,14
DA:791,1
DA:794,13
DA:796,13
DA:798,13
DA:808,1
DA:809,14
DA:810,14
DA:811,1
DA:814,13
DA:816,13
DA:817,13
DA:818,1
DA:821,13
DA:822,13
DA:832,1
DA:833,2
DA:834,2
DA:835,1
DA:837,1
DA:848,1
DA:849,2
DA:850,2
DA:851,1
DA:853,1
DA:864,1
DA:865,1
DA:875,1
DA:876,707
DA:886,1
DA:887,528
DA:896,1
DA:897,13
DA:907,1
DA:908,163
DA:909,26
DA:912,163
DA:922,1
DA:923,149
DA:933,1
DA:934,2306
DA:943,1
DA:944,2
DA:953,1
DA:954,14
DA:964,1
DA:965,2
DA:974,1
DA:975,119
DA:985,1
DA:986,33
DA:995,1
DA:996,66
DA:1006,1
DA:1007,400
DA:1017,1
DA:1018,8
DA:1028,1
DA:1029,0
DA:1032,1
LF:420
LH:416
BRDA:56,1,0,1
BRDA:56,1,1,322
BRDA:112,2,0,3
BRDA:112,2,1,319
BRDA:117,3,0,1
BRDA:117,3,1,318
BRDA:122,4,0,2
BRDA:122,4,1,316
BRDA:130,5,0,305
BRDA:130,5,1,13
BRDA:132,6,0,13
BRDA:132,6,1,0
BRDA:148,7,0,1
BRDA:148,7,1,372
BRDA:172,8,0,2
BRDA:172,8,1,3
BRDA:180,9,0,0
BRDA:180,9,1,3
BRDA:196,10,0,2
BRDA:196,10,1,14
BRDA:197,11,0,0
BRDA:197,11,1,2
BRDA:226,12,0,6
BRDA:226,12,1,18
BRDA:259,13,0,1
BRDA:259,13,1,164
BRDA:263,14,0,3
BRDA:263,14,1,161
BRDA:270,15,0,1
BRDA:270,15,1,160
BRDA:282,16,0,160
BRDA:282,16,1,0
BRDA:286,17,0,23
BRDA:286,17,1,10
BRDA:288,18,0,9
BRDA:288,18,1,1
BRDA:314,19,0,1
BRDA:314,19,1,163
BRDA:337,20,0,1
BRDA:337,20,1,163
BRDA:341,21,0,5
BRDA:341,21,1,158
BRDA:346,22,0,5
BRDA:346,22,1,0
BRDA:368,23,0,2
BRDA:368,23,1,1
BRDA:393,24,0,1
BRDA:393,24,1,320
BRDA:402,25,0,35
BRDA:402,25,1,16
BRDA:404,26,0,34
BRDA:404,26,1,1
BRDA:409,27,0,2
BRDA:409,27,1,49
BRDA:430,28,0,1
BRDA:430,28,1,162
BRDA:436,29,0,12
BRDA:436,29,1,7
BRDA:438,30,0,4
BRDA:438,30,1,3
BRDA:440,31,0,2
BRDA:440,31,1,1
BRDA:460,32,0,1
BRDA:460,32,1,4
BRDA:471,33,0,4
BRDA:471,33,1,0
BRDA:474,34,0,2
BRDA:474,34,1,4
BRDA:480,35,0,4
BRDA:480,35,1,0
BRDA:513,36,0,1
BRDA:513,36,1,535
BRDA:519,37,0,14
BRDA:519,37,1,521
BRDA:525,38,0,358
BRDA:525,38,1,177
BRDA:530,39,0,528
BRDA:530,39,1,7
BRDA:530,40,0,535
BRDA:530,40,1,535
BRDA:530,40,2,535
BRDA:540,41,0,535
BRDA:540,41,1,524
BRDA:541,42,0,535
BRDA:541,42,1,521
BRDA:542,43,0,535
BRDA:542,43,1,511
BRDA:543,44,0,535
BRDA:543,44,1,535
BRDA:544,45,0,535
BRDA:544,45,1,533
BRDA:545,46,0,535
BRDA:545,46,1,177
BRDA:546,47,0,535
BRDA:546,47,1,534
BRDA:548,48,0,515
BRDA:548,48,1,20
BRDA:556,49,0,528
BRDA:556,49,1,7
BRDA:561,50,0,14
BRDA:561,50,1,521
BRDA:582,51,0,20
BRDA:582,51,1,515
BRDA:582,52,0,535
BRDA:582,52,1,20
BRDA:602,53,0,14
BRDA:602,53,1,0
BRDA:621,54,0,8
BRDA:621,54,1,6
BRDA:639,55,0,356
BRDA:639,55,1,2
BRDA:665,56,0,61
BRDA:665,56,1,150
BRDA:665,57,0,211
BRDA:665,57,1,211
BRDA:672,58,0,2
BRDA:672,58,1,148
BRDA:673,59,0,1
BRDA:673,59,1,1
BRDA:726,60,0,2
BRDA:726,60,1,157
BRDA:748,61,0,2
BRDA:748,61,1,157
BRDA:790,62,0,1
BRDA:790,62,1,13
BRDA:810,63,0,1
BRDA:810,63,1,13
BRDA:817,64,0,1
BRDA:817,64,1,12
BRDA:834,65,0,1
BRDA:834,65,1,1
BRDA:850,66,0,1
BRDA:850,66,1,1
BRDA:865,67,0,1
BRDA:865,67,1,1
BRDA:908,68,0,26
BRDA:908,68,1,137
BRF:137
BRH:129
end_of_record
TN:
SF:/Users/justin/Documents/Projects/bearcatjs/lib/aop/framework/dynamicMetaProxy.js
FN:25,(anonymous_1)
FN:37,(anonymous_2)
FN:52,(anonymous_3)
FN:58,(anonymous_4)
FN:74,(anonymous_5)
FN:89,(anonymous_6)
FN:106,(anonymous_7)
FN:116,(anonymous_8)
FN:126,(anonymous_9)
FN:136,(anonymous_10)
FN:146,(anonymous_11)
FN:156,(anonymous_12)
FN:166,(anonymous_13)
FN:176,(anonymous_14)
FN:184,(anonymous_15)
FNF:15
FNH:15
FNDA:373,(anonymous_1)
FNDA:373,(anonymous_2)
FNDA:371,(anonymous_3)
FNDA:4,(anonymous_4)
FNDA:5,(anonymous_5)
FNDA:5,(anonymous_6)
FNDA:372,(anonymous_7)
FNDA:5,(anonymous_8)
FNDA:4,(anonymous_9)
FNDA:5,(anonymous_10)
FNDA:372,(anonymous_11)
FNDA:5,(anonymous_12)
FNDA:372,(anonymous_13)
FNDA:373,(anonymous_14)
FNDA:371,(anonymous_15)
DA:14,1
DA:15,1
DA:25,1
DA:26,373
DA:27,373
DA:28,373
DA:29,373
DA:37,1
DA:38,373
DA:39,373
DA:40,1
DA:41,1
DA:44,372
DA:46,372
DA:48,372
DA:49,372
DA:50,372
DA:51,372
DA:52,371
DA:53,371
DA:54,1
DA:55,1
DA:58,370
DA:59,4
DA:74,1
DA:75,5
DA:76,5
DA:77,4
DA:79,1
DA:89,1
DA:90,5
DA:92,5
DA:93,5
DA:94,4
DA:97,5
DA:106,1
DA:107,372
DA:116,1
DA:117,5
DA:126,1
DA:127,4
DA:136,1
DA:137,5
DA:146,1
DA:147,372
DA:156,1
DA:157,5
DA:166,1
DA:167,372
DA:176,1
DA:177,373
DA:180,1
DA:184,1
DA:185,371
DA:186,3701
DA:187,1
DA:191,370
DA:194,1
LF:58
LH:58
BRDA:39,1,0,1
BRDA:39,1,1,372
BRDA:48,2,0,372
BRDA:48,2,1,0
BRDA:51,3,0,371
BRDA:51,3,1,1
BRDA:53,4,0,1
BRDA:53,4,1,370
BRDA:76,5,0,4
BRDA:76,5,1,1
BRDA:93,6,0,4
BRDA:93,6,1,1
BRDA:186,7,0,1
BRDA:186,7,1,3700
BRF:14
BRH:13
end_of_record
TN:
SF:/Users/justin/Documents/Projects/bearcatjs/lib/beans/singletonBeanFactory.js
FN:21,(anonymous_1)
FN:33,(anonymous_2)
FN:44,(anonymous_3)
FN:55,(anonymous_4)
FN:75,(anonymous_5)
FN:90,(anonymous_6)
FNF:6
FNH:6
FNDA:66,(anonymous_1)
FNDA:150,(anonymous_2)
FNDA:3,(anonymous_3)
FNDA:305,(anonymous_4)
FNDA:12,(anonymous_5)
FNDA:13,(anonymous_6)
DA:14,1
DA:21,1
DA:22,66
DA:23,66
DA:33,1
DA:34,150
DA:44,1
DA:45,3
DA:55,1
DA:56,305
DA:58,305
DA:59,305
DA:60,155
DA:62,150
DA:65,150
DA:67,150
DA:75,1
DA:76,12
DA:77,12
DA:78,13
DA:81,12
DA:90,1
DA:91,13
DA:94,1
LF:24
LH:24
BRDA:59,1,0,155
BRDA:59,1,1,150
BRF:2
BRH:2
end_of_record
TN:
SF:/Users/justin/Documents/Projects/bearcatjs/lib/model/modelConstraint.js
FN:19,(anonymous_1)
FN:31,(anonymous_2)
FN:41,(anonymous_3)
FN:51,(anonymous_4)
FN:61,(anonymous_5)
FN:71,(anonymous_6)
FN:81,(anonymous_7)
FNF:7
FNH:7
FNDA:357,(anonymous_1)
FNDA:358,(anonymous_2)
FNDA:18,(anonymous_3)
FNDA:358,(anonymous_4)
FNDA:1,(anonymous_5)
FNDA:358,(anonymous_6)
FNDA:18,(anonymous_7)
DA:19,1
DA:20,357
DA:21,357
DA:22,357
DA:31,1
DA:32,358
DA:41,1
DA:42,18
DA:51,1
DA:52,358
DA:61,1
DA:62,1
DA:71,1
DA:72,358
DA:81,1
DA:82,18
DA:85,1
LF:17
LH:17
BRF:0
BRH:0
end_of_record
TN:
SF:/Users/justin/Documents/Projects/bearcatjs/lib/model/modelDefinition.js
FN:21,(anonymous_1)
FN:39,(anonymous_2)
FN:49,(anonymous_3)
FN:59,(anonymous_4)
FN:69,(anonymous_5)
FN:79,(anonymous_6)
FN:93,(anonymous_7)
FN:103,(anonymous_8)
FN:117,(anonymous_9)
FN:127,(anonymous_10)
FN:141,(anonymous_11)
FN:151,(anonymous_12)
FN:163,(anonymous_13)
FN:173,(anonymous_14)
FN:183,(anonymous_15)
FN:193,(anonymous_16)
FN:205,(anonymous_17)
FN:215,(anonymous_18)
FN:225,(anonymous_19)
FN:235,(anonymous_20)
FN:245,(anonymous_21)
FNF:21
FNH:16
FNDA:15,(anonymous_1)
FNDA:14,(anonymous_2)
FNDA:3,(anonymous_3)
FNDA:14,(anonymous_4)
FNDA:29,(anonymous_5)
FNDA:14,(anonymous_6)
FNDA:1,(anonymous_7)
FNDA:14,(anonymous_8)
FNDA:28,(anonymous_9)
FNDA:14,(anonymous_10)
FNDA:0,(anonymous_11)
FNDA:14,(anonymous_12)
FNDA:34,(anonymous_13)
FNDA:12,(anonymous_14)
FNDA:0,(anonymous_15)
FNDA:14,(anonymous_16)
FNDA:0,(anonymous_17)
FNDA:14,(anonymous_18)
FNDA:0,(anonymous_19)
FNDA:14,(anonymous_20)
FNDA:0,(anonymous_21)
DA:14,1
DA:21,1
DA:22,15
DA:23,15
DA:24,15
DA:25,15
DA:26,15
DA:27,15
DA:28,15
DA:29,15
DA:30,15
DA:39,1
DA:40,14
DA:49,1
DA:50,3
DA:59,1
DA:60,14
DA:69,1
DA:70,29
DA:79,1
DA:80,14
DA:81,6
DA:84,8
DA:93,1
DA:94,1
DA:103,1
DA:104,14
DA:105,8
DA:108,6
DA:117,1
DA:118,28
DA:127,1
DA:128,14
DA:129,12
DA:132,2
DA:141,1
DA:142,0
DA:151,1
DA:152,14
DA:153,14
DA:163,1
DA:164,34
DA:173,1
DA:174,12
DA:183,1
DA:184,0
DA:193,1
DA:194,14
DA:195,14
DA:205,1
DA:206,0
DA:215,1
DA:216,14
DA:225,1
DA:226,0
DA:235,1
DA:236,14
DA:245,1
DA:246,0
DA:249,1
LF:60
LH:55
BRDA:80,1,0,6
BRDA:80,1,1,8
BRDA:104,2,0,8
BRDA:104,2,1,6
BRDA:128,3,0,12
BRDA:128,3,1,2
BRDA:152,4,0,14
BRDA:152,4,1,0
BRDA:194,5,0,14
BRDA:194,5,1,0
BRF:10
BRH:8
end_of_record
TN:
SF:/Users/justin/Documents/Projects/bearcatjs/lib/util/validatorUtil.js
FN:25,(anonymous_1)
FNF:1
FNH:1
FNDA:554,(anonymous_1)
DA:14,1
DA:15,1
DA:16,1
DA:25,1
DA:26,554
DA:27,554
DA:28,554
DA:30,554
DA:31,1
DA:33,553
DA:34,1
DA:36,552
DA:37,1
DA:39,551
DA:40,1
DA:42,550
DA:43,550
DA:44,2
DA:46,548
DA:47,548
DA:48,1
DA:51,547
DA:52,547
DA:53,1
DA:56,546
DA:57,546
DA:58,1
DA:61,545
DA:62,545
DA:63,1
DA:65,544
DA:66,544
DA:67,1
DA:69,543
DA:70,543
DA:71,1
DA:73,542
DA:74,542
DA:75,1
DA:77,541
DA:78,541
DA:79,1
DA:81,540
DA:82,540
DA:83,1
DA:85,539
DA:86,539
DA:87,1
DA:89,538
DA:90,538
DA:91,1
DA:93,537
DA:94,537
DA:95,1
DA:97,536
DA:100,1
LF:56
LH:56
BRDA:30,1,0,1
BRDA:30,1,1,553
BRDA:30,2,0,554
BRDA:30,2,1,3
BRDA:30,2,2,2
BRDA:33,3,0,1
BRDA:33,3,1,552
BRDA:33,4,0,553
BRDA:33,4,1,551
BRDA:36,5,0,1
BRDA:36,5,1,551
BRDA:36,6,0,552
BRDA:36,6,1,15
BRDA:39,7,0,1
BRDA:39,7,1,550
BRDA:39,8,0,551
BRDA:39,8,1,359
BRDA:43,9,0,2
BRDA:43,9,1,548
BRDA:43,10,0,550
BRDA:43,10,1,548
BRDA:47,11,0,1
BRDA:47,11,1,547
BRDA:47,12,0,548
BRDA:47,12,1,9
BRDA:52,13,0,1
BRDA:52,13,1,546
BRDA:52,14,0,547
BRDA:52,14,1,1
BRDA:57,15,0,1
BRDA:57,15,1,545
BRDA:57,16,0,546
BRDA:57,16,1,3
BRDA:62,17,0,1
BRDA:62,17,1,544
BRDA:62,18,0,545
BRDA:62,18,1,10
BRDA:66,19,0,1
BRDA:66,19,1,543
BRDA:66,20,0,544
BRDA:66,20,1,5
BRDA:70,21,0,1
BRDA:70,21,1,542
BRDA:70,22,0,543
BRDA:70,22,1,7
BRDA:74,23,0,1
BRDA:74,23,1,541
BRDA:74,24,0,542
BRDA:74,24,1,3
BRDA:78,25,0,1
BRDA:78,25,1,540
BRDA:78,26,0,541
BRDA:78,26,1,3
BRDA:82,27,0,1
BRDA:82,27,1,539
BRDA:82,28,0,540
BRDA:82,28,1,3
BRDA:85,29,0,539
BRDA:85,29,1,527
BRDA:86,30,0,1
BRDA:86,30,1,538
BRDA:86,31,0,539
BRDA:86,31,1,539
BRDA:86,31,2,11
BRDA:89,32,0,538
BRDA:89,32,1,534
BRDA:90,33,0,1
BRDA:90,33,1,537
BRDA:90,34,0,538
BRDA:90,34,1,538
BRDA:93,35,0,537
BRDA:93,35,1,178
BRDA:94,36,0,1
BRDA:94,36,1,536
BRDA:94,37,0,537
BRDA:94,37,1,537
BRF:76
BRH:76
end_of_record
TN:
SF:/Users/justin/Documents/Projects/bearcatjs/lib/model/modelFilter.js
FN:22,(anonymous_1)
FN:33,(anonymous_2)
FN:43,(anonymous_3)
FN:53,(anonymous_4)
FN:63,(anonymous_5)
FN:74,(anonymous_6)
FN:91,(anonymous_7)
FN:107,(anonymous_8)
FNF:8
FNH:8
FNDA:4,(anonymous_1)
FNDA:3,(anonymous_2)
FNDA:1,(anonymous_3)
FNDA:3,(anonymous_4)
FNDA:1,(anonymous_5)
FNDA:15,(anonymous_6)
FNDA:12,(anonymous_7)
FNDA:3,(anonymous_8)
DA:14,1
DA:15,1
DA:22,1
DA:23,4
DA:24,4
DA:33,1
DA:34,3
DA:43,1
DA:44,1
DA:53,1
DA:54,3
DA:63,1
DA:64,1
DA:74,1
DA:75,15
DA:76,12
DA:79,3
DA:91,1
DA:92,12
DA:93,12
DA:94,12
DA:107,1
DA:108,3
DA:110,3
DA:111,10
DA:112,10
DA:113,10
DA:114,10
DA:115,2
DA:119,1
DA:122,1
LF:31
LH:31
BRDA:75,1,0,12
BRDA:75,1,1,3
BRDA:93,2,0,12
BRDA:93,2,1,0
BRDA:114,3,0,2
BRDA:114,3,1,8
BRF:6
BRH:5
end_of_record
TN:
SF:/Users/justin/Documents/Projects/bearcatjs/lib/model/modelProxy.js
FN:23,(anonymous_1)
FN:45,(anonymous_2)
FN:79,(anonymous_3)
FN:90,(anonymous_4)
FN:124,(anonymous_5)
FN:191,(anonymous_6)
FN:203,(anonymous_7)
FN:207,(anonymous_8)
FN:216,(anonymous_9)
FN:231,(anonymous_10)
FN:237,(anonymous_11)
FN:254,(anonymous_12)
FN:270,(anonymous_13)
FN:321,(anonymous_14)
FN:347,(anonymous_15)
FN:399,(anonymous_16)
FN:437,(anonymous_17)
FN:450,(anonymous_18)
FN:465,(anonymous_19)
FN:474,(anonymous_20)
FNF:20
FNH:17
FNDA:4,(anonymous_1)
FNDA:12,(anonymous_2)
FNDA:10,(anonymous_3)
FNDA:4,(anonymous_4)
FNDA:0,(anonymous_5)
FNDA:10,(anonymous_6)
FNDA:7,(anonymous_7)
FNDA:0,(anonymous_8)
FNDA:4,(anonymous_9)
FNDA:11,(anonymous_10)
FNDA:1,(anonymous_11)
FNDA:14,(anonymous_12)
FNDA:0,(anonymous_13)
FNDA:18,(anonymous_14)
FNDA:22,(anonymous_15)
FNDA:21,(anonymous_16)
FNDA:15,(anonymous_17)
FNDA:31,(anonymous_18)
FNDA:1,(anonymous_19)
FNDA:11,(anonymous_20)
DA:14,1
DA:15,1
DA:16,1
DA:23,1
DA:24,4
DA:25,4
DA:26,4
DA:27,4
DA:28,4
DA:29,4
DA:30,4
DA:31,4
DA:32,4
DA:33,4
DA:34,4
DA:45,1
DA:46,12
DA:47,12
DA:48,12
DA:51,12
DA:53,12
DA:54,6
DA:58,6
DA:60,6
DA:63,6
DA:65,6
DA:66,2
DA:69,4
DA:79,1
DA:80,10
DA:90,1
DA:91,4
DA:92,1
DA:95,3
DA:97,3
DA:98,9
DA:99,9
DA:102,3
DA:105,3
DA:108,3
DA:110,3
DA:111,2
DA:114,1
DA:124,1
DA:125,0
DA:126,0
DA:129,0
DA:130,0
DA:131,0
DA:133,0
DA:134,0
DA:135,0
DA:138,0
DA:140,0
DA:142,0
DA:143,0
DA:144,0
DA:145,0
DA:146,0
DA:149,0
DA:150,0
DA:151,0
DA:152,0
DA:155,0
DA:156,0
DA:157,0
DA:158,0
DA:159,0
DA:160,0
DA:162,0
DA:163,0
DA:164,0
DA:165,0
DA:166,0
DA:167,0
DA:168,0
DA:171,0
DA:174,0
DA:175,0
DA:176,0
DA:180,0
DA:191,1
DA:192,10
DA:203,1
DA:204,7
DA:207,1
DA:216,1
DA:217,4
DA:218,4
DA:219,1
DA:220,1
DA:223,3
DA:225,3
DA:227,3
DA:228,3
DA:229,3
DA:230,11
DA:231,11
DA:232,11
DA:233,1
DA:234,1
DA:237,10
DA:238,1
DA:254,1
DA:255,14
DA:256,14
DA:257,13
DA:259,1
DA:270,1
DA:271,0
DA:272,0
DA:273,0
DA:275,0
DA:276,0
DA:277,0
DA:278,0
DA:279,0
DA:280,0
DA:282,0
DA:283,0
DA:284,0
DA:285,0
DA:286,0
DA:290,0
DA:291,0
DA:294,0
DA:295,0
DA:296,0
DA:299,0
DA:300,0
DA:301,0
DA:302,0
DA:305,0
DA:306,0
DA:307,0
DA:310,0
DA:321,1
DA:322,18
DA:323,1
DA:324,1
DA:327,17
DA:329,17
DA:330,4
DA:333,17
DA:334,7
DA:337,17
DA:347,1
DA:348,22
DA:349,1
DA:352,21
DA:356,21
DA:358,15
DA:359,15
DA:366,21
DA:367,21
DA:368,4
DA:369,4
DA:370,4
DA:371,4
DA:379,21
DA:380,21
DA:381,7
DA:387,21
DA:399,1
DA:400,21
DA:401,2
DA:404,19
DA:405,19
DA:406,23
DA:407,23
DA:408,23
DA:409,23
DA:410,15
DA:411,15
DA:412,8
DA:416,15
DA:417,8
DA:418,8
DA:419,8
DA:420,8
DA:421,8
DA:422,2
DA:427,9
DA:437,1
DA:438,15
DA:439,15
DA:441,15
DA:450,1
DA:451,31
DA:452,1
DA:455,30
DA:456,30
DA:457,30
DA:465,1
DA:466,1
DA:469,1
DA:474,1
DA:475,11
DA:476,161
DA:477,1
DA:481,10
DA:484,1
LF:202
LH:138
BRDA:53,1,0,6
BRDA:53,1,1,6
BRDA:65,2,0,2
BRDA:65,2,1,4
BRDA:91,3,0,1
BRDA:91,3,1,3
BRDA:110,4,0,2
BRDA:110,4,1,1
BRDA:125,5,0,0
BRDA:125,5,1,0
BRDA:133,6,0,0
BRDA:133,6,1,0
BRDA:145,7,0,0
BRDA:145,7,1,0
BRDA:150,8,0,0
BRDA:150,8,1,0
BRDA:158,9,0,0
BRDA:158,9,1,0
BRDA:159,10,0,0
BRDA:159,10,1,0
BRDA:163,11,0,0
BRDA:163,11,1,0
BRDA:163,12,0,0
BRDA:163,12,1,0
BRDA:166,13,0,0
BRDA:166,13,1,0
BRDA:175,14,0,0
BRDA:175,14,1,0
BRDA:218,15,0,1
BRDA:218,15,1,3
BRDA:227,16,0,3
BRDA:227,16,1,0
BRDA:230,17,0,11
BRDA:230,17,1,0
BRDA:232,18,0,1
BRDA:232,18,1,10
BRDA:256,19,0,13
BRDA:256,19,1,1
BRDA:282,20,0,0
BRDA:282,20,1,0
BRDA:282,21,0,0
BRDA:282,21,1,0
BRDA:284,22,0,0
BRDA:284,22,1,0
BRDA:290,23,0,0
BRDA:290,23,1,0
BRDA:295,24,0,0
BRDA:295,24,1,0
BRDA:299,25,0,0
BRDA:299,25,1,0
BRDA:301,26,0,0
BRDA:301,26,1,0
BRDA:322,27,0,1
BRDA:322,27,1,17
BRDA:322,28,0,18
BRDA:322,28,1,8
BRDA:329,29,0,4
BRDA:329,29,1,13
BRDA:333,30,0,7
BRDA:333,30,1,10
BRDA:348,31,0,1
BRDA:348,31,1,21
BRDA:348,32,0,22
BRDA:348,32,1,10
BRDA:356,33,0,15
BRDA:356,33,1,6
BRDA:356,34,0,21
BRDA:356,34,1,9
BRDA:356,34,2,9
BRDA:358,35,0,15
BRDA:358,35,1,0
BRDA:367,36,0,4
BRDA:367,36,1,17
BRDA:369,37,0,4
BRDA:369,37,1,0
BRDA:400,38,0,2
BRDA:400,38,1,19
BRDA:400,39,0,21
BRDA:400,39,1,21
BRDA:409,40,0,15
BRDA:409,40,1,8
BRDA:411,41,0,8
BRDA:411,41,1,7
BRDA:416,42,0,8
BRDA:416,42,1,7
BRDA:418,43,0,8
BRDA:418,43,1,0
BRDA:419,44,0,8
BRDA:419,44,1,0
BRDA:421,45,0,2
BRDA:421,45,1,6
BRDA:451,46,0,1
BRDA:451,46,1,30
BRDA:451,47,0,31
BRDA:451,47,1,16
BRDA:476,48,0,1
BRDA:476,48,1,160
BRF:97
BRH:57
end_of_record
TN:
SF:/Users/justin/Documents/Projects/bearcatjs/lib/util/modelUtil.js
FN:27,(anonymous_1)
FNF:1
FNH:1
FNDA:15,(anonymous_1)
DA:14,1
DA:15,1
DA:16,1
DA:17,1
DA:27,1
DA:28,15
DA:29,1
DA:32,14
DA:33,14
DA:34,14
DA:35,14
DA:36,14
DA:37,14
DA:38,66
DA:39,66
DA:40,66
DA:42,66
DA:43,66
DA:44,66
DA:45,66
DA:47,66
DA:49,66
DA:50,10
DA:53,66
DA:54,66
DA:55,2
DA:58,66
DA:59,2
DA:63,14
DA:71,1
LF:30
LH:30
BRDA:28,1,0,1
BRDA:28,1,1,14
BRDA:49,2,0,10
BRDA:49,2,1,56
BRDA:54,3,0,2
BRDA:54,3,1,64
BRDA:58,4,0,2
BRDA:58,4,1,64
BRF:8
BRH:8
end_of_record
TN:
SF:/Users/justin/Documents/Projects/bearcatjs/lib/model/modelAttribute.js
FN:23,(anonymous_1)
FN:42,(anonymous_2)
FN:76,(anonymous_3)
FN:103,(anonymous_4)
FN:248,(anonymous_5)
FN:258,(anonymous_6)
FN:268,(anonymous_7)
FN:278,(anonymous_8)
FN:288,(anonymous_9)
FN:298,(anonymous_10)
FN:308,(anonymous_11)
FN:318,(anonymous_12)
FN:328,(anonymous_13)
FN:338,(anonymous_14)
FN:348,(anonymous_15)
FN:358,(anonymous_16)
FN:368,(anonymous_17)
FN:378,(anonymous_18)
FN:388,(anonymous_19)
FN:398,(anonymous_20)
FN:408,(anonymous_21)
FN:418,(anonymous_22)
FNF:22
FNH:20
FNDA:67,(anonymous_1)
FNDA:22,(anonymous_2)
FNDA:23,(anonymous_3)
FNDA:76,(anonymous_4)
FNDA:66,(anonymous_5)
FNDA:1,(anonymous_6)
FNDA:0,(anonymous_7)
FNDA:196,(anonymous_8)
FNDA:66,(anonymous_9)
FNDA:131,(anonymous_10)
FNDA:1,(anonymous_11)
FNDA:213,(anonymous_12)
FNDA:1,(anonymous_13)
FNDA:1,(anonymous_14)
FNDA:1,(anonymous_15)
FNDA:16,(anonymous_16)
FNDA:0,(anonymous_17)
FNDA:130,(anonymous_18)
FNDA:1,(anonymous_19)
FNDA:66,(anonymous_20)
FNDA:18,(anonymous_21)
FNDA:80,(anonymous_22)
DA:14,1
DA:15,1
DA:16,1
DA:23,1
DA:24,67
DA:25,67
DA:26,67
DA:27,67
DA:28,67
DA:29,67
DA:30,67
DA:31,67
DA:32,67
DA:42,1
DA:43,22
DA:44,0
DA:47,22
DA:48,22
DA:49,5
DA:52,17
DA:53,17
DA:54,17
DA:56,17
DA:57,17
DA:58,17
DA:59,17
DA:60,17
DA:61,3
DA:66,14
DA:76,1
DA:77,23
DA:78,23
DA:79,1
DA:82,22
DA:84,22
DA:86,22
DA:88,22
DA:89,5
DA:90,5
DA:93,17
DA:103,1
DA:104,76
DA:105,1
DA:108,75
DA:110,75
DA:111,75
DA:112,1
DA:115,74
DA:117,74
DA:119,74
DA:120,120
DA:121,120
DA:122,120
DA:123,120
DA:125,120
DA:128,120
DA:129,2
DA:133,118
DA:134,8
DA:135,8
DA:139,110
DA:140,2
DA:141,2
DA:144,108
DA:146,108
DA:147,80
DA:148,80
DA:150,80
DA:151,80
DA:152,80
DA:153,78
DA:154,64
DA:157,78
DA:158,78
DA:162,2
DA:170,30
DA:172,30
DA:173,18
DA:175,18
DA:176,2
DA:179,16
DA:180,16
DA:185,16
DA:186,16
DA:187,4
DA:190,12
DA:191,12
DA:193,12
DA:194,12
DA:195,12
DA:197,12
DA:198,2
DA:201,10
DA:202,2
DA:205,8
DA:212,24
DA:213,10
DA:216,24
DA:217,24
DA:218,6
DA:221,18
DA:223,18
DA:224,18
DA:225,8
DA:228,18
DA:229,18
DA:230,4
DA:231,4
DA:232,4
DA:233,4
DA:234,4
DA:238,18
DA:248,1
DA:249,66
DA:258,1
DA:259,1
DA:268,1
DA:269,0
DA:278,1
DA:279,196
DA:288,1
DA:289,66
DA:298,1
DA:299,131
DA:308,1
DA:309,1
DA:318,1
DA:319,213
DA:328,1
DA:329,1
DA:338,1
DA:339,1
DA:348,1
DA:349,1
DA:358,1
DA:359,16
DA:368,1
DA:369,0
DA:378,1
DA:379,130
DA:388,1
DA:389,1
DA:398,1
DA:399,66
DA:408,1
DA:409,18
DA:418,1
DA:419,80
DA:420,80
DA:421,130
DA:422,78
DA:426,2
DA:429,1
LF:153
LH:150
BRDA:43,1,0,0
BRDA:43,1,1,22
BRDA:48,2,0,5
BRDA:48,2,1,17
BRDA:58,3,0,17
BRDA:58,3,1,0
BRDA:58,4,0,17
BRDA:58,4,1,17
BRDA:60,5,0,3
BRDA:60,5,1,14
BRDA:78,6,0,1
BRDA:78,6,1,22
BRDA:88,7,0,5
BRDA:88,7,1,17
BRDA:104,8,0,1
BRDA:104,8,1,75
BRDA:111,9,0,1
BRDA:111,9,1,74
BRDA:128,10,0,2
BRDA:128,10,1,118
BRDA:133,11,0,8
BRDA:133,11,1,110
BRDA:139,12,0,2
BRDA:139,12,1,108
BRDA:146,13,0,80
BRDA:146,13,1,28
BRDA:150,14,0,80
BRDA:150,14,1,0
BRDA:152,15,0,78
BRDA:152,15,1,2
BRDA:153,16,0,64
BRDA:153,16,1,14
BRDA:172,17,0,18
BRDA:172,17,1,12
BRDA:175,18,0,2
BRDA:175,18,1,16
BRDA:186,19,0,4
BRDA:186,19,1,12
BRDA:197,20,0,2
BRDA:197,20,1,10
BRDA:201,21,0,2
BRDA:201,21,1,8
BRDA:201,22,0,10
BRDA:201,22,1,10
BRDA:212,23,0,10
BRDA:212,23,1,14
BRDA:217,24,0,6
BRDA:217,24,1,18
BRDA:224,25,0,8
BRDA:224,25,1,10
BRDA:229,26,0,4
BRDA:229,26,1,14
BRDA:421,27,0,78
BRDA:421,27,1,52
BRF:54
BRH:51
end_of_record
TN:
SF:/Users/justin/Documents/Projects/bearcatjs/lib/bearcat.js
FN:22,(anonymous_1)
FN:68,(anonymous_2)
FN:102,(anonymous_3)
FN:104,(anonymous_4)
FN:133,(anonymous_5)
FN:140,(anonymous_6)
FN:153,(anonymous_7)
FN:169,(anonymous_8)
FN:184,(anonymous_9)
FN:206,(anonymous_10)
FN:228,(anonymous_11)
FN:248,(anonymous_12)
FN:271,(anonymous_13)
FN:296,(anonymous_14)
FN:317,(anonymous_15)
FN:350,(anonymous_16)
FN:386,(anonymous_17)
FN:409,(anonymous_18)
FN:433,(anonymous_19)
FNF:19
FNH:14
FNDA:1,(anonymous_1)
FNDA:11,(anonymous_2)
FNDA:8,(anonymous_3)
FNDA:1,(anonymous_4)
FNDA:6,(anonymous_5)
FNDA:0,(anonymous_6)
FNDA:13,(anonymous_7)
FNDA:2,(anonymous_8)
FNDA:2,(anonymous_9)
FNDA:2,(anonymous_10)
FNDA:2,(anonymous_11)
FNDA:0,(anonymous_12)
FNDA:0,(anonymous_13)
FNDA:0,(anonymous_14)
FNDA:0,(anonymous_15)
FNDA:8,(anonymous_16)
FNDA:2,(anonymous_17)
FNDA:6,(anonymous_18)
FNDA:3,(anonymous_19)
DA:14,1
DA:15,1
DA:16,1
DA:17,1
DA:18,1
DA:19,1
DA:21,1
DA:22,1
DA:23,1
DA:29,1
DA:30,1
DA:31,1
DA:32,1
DA:38,1
DA:47,1
DA:68,1
DA:69,11
DA:70,1
DA:73,11
DA:74,2
DA:75,2
DA:78,11
DA:79,11
DA:81,11
DA:82,1
DA:83,1
DA:86,11
DA:87,1
DA:90,11
DA:92,11
DA:93,11
DA:102,1
DA:103,8
DA:104,1
DA:107,8
DA:108,1
DA:109,1
DA:112,7
DA:113,1
DA:114,1
DA:117,6
DA:118,6
DA:119,6
DA:121,6
DA:123,6
DA:124,0
DA:125,0
DA:128,6
DA:129,0
DA:130,0
DA:133,6
DA:134,6
DA:135,6
DA:136,6
DA:137,6
DA:140,6
DA:141,0
DA:144,6
DA:153,1
DA:154,13
DA:155,11
DA:157,13
DA:158,13
DA:159,13
DA:160,13
DA:169,1
DA:170,2
DA:171,1
DA:172,1
DA:175,1
DA:184,1
DA:185,2
DA:186,1
DA:187,1
DA:190,1
DA:206,1
DA:207,2
DA:208,1
DA:209,1
DA:212,1
DA:228,1
DA:229,2
DA:230,1
DA:231,1
DA:234,1
DA:248,1
DA:249,0
DA:250,0
DA:253,0
DA:254,0
DA:271,1
DA:272,0
DA:273,0
DA:276,0
DA:277,0
DA:296,1
DA:297,0
DA:298,0
DA:300,0
DA:317,1
DA:318,0
DA:319,0
DA:321,0
DA:350,1
DA:351,8
DA:352,1
DA:353,1
DA:356,7
DA:357,7
DA:358,7
DA:359,1
DA:360,6
DA:361,3
DA:362,3
DA:363,2
DA:365,1
DA:366,1
DA:369,6
DA:386,1
DA:387,2
DA:388,1
DA:389,1
DA:392,1
DA:409,1
DA:410,6
DA:411,2
DA:412,2
DA:415,4
DA:433,1
DA:434,3
DA:435,2
DA:438,1
DA:439,1
DA:442,1
LF:134
LH:115
BRDA:69,1,0,1
BRDA:69,1,1,10
BRDA:73,2,0,2
BRDA:73,2,1,9
BRDA:73,3,0,11
BRDA:73,3,1,2
BRDA:78,4,0,11
BRDA:78,4,1,8
BRDA:79,5,0,11
BRDA:79,5,1,0
BRDA:81,6,0,1
BRDA:81,6,1,10
BRDA:86,7,0,1
BRDA:86,7,1,10
BRDA:103,8,0,1
BRDA:103,8,1,7
BRDA:107,9,0,1
BRDA:107,9,1,7
BRDA:112,10,0,1
BRDA:112,10,1,6
BRDA:123,11,0,0
BRDA:123,11,1,6
BRDA:128,12,0,0
BRDA:128,12,1,6
BRDA:154,13,0,11
BRDA:154,13,1,2
BRDA:170,14,0,1
BRDA:170,14,1,1
BRDA:185,15,0,1
BRDA:185,15,1,1
BRDA:207,16,0,1
BRDA:207,16,1,1
BRDA:229,17,0,1
BRDA:229,17,1,1
BRDA:249,18,0,0
BRDA:249,18,1,0
BRDA:253,19,0,0
BRDA:253,19,1,0
BRDA:272,20,0,0
BRDA:272,20,1,0
BRDA:276,21,0,0
BRDA:276,21,1,0
BRDA:297,22,0,0
BRDA:297,22,1,0
BRDA:318,23,0,0
BRDA:318,23,1,0
BRDA:351,24,0,1
BRDA:351,24,1,7
BRDA:358,25,0,1
BRDA:358,25,1,6
BRDA:360,26,0,3
BRDA:360,26,1,3
BRDA:362,27,0,2
BRDA:362,27,1,1
BRDA:387,28,0,1
BRDA:387,28,1,1
BRDA:410,29,0,2
BRDA:410,29,1,4
BRDA:434,30,0,2
BRDA:434,30,1,1
BRF:60
BRH:45
end_of_record
TN:
SF:/Users/justin/Documents/Projects/bearcatjs/lib/model/constraints/max.js
FN:22,(anonymous_1)
FN:36,(anonymous_2)
FNF:2
FNH:1
FNDA:61,(anonymous_1)
FNDA:0,(anonymous_2)
DA:14,1
DA:15,1
DA:22,1
DA:23,61
DA:24,61
DA:25,61
DA:36,1
DA:37,0
DA:38,0
DA:40,0
DA:41,0
DA:42,0
DA:45,0
DA:46,0
DA:49,0
DA:50,0
DA:54,1
LF:17
LH:8
BRDA:40,1,0,0
BRDA:40,1,1,0
BRDA:45,2,0,0
BRDA:45,2,1,0
BRDA:49,3,0,0
BRDA:49,3,1,0
BRF:6
BRH:0
end_of_record
TN:
SF:/Users/justin/Documents/Projects/bearcatjs/lib/model/constraints/min.js
FN:22,(anonymous_1)
FN:36,(anonymous_2)
FNF:2
FNH:1
FNDA:61,(anonymous_1)
FNDA:0,(anonymous_2)
DA:14,1
DA:15,1
DA:22,1
DA:23,61
DA:24,61
DA:25,61
DA:36,1
DA:37,0
DA:38,0
DA:40,0
DA:41,0
DA:42,0
DA:45,0
DA:46,0
DA:49,0
DA:50,0
DA:54,1
LF:17
LH:8
BRDA:40,1,0,0
BRDA:40,1,1,0
BRDA:45,2,0,0
BRDA:45,2,1,0
BRDA:49,3,0,0
BRDA:49,3,1,0
BRF:6
BRH:0
end_of_record
TN:
SF:/Users/justin/Documents/Projects/bearcatjs/lib/model/constraints/notNull.js
FN:22,(anonymous_1)
FN:35,(anonymous_2)
FNF:2
FNH:2
FNDA:63,(anonymous_1)
FNDA:13,(anonymous_2)
DA:14,1
DA:15,1
DA:22,1
DA:23,63
DA:24,63
DA:35,1
DA:36,13
DA:37,13
DA:38,0
DA:42,1
LF:10
LH:9
BRDA:37,1,0,0
BRDA:37,1,1,13
BRF:2
BRH:1
end_of_record
TN:
SF:/Users/justin/Documents/Projects/bearcatjs/lib/model/constraints/null.js
FN:22,(anonymous_1)
FN:35,(anonymous_2)
FNF:2
FNH:1
FNDA:61,(anonymous_1)
FNDA:0,(anonymous_2)
DA:14,1
DA:15,1
DA:22,1
DA:23,61
DA:24,61
DA:35,1
DA:36,0
DA:37,0
DA:38,0
DA:42,1
LF:10
LH:7
BRDA:37,1,0,0
BRDA:37,1,1,0
BRF:2
BRH:0
end_of_record
TN:
SF:/Users/justin/Documents/Projects/bearcatjs/lib/model/constraints/pattern.js
FN:22,(anonymous_1)
FN:36,(anonymous_2)
FNF:2
FNH:1
FNDA:61,(anonymous_1)
FNDA:0,(anonymous_2)
DA:14,1
DA:15,1
DA:22,1
DA:23,61
DA:24,61
DA:25,61
DA:36,1
DA:37,0
DA:38,0
DA:40,0
DA:41,0
DA:44,0
DA:46,0
DA:47,0
DA:51,1
LF:15
LH:8
BRDA:40,1,0,0
BRDA:40,1,1,0
BRDA:40,2,0,0
BRDA:40,2,1,0
BRDA:46,3,0,0
BRDA:46,3,1,0
BRF:6
BRH:0
end_of_record
TN:
SF:/Users/justin/Documents/Projects/bearcatjs/lib/model/constraints/size.js
FN:22,(anonymous_1)
FN:38,(anonymous_2)
FNF:2
FNH:1
FNDA:61,(anonymous_1)
FNDA:0,(anonymous_2)
DA:14,1
DA:15,1
DA:22,1
DA:23,61
DA:24,61
DA:25,61
DA:26,61
DA:27,61
DA:38,1
DA:39,0
DA:40,0
DA:43,0
DA:44,0
DA:46,0
DA:47,0
DA:48,0
DA:52,0
DA:53,0
DA:55,0
DA:56,0
DA:57,0
DA:62,1
LF:22
LH:10
BRDA:39,1,0,0
BRDA:39,1,1,0
BRDA:46,2,0,0
BRDA:46,2,1,0
BRDA:47,3,0,0
BRDA:47,3,1,0
BRDA:55,4,0,0
BRDA:55,4,1,0
BRDA:56,5,0,0
BRDA:56,5,1,0
BRF:10
BRH:0
end_of_record
